 
****************************************
Report : reference
Design : seq_mod3_detector
Version: L-2016.03-SP1
Date   : Mon Oct 25 22:30:14 2021
****************************************

Attributes:
    b - black box (unknown)
   bo - allows boundary optimization
    d - dont_touch
   mo - map_only
    h - hierarchical
    n - noncombinational
    r - removable
    s - synthetic operator
    u - contains unmapped logic

Reference          Library       Unit Area   Count    Total Area   Attributes
-----------------------------------------------------------------------------
AO33D1BWP7T35P140  tcbn28hpcplusbwp7t35p140ssg0p81v125c_ccs
                                  0.784000       1      0.784000  
AOI221D1BWP7T35P140
                   tcbn28hpcplusbwp7t35p140ssg0p81v125c_ccs
                                  0.686000       2      1.372000  
DFCND1BWP7T35P140  tcbn28hpcplusbwp7t35p140ssg0p81v125c_ccs
                                  1.960000       1      1.960000  n
DFCNQD1BWP7T35P140 tcbn28hpcplusbwp7t35p140ssg0p81v125c_ccs
                                  1.862000       2      3.724000  n
INVD1BWP7T35P140   tcbn28hpcplusbwp7t35p140ssg0p81v125c_ccs
                                  0.196000       4      0.784000  
-----------------------------------------------------------------------------
Total 5 references                                      8.624000
1
