 
****************************************
Report : clock_gating
        -gated
        -verbose
Design : seq_mod3_detector
Version: L-2016.03-SP1
Date   : Mon Oct 25 22:30:14 2021
****************************************


 Information:  No Gated Register Found


                             Clock Gating Summary
          ------------------------------------------------------------
          |    Number of Clock gating elements    |        0         |
          |                                       |                  |
          |    Number of Gated registers          |     0 (0.00%)    |
          |                                       |                  |
          |    Number of Ungated registers        |     3 (100.00%)  |
          |                                       |                  |
          |    Total number of registers          |        3         |
          ------------------------------------------------------------



1
