 
****************************************
Report : power
        -hier
        -analysis_effort low
Design : cal_phase
Version: L-2016.03-SP1
Date   : Tue Oct 26 22:11:05 2021
****************************************


Library(s) Used:

    ssc_core_slow (File: /root/lib/18um/Technology/TSMC/core/synopsys/db/nopower/core_slow.db)

Information: The cells in your design are not characterized for internal power. (PWR-229)

Operating Conditions: slow_125_1.62   Library: ssc_core_slow
Wire Load Model Mode: enclosed

Design        Wire Load Model            Library
------------------------------------------------
cal_phase              5KGATES           ssc_core_slow
cal_vn                 5KGATES           ssc_core_slow
dotVn                  5KGATES           ssc_core_slow
cordic_int             5KGATES           ssc_core_slow
FloorAndWrap_7         5KGATES           ssc_core_slow
FloorAndWrap_6         5KGATES           ssc_core_slow
FloorAndWrap_5         5KGATES           ssc_core_slow
FloorAndWrap_4         5KGATES           ssc_core_slow
FloorAndWrap_3         5KGATES           ssc_core_slow
FloorAndWrap_2         5KGATES           ssc_core_slow
FloorAndWrap_1         5KGATES           ssc_core_slow
FloorAndWrap_0         5KGATES           ssc_core_slow
SNPS_CLOCK_GATE_HIGH_cal_vn_0
                       5KGATES           ssc_core_slow
SNPS_CLOCK_GATE_HIGH_cal_vn_1
                       5KGATES           ssc_core_slow
s_table                5KGATES           ssc_core_slow
FloorAndWrap_8_1       5KGATES           ssc_core_slow
FloorAndWrap_8_0       5KGATES           ssc_core_slow
SNPS_CLOCK_GATE_HIGH_dotVn
                       5KGATES           ssc_core_slow
SNPS_CLOCK_GATE_HIGH_cordic_int_0
                       5KGATES           ssc_core_slow
SNPS_CLOCK_GATE_HIGH_cordic_int_2
                       5KGATES           ssc_core_slow
SNPS_CLOCK_GATE_HIGH_cordic_int_1
                       5KGATES           ssc_core_slow


Global Operating Voltage = 1.62 
Power-specific unit information :
    Voltage Units = 1V
    Capacitance Units = 1.000000pf
    Time Units = 1ns
    Dynamic Power Units = 1mW    (derived from V,C,T units)
    Leakage Power Units = Unitless


--------------------------------------------------------------------------------
                                       Switch   Int      Leak     Total
Hierarchy                              Power    Power    Power    Power    %
--------------------------------------------------------------------------------
cal_phase                                 0.467    0.000    0.000    0.467 100.0
  cordic (cordic_int)                  6.77e-02    0.000    0.000 6.77e-02  14.5
  dot (dotVn)                             0.153    0.000    0.000    0.153  32.6
    FloorWrap2 (FloorAndWrap_8_0)      2.14e-03    0.000    0.000 2.14e-03   0.5
    FloorWrap1 (FloorAndWrap_8_1)      2.48e-03    0.000    0.000 2.48e-03   0.5
    table_1 (s_table)                  9.32e-02    0.000    0.000 9.32e-02  19.9
  calvn (cal_vn)                          0.217    0.000    0.000    0.217  46.4
    FloorWrap_7 (FloorAndWrap_0)       1.92e-03    0.000    0.000 1.92e-03   0.4
    FloorWrap_6 (FloorAndWrap_1)       1.91e-03    0.000    0.000 1.91e-03   0.4
    FloorWrap_5 (FloorAndWrap_2)       1.91e-03    0.000    0.000 1.91e-03   0.4
    FloorWrap_4 (FloorAndWrap_3)       1.93e-03    0.000    0.000 1.93e-03   0.4
    FloorWrap_3 (FloorAndWrap_4)       1.92e-03    0.000    0.000 1.92e-03   0.4
    FloorWrap_2 (FloorAndWrap_5)       1.90e-03    0.000    0.000 1.90e-03   0.4
    FloorWrap_1 (FloorAndWrap_6)       1.92e-03    0.000    0.000 1.92e-03   0.4
    FloorWrap_0 (FloorAndWrap_7)       1.93e-03    0.000    0.000 1.93e-03   0.4
1
