Information: Updating design information... (UID-85)
 
****************************************
Report : constraint
        -all_violators
Design : cal_phase
Version: L-2016.03-SP1
Date   : Tue Oct 26 22:11:04 2021
****************************************


   min_delay/hold ('clk' group)

                             Required        Actual
   Endpoint                 Path Delay     Path Delay        Slack
   -----------------------------------------------------------------
   calvn/clk_gate_SumXinReg_reg/main_gate/A
                                3.00           2.33 f        -0.67  (VIOLATED)
   calvn/clk_gate_VnReg_4_reg/main_gate/A
                                3.00           2.33 f        -0.67  (VIOLATED)
   cordic/clk_gate_nozero_flg_reg/main_gate/A
                                3.00           2.33 f        -0.67  (VIOLATED)
   cordic/clk_gate_res_rg_reg/main_gate/A
                                3.00           2.33 f        -0.67  (VIOLATED)
   cordic/clk_gate_xn_reg/main_gate/A
                                3.00           2.33 f        -0.67  (VIOLATED)
   dot/clk_gate_mac_cnt_reg/main_gate/A
                                3.00           2.33 f        -0.67  (VIOLATED)
   dot/clk_gate_mac_cnt_reg/latch/D
                                3.37           2.71 f        -0.67  (VIOLATED)
   cordic/clk_gate_nozero_flg_reg/latch/D
                                3.37           2.73 f        -0.64  (VIOLATED)
   calvn/clk_gate_VnReg_4_reg/latch/D
                                3.37           2.73 f        -0.64  (VIOLATED)
   calvn/in_vld_dly2_reg/D      3.36           2.73 f        -0.62  (VIOLATED)
   cordic/cal_en_reg/D          3.49           2.88 f        -0.61  (VIOLATED)
   dot/mac_cnt_reg_0_/D         3.50           2.90 r        -0.61  (VIOLATED)
   dot/mac_en_reg/D             3.49           2.98 f        -0.51  (VIOLATED)
   cordic/clk_gate_res_rg_reg/latch/D
                                3.37           2.87 f        -0.50  (VIOLATED)
   cordic/cal_cnt_reg_0_/D      3.49           3.05 f        -0.44  (VIOLATED)
   cordic/xn_reg_16_/D          3.49           3.14 r        -0.35  (VIOLATED)
   cordic/xn_reg_17_/D          3.49           3.14 r        -0.35  (VIOLATED)
   cordic/xn_reg_18_/D          3.49           3.14 r        -0.35  (VIOLATED)
   cordic/yn_reg_4_/D           3.49           3.14 r        -0.34  (VIOLATED)
   cordic/yn_reg_9_/D           3.49           3.14 r        -0.34  (VIOLATED)
   cordic/yn_reg_18_/D          3.49           3.14 r        -0.34  (VIOLATED)
   cordic/xn_reg_4_/D           3.49           3.16 r        -0.33  (VIOLATED)
   cordic/xn_reg_5_/D           3.49           3.16 r        -0.33  (VIOLATED)
   cordic/xn_reg_6_/D           3.49           3.16 r        -0.33  (VIOLATED)
   cordic/xn_reg_7_/D           3.49           3.16 r        -0.33  (VIOLATED)
   cordic/xn_reg_8_/D           3.49           3.16 r        -0.33  (VIOLATED)
   cordic/yn_reg_6_/D           3.49           3.19 f        -0.30  (VIOLATED)
   cordic/yn_reg_8_/D           3.49           3.19 f        -0.30  (VIOLATED)
   cordic/yn_reg_10_/D          3.49           3.19 f        -0.30  (VIOLATED)
   cordic/yn_reg_12_/D          3.49           3.19 f        -0.30  (VIOLATED)
   cordic/yn_reg_13_/D          3.49           3.19 f        -0.30  (VIOLATED)
   cordic/yn_reg_5_/D           3.49           3.19 f        -0.30  (VIOLATED)
   cordic/yn_reg_7_/D           3.49           3.19 f        -0.30  (VIOLATED)
   cordic/yn_reg_11_/D          3.49           3.19 f        -0.30  (VIOLATED)
   dot/mac_cnt_reg_2_/D         3.51           3.21 f        -0.29  (VIOLATED)
   dot/psum2_reg_1_/D           3.49           3.20 r        -0.29  (VIOLATED)
   cordic/xn_reg_9_/D           3.49           3.21 f        -0.28  (VIOLATED)
   cordic/xn_reg_11_/D          3.49           3.21 f        -0.28  (VIOLATED)
   cordic/xn_reg_13_/D          3.49           3.21 f        -0.28  (VIOLATED)
   cordic/xn_reg_15_/D          3.49           3.21 f        -0.28  (VIOLATED)
   cordic/xn_reg_10_/D          3.49           3.21 f        -0.28  (VIOLATED)
   cordic/xn_reg_12_/D          3.49           3.21 f        -0.28  (VIOLATED)
   cordic/xn_reg_14_/D          3.49           3.21 f        -0.28  (VIOLATED)
   cordic/yn_reg_21_/D          3.49           3.22 f        -0.28  (VIOLATED)
   cordic/yn_reg_19_/D          3.49           3.22 f        -0.27  (VIOLATED)
   cordic/yn_reg_20_/D          3.49           3.22 f        -0.27  (VIOLATED)
   cordic/yn_reg_17_/D          3.49           3.22 r        -0.26  (VIOLATED)
   cordic/yn_reg_14_/D          3.49           3.23 f        -0.26  (VIOLATED)
   cordic/clk_gate_xn_reg/latch/D
                                3.37           3.12 r        -0.25  (VIOLATED)
   cordic/xn_reg_21_/D          3.49           3.24 r        -0.25  (VIOLATED)
   cordic/nozero_flg_reg/D      3.49           3.27 f        -0.22  (VIOLATED)
   cordic/yn_reg_15_/D          3.49           3.27 r        -0.22  (VIOLATED)
   cordic/yn_reg_16_/D          3.49           3.27 r        -0.22  (VIOLATED)
   cordic/res_rg_reg_6_/D       3.49           3.28 f        -0.21  (VIOLATED)
   cordic/cal_cnt_reg_1_/D      3.49           3.36 f        -0.13  (VIOLATED)
   dot/psum2_reg_9_/D           3.49           3.37 r        -0.12  (VIOLATED)
   dot/psum2_reg_13_/D          3.49           3.37 r        -0.12  (VIOLATED)
   dot/psum2_reg_14_/D          3.49           3.37 r        -0.12  (VIOLATED)
   dot/finish_reg/D             3.34           3.22 f        -0.12  (VIOLATED)
   dot/psum2_reg_2_/D           3.49           3.38 r        -0.11  (VIOLATED)
   dot/psum2_reg_3_/D           3.49           3.38 r        -0.11  (VIOLATED)
   dot/psum2_reg_4_/D           3.49           3.38 r        -0.11  (VIOLATED)
   dot/psum2_reg_5_/D           3.49           3.38 r        -0.11  (VIOLATED)
   dot/psum2_reg_6_/D           3.49           3.38 r        -0.11  (VIOLATED)
   dot/psum1_reg_2_/D           3.49           3.41 r        -0.08  (VIOLATED)
   dot/psum1_reg_1_/D           3.49           3.42 r        -0.07  (VIOLATED)
   dot/psum2_reg_17_/D          3.49           3.43 f        -0.06  (VIOLATED)
   dot/mac_cnt_reg_1_/D         3.49           3.43 f        -0.06  (VIOLATED)
   cordic/res_rg_reg_1_/D       3.49           3.43 f        -0.06  (VIOLATED)
   cordic/res_rg_reg_5_/D       3.49           3.43 r        -0.06  (VIOLATED)
   cordic/res_rg_reg_2_/D       3.49           3.45 f        -0.04  (VIOLATED)
   cordic/res_rg_reg_3_/D       3.49           3.45 f        -0.04  (VIOLATED)
   cordic/res_rg_reg_4_/D       3.49           3.45 f        -0.04  (VIOLATED)
   dot/psum2_reg_7_/D           3.49           3.46 f        -0.03  (VIOLATED)
   dot/psum2_reg_10_/D          3.49           3.46 f        -0.03  (VIOLATED)
   dot/psum2_reg_18_/D          3.50           3.47 r        -0.03  (VIOLATED)
   calvn/VnReg_0_reg_1_/D       3.49           3.48 f        -0.01  (VIOLATED)
   calvn/VnReg_0_reg_2_/D       3.49           3.48 f        -0.01  (VIOLATED)
   calvn/VnReg_0_reg_3_/D       3.49           3.48 f        -0.01  (VIOLATED)
   calvn/VnReg_0_reg_4_/D       3.49           3.48 f        -0.01  (VIOLATED)
   calvn/VnReg_0_reg_5_/D       3.49           3.48 f        -0.01  (VIOLATED)
   calvn/VnReg_0_reg_6_/D       3.49           3.48 f        -0.01  (VIOLATED)
   cordic/xn_reg_3_/D           3.49           3.48 f        -0.01  (VIOLATED)
   dot/psum2_reg_15_/D          3.49           3.49 f         0.00  (VIOLATED: increase significant digits)
   dot/psum2_reg_8_/D           3.49           3.49 f         0.00  (VIOLATED: increase significant digits)
   dot/psum2_reg_11_/D          3.49           3.49 f         0.00  (VIOLATED: increase significant digits)


   max_transition

                             Required        Actual
   Net                      Transition     Transition        Slack
   -----------------------------------------------------------------
   en                           0.98           1.00          -0.02  (VIOLATED)
       PIN :   U2/A             0.98           1.00          -0.02  (VIOLATED)
       PIN :   calvn/in_vld_dly1_reg/E
                                0.98           1.00          -0.02  (VIOLATED)
       PIN :   calvn/U158/B     0.98           1.00          -0.02  (VIOLATED)
       PIN :   calvn/in_vld_dly2_reg/E
                                0.98           1.00          -0.02  (VIOLATED)
   resetn                       0.98           1.00          -0.02  (VIOLATED)
       PIN :   U80/A            0.98           1.00          -0.02  (VIOLATED)
   v_in_0[0]                    0.98           1.00          -0.02  (VIOLATED)
       PIN :   U1/A             0.98           1.00          -0.02  (VIOLATED)
   v_in_0[1]                    0.98           1.00          -0.02  (VIOLATED)
       PIN :   U3/A             0.98           1.00          -0.02  (VIOLATED)
   v_in_0[2]                    0.98           1.00          -0.02  (VIOLATED)
       PIN :   U23/A            0.98           1.00          -0.02  (VIOLATED)
   v_in_0[3]                    0.98           1.00          -0.02  (VIOLATED)
       PIN :   U20/A            0.98           1.00          -0.02  (VIOLATED)
   v_in_0[4]                    0.98           1.00          -0.02  (VIOLATED)
       PIN :   U19/A            0.98           1.00          -0.02  (VIOLATED)
   v_in_0[5]                    0.98           1.00          -0.02  (VIOLATED)
       PIN :   U17/A            0.98           1.00          -0.02  (VIOLATED)
   v_in_0[6]                    0.98           1.00          -0.02  (VIOLATED)
       PIN :   U14/A            0.98           1.00          -0.02  (VIOLATED)
   v_in_0[7]                    0.98           1.00          -0.02  (VIOLATED)
       PIN :   U11/A            0.98           1.00          -0.02  (VIOLATED)
   v_in_1[0]                    0.98           1.00          -0.02  (VIOLATED)
       PIN :   U77/A            0.98           1.00          -0.02  (VIOLATED)
   v_in_1[1]                    0.98           1.00          -0.02  (VIOLATED)
       PIN :   calvn/U57/A      0.98           1.00          -0.02  (VIOLATED)
   v_in_1[2]                    0.98           1.00          -0.02  (VIOLATED)
       PIN :   calvn/U50/A      0.98           1.00          -0.02  (VIOLATED)
   v_in_1[3]                    0.98           1.00          -0.02  (VIOLATED)
       PIN :   U36/A            0.98           1.00          -0.02  (VIOLATED)
   v_in_1[4]                    0.98           1.00          -0.02  (VIOLATED)
       PIN :   U34/A            0.98           1.00          -0.02  (VIOLATED)
   v_in_1[5]                    0.98           1.00          -0.02  (VIOLATED)
       PIN :   U32/A            0.98           1.00          -0.02  (VIOLATED)
   v_in_1[6]                    0.98           1.00          -0.02  (VIOLATED)
       PIN :   U29/A            0.98           1.00          -0.02  (VIOLATED)
   v_in_1[7]                    0.98           1.00          -0.02  (VIOLATED)
       PIN :   U27/A            0.98           1.00          -0.02  (VIOLATED)
   v_in_2[0]                    0.98           1.00          -0.02  (VIOLATED)
       PIN :   U75/A            0.98           1.00          -0.02  (VIOLATED)
   v_in_2[1]                    0.98           1.00          -0.02  (VIOLATED)
       PIN :   U62/A            0.98           1.00          -0.02  (VIOLATED)
   v_in_2[2]                    0.98           1.00          -0.02  (VIOLATED)
       PIN :   U47/A            0.98           1.00          -0.02  (VIOLATED)
   v_in_2[3]                    0.98           1.00          -0.02  (VIOLATED)
       PIN :   U44/A            0.98           1.00          -0.02  (VIOLATED)
   v_in_2[4]                    0.98           1.00          -0.02  (VIOLATED)
       PIN :   U26/A            0.98           1.00          -0.02  (VIOLATED)
   v_in_2[5]                    0.98           1.00          -0.02  (VIOLATED)
       PIN :   U25/A            0.98           1.00          -0.02  (VIOLATED)
   v_in_2[6]                    0.98           1.00          -0.02  (VIOLATED)
       PIN :   U41/A            0.98           1.00          -0.02  (VIOLATED)
   v_in_2[7]                    0.98           1.00          -0.02  (VIOLATED)
       PIN :   U39/A            0.98           1.00          -0.02  (VIOLATED)
   v_in_3[0]                    0.98           1.00          -0.02  (VIOLATED)
       PIN :   U61/A            0.98           1.00          -0.02  (VIOLATED)
   v_in_3[1]                    0.98           1.00          -0.02  (VIOLATED)
       PIN :   calvn/U58/A      0.98           1.00          -0.02  (VIOLATED)
   v_in_3[2]                    0.98           1.00          -0.02  (VIOLATED)
       PIN :   calvn/U49/A      0.98           1.00          -0.02  (VIOLATED)
   v_in_3[3]                    0.98           1.00          -0.02  (VIOLATED)
       PIN :   U49/A            0.98           1.00          -0.02  (VIOLATED)
   v_in_3[4]                    0.98           1.00          -0.02  (VIOLATED)
       PIN :   U43/A            0.98           1.00          -0.02  (VIOLATED)
   v_in_3[5]                    0.98           1.00          -0.02  (VIOLATED)
       PIN :   U40/A            0.98           1.00          -0.02  (VIOLATED)
   v_in_3[6]                    0.98           1.00          -0.02  (VIOLATED)
       PIN :   U37/A            0.98           1.00          -0.02  (VIOLATED)
   v_in_3[7]                    0.98           1.00          -0.02  (VIOLATED)
       PIN :   U52/A            0.98           1.00          -0.02  (VIOLATED)
   v_in_4[0]                    0.98           1.00          -0.02  (VIOLATED)
       PIN :   U73/A            0.98           1.00          -0.02  (VIOLATED)
   v_in_4[1]                    0.98           1.00          -0.02  (VIOLATED)
       PIN :   U60/A            0.98           1.00          -0.02  (VIOLATED)
   v_in_4[2]                    0.98           1.00          -0.02  (VIOLATED)
       PIN :   U31/A            0.98           1.00          -0.02  (VIOLATED)
   v_in_4[3]                    0.98           1.00          -0.02  (VIOLATED)
       PIN :   U51/A            0.98           1.00          -0.02  (VIOLATED)
   v_in_4[4]                    0.98           1.00          -0.02  (VIOLATED)
       PIN :   U50/A            0.98           1.00          -0.02  (VIOLATED)
   v_in_4[5]                    0.98           1.00          -0.02  (VIOLATED)
       PIN :   U33/A            0.98           1.00          -0.02  (VIOLATED)
   v_in_4[6]                    0.98           1.00          -0.02  (VIOLATED)
       PIN :   U46/A            0.98           1.00          -0.02  (VIOLATED)
   v_in_4[7]                    0.98           1.00          -0.02  (VIOLATED)
       PIN :   U48/A            0.98           1.00          -0.02  (VIOLATED)
   v_in_5[0]                    0.98           1.00          -0.02  (VIOLATED)
       PIN :   U59/A            0.98           1.00          -0.02  (VIOLATED)
   v_in_5[1]                    0.98           1.00          -0.02  (VIOLATED)
       PIN :   U4/A             0.98           1.00          -0.02  (VIOLATED)
   v_in_5[2]                    0.98           1.00          -0.02  (VIOLATED)
       PIN :   U28/A            0.98           1.00          -0.02  (VIOLATED)
   v_in_5[3]                    0.98           1.00          -0.02  (VIOLATED)
       PIN :   U30/A            0.98           1.00          -0.02  (VIOLATED)
   v_in_5[4]                    0.98           1.00          -0.02  (VIOLATED)
       PIN :   U35/A            0.98           1.00          -0.02  (VIOLATED)
   v_in_5[5]                    0.98           1.00          -0.02  (VIOLATED)
       PIN :   U38/A            0.98           1.00          -0.02  (VIOLATED)
   v_in_5[6]                    0.98           1.00          -0.02  (VIOLATED)
       PIN :   U42/A            0.98           1.00          -0.02  (VIOLATED)
   v_in_5[7]                    0.98           1.00          -0.02  (VIOLATED)
       PIN :   U45/A            0.98           1.00          -0.02  (VIOLATED)
   v_in_6[0]                    0.98           1.00          -0.02  (VIOLATED)
       PIN :   U71/A            0.98           1.00          -0.02  (VIOLATED)
   v_in_6[1]                    0.98           1.00          -0.02  (VIOLATED)
       PIN :   U58/A            0.98           1.00          -0.02  (VIOLATED)
   v_in_6[2]                    0.98           1.00          -0.02  (VIOLATED)
       PIN :   U8/A             0.98           1.00          -0.02  (VIOLATED)
   v_in_6[3]                    0.98           1.00          -0.02  (VIOLATED)
       PIN :   U16/A            0.98           1.00          -0.02  (VIOLATED)
   v_in_6[4]                    0.98           1.00          -0.02  (VIOLATED)
       PIN :   U13/A            0.98           1.00          -0.02  (VIOLATED)
   v_in_6[5]                    0.98           1.00          -0.02  (VIOLATED)
       PIN :   U15/A            0.98           1.00          -0.02  (VIOLATED)
   v_in_6[6]                    0.98           1.00          -0.02  (VIOLATED)
       PIN :   U18/A            0.98           1.00          -0.02  (VIOLATED)
   v_in_6[7]                    0.98           1.00          -0.02  (VIOLATED)
       PIN :   U21/A            0.98           1.00          -0.02  (VIOLATED)
   v_in_7[0]                    0.98           1.00          -0.02  (VIOLATED)
       PIN :   U69/A            0.98           1.00          -0.02  (VIOLATED)
   v_in_7[1]                    0.98           1.00          -0.02  (VIOLATED)
       PIN :   U57/A            0.98           1.00          -0.02  (VIOLATED)
   v_in_7[2]                    0.98           1.00          -0.02  (VIOLATED)
       PIN :   U22/A            0.98           1.00          -0.02  (VIOLATED)
   v_in_7[3]                    0.98           1.00          -0.02  (VIOLATED)
       PIN :   U24/A            0.98           1.00          -0.02  (VIOLATED)
   v_in_7[4]                    0.98           1.00          -0.02  (VIOLATED)
       PIN :   U10/A            0.98           1.00          -0.02  (VIOLATED)
   v_in_7[5]                    0.98           1.00          -0.02  (VIOLATED)
       PIN :   U9/A             0.98           1.00          -0.02  (VIOLATED)
   v_in_7[6]                    0.98           1.00          -0.02  (VIOLATED)
       PIN :   U12/A            0.98           1.00          -0.02  (VIOLATED)
   v_in_7[7]                    0.98           1.00          -0.02  (VIOLATED)
       PIN :   U7/A             0.98           1.00          -0.02  (VIOLATED)
   vin_vld                      0.98           1.00          -0.02  (VIOLATED)
       PIN :   calvn/in_vld_dly1_reg/D
                                0.98           1.00          -0.02  (VIOLATED)
       PIN :   calvn/U158/A     0.98           1.00          -0.02  (VIOLATED)

   -----------------------------------------------------------------
   Total                      67                 -1.47  

1
