[0m2021.12.04 16:27:48 INFO  Started: Metals version 0.10.9 in workspace '/mnt/mydata/spinal_works/cardiff-b0' for client Visual Studio Code 1.61.2.[0m
[0m2021.12.04 16:27:49 INFO  time: initialize in 0.53s[0m
[0m2021.12.04 16:27:49 WARN  Build server is not auto-connectable.[0m
[0m2021.12.04 16:27:50 WARN  no build target for: /mnt/mydata/spinal_works/cardiff-b0/src/main/scala/cal_phase.scala[0m
[0m2021.12.04 16:27:52 INFO  no build target: using presentation compiler with only scala-library: 3.1.0[0m
[0m2021.12.04 16:27:56 INFO  time: code lens generation in 4.66s[0m
[0m2021.12.04 16:27:59 INFO  running '/usr/local/jdk1.8/bin/java -Djline.terminal=jline.UnsupportedTerminal -Dsbt.log.noformat=true -Dfile.encoding=UTF-8 -jar /tmp/metals4713116765257726410/sbt-launch.jar -Dbloop.export-jar-classifiers=sources bloopInstall'[0m
[0m2021.12.04 16:28:01 INFO  [info] welcome to sbt 1.5.5 (Oracle Corporation Java 1.8.0_291)[0m
[0m2021.12.04 16:28:03 INFO  [info] loading global plugins from /root/.sbt/1.0/plugins[0m
[0m2021.12.04 16:28:06 INFO  [info] loading settings for project cardiff-b0-build-build from metals.sbt ...[0m
[0m2021.12.04 16:28:06 INFO  [info] loading project definition from /mnt/mydata/spinal_works/cardiff-b0/project/project[0m
[0m2021.12.04 16:28:15 INFO  [info] loading settings for project cardiff-b0-build from metals.sbt ...[0m
[0m2021.12.04 16:28:15 INFO  [info] loading project definition from /mnt/mydata/spinal_works/cardiff-b0/project[0m
[0m2021.12.04 16:29:02 INFO  [success] Generated .bloop/cardiff-b0-build.json[0m
[0m2021.12.04 16:29:02 INFO  [success] Total time: 47 s, completed Dec 4, 2021 4:29:02 PM[0m
[0m2021.12.04 16:29:05 INFO  [info] loading settings for project cardiff-b0 from build.sbt ...[0m
[0m2021.12.04 16:29:05 INFO  [info] set current project to cardiff-b0 (in build file:/mnt/mydata/spinal_works/cardiff-b0/)[0m
[0m2021.12.04 16:29:06 INFO  [success] Generated .bloop/cardiff-b0.json[0m
[0m2021.12.04 16:29:06 INFO  [success] Generated .bloop/cardiff-b0-test.json[0m
[0m2021.12.04 16:29:06 INFO  [success] Total time: 1 s, completed Dec 4, 2021 4:29:07 PM[0m
[0m2021.12.04 16:29:07 INFO  time: ran 'sbt bloopInstall' in 1m7s[0m
[0m2021.12.04 16:29:07 INFO  Attempting to connect to the build server...[0m
Starting the bsp launcher for bloop...
Opening a bsp server connection with 'bsp --protocol local --socket /tmp/bsp-launcher4417379086175702166/bsp.socket'...
Waiting for the bsp connection to come up...
Waiting for the bsp connection to come up...
Waiting for the bsp connection to come up...
Waiting for the bsp connection to come up...
Waiting for the bsp connection to come up...
Waiting for the bsp connection to come up...
Waiting for the bsp connection to come up...
Waiting for the bsp connection to come up...
Waiting for the bsp connection to come up...
Waiting for the bsp connection to come up...
Waiting for the bsp connection to come up...
Waiting for the bsp connection to come up...
Waiting for the bsp connection to come up...
Waiting for the bsp connection to come up...
Waiting for the bsp connection to come up...
Waiting for the bsp connection to come up...
Waiting for the bsp connection to come up...
Waiting for the bsp connection to come up...
Waiting for the bsp connection to come up...
Waiting for the bsp connection to come up...
Waiting for the bsp connection to come up...
Waiting for the bsp connection to come up...
Waiting for the bsp connection to come up...
Dec 04, 2021 4:29:30 PM org.eclipse.lsp4j.jsonrpc.services.GenericEndpoint notify
INFO: Unsupported notification method: $/setTrace
Waiting for the bsp connection to come up...
Waiting for the bsp connection to come up...
Waiting for the bsp connection to come up...
Waiting for the bsp connection to come up...
Waiting for the bsp connection to come up...
Waiting for the bsp connection to come up...
Waiting for the bsp connection to come up...
Waiting for the bsp connection to come up...
error: Giving up on waiting for a connection, printing embedded bloop logs:
> No server running at 127.0.0.1:8212, let's fire one...
> Resolving ch.epfl.scala:bloop-frontend_2.12:1.4.11...
error: Trying a tcp-based connection to the server instead...
Opening a bsp server connection with 'bsp --protocol tcp --port 28214'...
Waiting for the bsp connection to come up...
Waiting for the bsp connection to come up...
Waiting for the bsp connection to come up...
Waiting for the bsp connection to come up...
Waiting for the bsp connection to come up...
Waiting for the bsp connection to come up...
Waiting for the bsp connection to come up...
Waiting for the bsp connection to come up...
Waiting for the bsp connection to come up...
Dec 04, 2021 4:29:47 PM org.eclipse.lsp4j.jsonrpc.RemoteEndpoint fallbackResponseError
SEVERE: Internal error: scala.meta.internal.metals.debug.BuildTargetNotFoundException: Build target not found: Inst_cal_phase
java.util.concurrent.CompletionException: scala.meta.internal.metals.debug.BuildTargetNotFoundException: Build target not found: Inst_cal_phase
	at java.util.concurrent.CompletableFuture.encodeThrowable(CompletableFuture.java:292)
	at java.util.concurrent.CompletableFuture.completeThrowable(CompletableFuture.java:308)
	at java.util.concurrent.CompletableFuture.uniAccept(CompletableFuture.java:661)
	at java.util.concurrent.CompletableFuture$UniAccept.tryFire(CompletableFuture.java:646)
	at java.util.concurrent.CompletableFuture.postComplete(CompletableFuture.java:488)
	at java.util.concurrent.CompletableFuture.completeExceptionally(CompletableFuture.java:1990)
	at scala.concurrent.java8.FuturesConvertersImpl$CF.apply(FutureConvertersImpl.scala:29)
	at scala.concurrent.java8.FuturesConvertersImpl$CF.apply(FutureConvertersImpl.scala:26)
	at scala.concurrent.impl.CallbackRunnable.run(Promise.scala:64)
	at scala.concurrent.BatchingExecutor$Batch.processBatch$1(BatchingExecutor.scala:67)
	at scala.concurrent.BatchingExecutor$Batch.$anonfun$run$1(BatchingExecutor.scala:82)
	at scala.runtime.java8.JFunction0$mcV$sp.apply(JFunction0$mcV$sp.java:23)
	at scala.concurrent.BlockContext$.withBlockContext(BlockContext.scala:85)
	at scala.concurrent.BatchingExecutor$Batch.run(BatchingExecutor.scala:59)
	at scala.concurrent.Future$InternalCallbackExecutor$.unbatchedExecute(Future.scala:875)
	at scala.concurrent.BatchingExecutor.execute(BatchingExecutor.scala:110)
	at scala.concurrent.BatchingExecutor.execute$(BatchingExecutor.scala:107)
	at scala.concurrent.Future$InternalCallbackExecutor$.execute(Future.scala:873)
	at scala.concurrent.impl.CallbackRunnable.executeWithValue(Promise.scala:72)
	at scala.concurrent.impl.Promise$DefaultPromise.$anonfun$tryComplete$1(Promise.scala:288)
	at scala.concurrent.impl.Promise$DefaultPromise.$anonfun$tryComplete$1$adapted(Promise.scala:288)
	at scala.concurrent.impl.Promise$DefaultPromise.tryComplete(Promise.scala:288)
	at scala.concurrent.Promise.complete(Promise.scala:53)
	at scala.concurrent.Promise.complete$(Promise.scala:52)
	at scala.concurrent.impl.Promise$DefaultPromise.complete(Promise.scala:187)
	at scala.concurrent.impl.Promise.$anonfun$transformWith$1(Promise.scala:42)
	at scala.concurrent.impl.CallbackRunnable.run(Promise.scala:64)
	at java.util.concurrent.ThreadPoolExecutor.runWorker(ThreadPoolExecutor.java:1149)
	at java.util.concurrent.ThreadPoolExecutor$Worker.run(ThreadPoolExecutor.java:624)
	at java.lang.Thread.run(Thread.java:748)
Caused by: scala.meta.internal.metals.debug.BuildTargetNotFoundException: Build target not found: Inst_cal_phase
	at scala.meta.internal.metals.debug.BuildTargetClassesFinder.$anonfun$findClassAndBuildTarget$4(BuildTargetClassesFinder.scala:113)
	at scala.Option.fold(Option.scala:251)
	at scala.meta.internal.metals.debug.BuildTargetClassesFinder.$anonfun$findClassAndBuildTarget$3(BuildTargetClassesFinder.scala:115)
	at scala.Option.fold(Option.scala:251)
	at scala.meta.internal.metals.debug.BuildTargetClassesFinder.findClassAndBuildTarget(BuildTargetClassesFinder.scala:108)
	at scala.meta.internal.metals.debug.BuildTargetClassesFinder.findTestClassAndItsBuildTarget(BuildTargetClassesFinder.scala:62)
	at scala.meta.internal.metals.debug.DebugProvider.$anonfun$resolveTestClassParams$1(DebugProvider.scala:395)
	at scala.meta.internal.metals.debug.DebugProvider.withRebuildRetry(DebugProvider.scala:571)
	at scala.meta.internal.metals.debug.DebugProvider.resolveTestClassParams(DebugProvider.scala:391)
	at scala.meta.internal.metals.MetalsLanguageServer.executeCommand(MetalsLanguageServer.scala:1729)
	at sun.reflect.NativeMethodAccessorImpl.invoke0(Native Method)
	at sun.reflect.NativeMethodAccessorImpl.invoke(NativeMethodAccessorImpl.java:62)
	at sun.reflect.DelegatingMethodAccessorImpl.invoke(DelegatingMethodAccessorImpl.java:43)
	at java.lang.reflect.Method.invoke(Method.java:498)
	at org.eclipse.lsp4j.jsonrpc.services.GenericEndpoint.lambda$null$0(GenericEndpoint.java:65)
	at org.eclipse.lsp4j.jsonrpc.services.GenericEndpoint.request(GenericEndpoint.java:120)
	at org.eclipse.lsp4j.jsonrpc.RemoteEndpoint.handleRequest(RemoteEndpoint.java:261)
	at org.eclipse.lsp4j.jsonrpc.RemoteEndpoint.consume(RemoteEndpoint.java:190)
	at org.eclipse.lsp4j.jsonrpc.json.StreamMessageProducer.handleMessage(StreamMessageProducer.java:194)
	at org.eclipse.lsp4j.jsonrpc.json.StreamMessageProducer.listen(StreamMessageProducer.java:94)
	at org.eclipse.lsp4j.jsonrpc.json.ConcurrentMessageProcessor.run(ConcurrentMessageProcessor.java:113)
	at java.util.concurrent.Executors$RunnableAdapter.call(Executors.java:511)
	at java.util.concurrent.FutureTask.run(FutureTask.java:266)
	... 3 more

Waiting for the bsp connection to come up...
Waiting for the bsp connection to come up...
Waiting for the bsp connection to come up...
Waiting for the bsp connection to come up...
Waiting for the bsp connection to come up...
No server running at 127.0.0.1:8212, let's fire one...
Resolving ch.epfl.scala:bloop-frontend_2.12:1.4.11...
Starting bloop server at 127.0.0.1:8212...
Attempting a connection to the server...
[0m[32m[D][0m Waiting for a connection at 127.0.0.1:28214...
The server is listening for incoming connections at tcp://127.0.0.1:28214...
Starting thread that pumps stdin and redirects it to the bsp server...
Starting thread that pumps server stdout and redirects it to the client stdout...
[0m2021.12.04 16:29:52 INFO  tracing is disabled for protocol BSP, to enable tracing of incoming and outgoing JSON messages create an empty file at /root/.cache/metals/bsp.trace.json[0m
No more data in the client stdin, exiting...
No more data in the server stdin, exiting...
[0m2021.12.04 16:30:12 ERROR Timeout waiting for 'build/initialize' response[0m
[0m2021.12.04 16:30:12 WARN  Retrying connection to the build server Bloop[0m
Starting the bsp launcher for bloop...
Opening a bsp server connection with 'bsp --protocol local --socket /tmp/bsp-launcher7539005270271624693/bsp.socket'...
Waiting for the bsp connection to come up...
[0m[32m[D][0m Loading workspace settings from bloop.settings.json
[0m[32m[D][0m Waiting for a connection at local:///tmp/bsp-launcher7539005270271624693/bsp.socket...
The server is listening for incoming connections at local:///tmp/bsp-launcher7539005270271624693/bsp.socket...
Starting thread that pumps stdin and redirects it to the bsp server...
Starting thread that pumps server stdout and redirects it to the client stdout...
[0m2021.12.04 16:30:12 INFO  tracing is disabled for protocol BSP, to enable tracing of incoming and outgoing JSON messages create an empty file at /root/.cache/metals/bsp.trace.json[0m
[0m2021.12.04 16:30:12 INFO  Attempting to connect to the build server...[0m
Starting the bsp launcher for bloop...
Opening a bsp server connection with 'bsp --protocol local --socket /tmp/bsp-launcher2490827148557644849/bsp.socket'...
Waiting for the bsp connection to come up...
[0m[32m[D][0m Loading workspace settings from bloop.settings.json
[0m[32m[D][0m Waiting for a connection at local:///tmp/bsp-launcher2490827148557644849/bsp.socket...
The server is listening for incoming connections at local:///tmp/bsp-launcher2490827148557644849/bsp.socket...
Starting thread that pumps stdin and redirects it to the bsp server...
Starting thread that pumps server stdout and redirects it to the client stdout...
[0m2021.12.04 16:30:13 INFO  tracing is disabled for protocol BSP, to enable tracing of incoming and outgoing JSON messages create an empty file at /root/.cache/metals/bsp.trace.json[0m
[0m2021.12.04 16:30:20 INFO  time: Connected to build server in 1m12s[0m
[0m2021.12.04 16:30:20 INFO  Connected to Build server: Bloop v1.4.11[0m
[0m2021.12.04 16:30:20 INFO  time: Imported build in 0.28s[0m
[0m2021.12.04 16:30:26 INFO  time: indexed workspace in 5.75s[0m
[0m2021.12.04 16:30:26 INFO  compiling cardiff-b0 (10 scala sources)[0m
[0m2021.12.04 16:30:41 INFO  no build target: using presentation compiler with only scala-library: 2.12.14[0m
[0m2021.12.04 16:31:04 INFO  time: compiled cardiff-b0 in 37s[0m
[0m2021.12.04 16:31:05 WARN  no build target for: /mnt/mydata/spinal_works/cardiff-b0/project/metals.sbt[0m
Dec 04, 2021 4:31:53 PM org.eclipse.lsp4j.jsonrpc.RemoteEndpoint handleCancellation
WARNING: Unmatched cancel notification for request id 31
[0m2021.12.04 16:31:54 INFO  time: code lens generation in 1.36s[0m
Dec 04, 2021 4:32:02 PM org.eclipse.lsp4j.jsonrpc.RemoteEndpoint fallbackResponseError
SEVERE: Internal error: scala.meta.internal.metals.debug.BuildTargetNotFoundException: Build target not found: Inst_cal_phase
java.util.concurrent.CompletionException: scala.meta.internal.metals.debug.BuildTargetNotFoundException: Build target not found: Inst_cal_phase
	at java.util.concurrent.CompletableFuture.encodeThrowable(CompletableFuture.java:292)
	at java.util.concurrent.CompletableFuture.completeThrowable(CompletableFuture.java:308)
	at java.util.concurrent.CompletableFuture.uniAccept(CompletableFuture.java:661)
	at java.util.concurrent.CompletableFuture$UniAccept.tryFire(CompletableFuture.java:646)
	at java.util.concurrent.CompletableFuture.postComplete(CompletableFuture.java:488)
	at java.util.concurrent.CompletableFuture.completeExceptionally(CompletableFuture.java:1990)
	at scala.concurrent.java8.FuturesConvertersImpl$CF.apply(FutureConvertersImpl.scala:29)
	at scala.concurrent.java8.FuturesConvertersImpl$CF.apply(FutureConvertersImpl.scala:26)
	at scala.concurrent.impl.CallbackRunnable.run(Promise.scala:64)
	at scala.concurrent.BatchingExecutor$Batch.processBatch$1(BatchingExecutor.scala:67)
	at scala.concurrent.BatchingExecutor$Batch.$anonfun$run$1(BatchingExecutor.scala:82)
	at scala.runtime.java8.JFunction0$mcV$sp.apply(JFunction0$mcV$sp.java:23)
	at scala.concurrent.BlockContext$.withBlockContext(BlockContext.scala:85)
	at scala.concurrent.BatchingExecutor$Batch.run(BatchingExecutor.scala:59)
	at scala.concurrent.Future$InternalCallbackExecutor$.unbatchedExecute(Future.scala:875)
	at scala.concurrent.BatchingExecutor.execute(BatchingExecutor.scala:110)
	at scala.concurrent.BatchingExecutor.execute$(BatchingExecutor.scala:107)
	at scala.concurrent.Future$InternalCallbackExecutor$.execute(Future.scala:873)
	at scala.concurrent.impl.CallbackRunnable.executeWithValue(Promise.scala:72)
	at scala.concurrent.impl.Promise$DefaultPromise.$anonfun$tryComplete$1(Promise.scala:288)
	at scala.concurrent.impl.Promise$DefaultPromise.$anonfun$tryComplete$1$adapted(Promise.scala:288)
	at scala.concurrent.impl.Promise$DefaultPromise.tryComplete(Promise.scala:288)
	at scala.concurrent.Promise.complete(Promise.scala:53)
	at scala.concurrent.Promise.complete$(Promise.scala:52)
	at scala.concurrent.impl.Promise$DefaultPromise.complete(Promise.scala:187)
	at scala.concurrent.impl.Promise.$anonfun$transformWith$1(Promise.scala:42)
	at scala.concurrent.impl.CallbackRunnable.run(Promise.scala:64)
	at java.util.concurrent.ThreadPoolExecutor.runWorker(ThreadPoolExecutor.java:1149)
	at java.util.concurrent.ThreadPoolExecutor$Worker.run(ThreadPoolExecutor.java:624)
	at java.lang.Thread.run(Thread.java:748)
Caused by: scala.meta.internal.metals.debug.BuildTargetNotFoundException: Build target not found: Inst_cal_phase
	at scala.meta.internal.metals.debug.BuildTargetClassesFinder.$anonfun$findClassAndBuildTarget$4(BuildTargetClassesFinder.scala:113)
	at scala.Option.fold(Option.scala:251)
	at scala.meta.internal.metals.debug.BuildTargetClassesFinder.$anonfun$findClassAndBuildTarget$3(BuildTargetClassesFinder.scala:115)
	at scala.Option.fold(Option.scala:251)
	at scala.meta.internal.metals.debug.BuildTargetClassesFinder.findClassAndBuildTarget(BuildTargetClassesFinder.scala:108)
	at scala.meta.internal.metals.debug.BuildTargetClassesFinder.findTestClassAndItsBuildTarget(BuildTargetClassesFinder.scala:62)
	at scala.meta.internal.metals.debug.DebugProvider.$anonfun$resolveTestClassParams$1(DebugProvider.scala:395)
	at scala.meta.internal.metals.debug.DebugProvider.withRebuildRetry(DebugProvider.scala:571)
	at scala.meta.internal.metals.debug.DebugProvider.resolveTestClassParams(DebugProvider.scala:391)
	at scala.meta.internal.metals.MetalsLanguageServer.executeCommand(MetalsLanguageServer.scala:1729)
	at sun.reflect.NativeMethodAccessorImpl.invoke0(Native Method)
	at sun.reflect.NativeMethodAccessorImpl.invoke(NativeMethodAccessorImpl.java:62)
	at sun.reflect.DelegatingMethodAccessorImpl.invoke(DelegatingMethodAccessorImpl.java:43)
	at java.lang.reflect.Method.invoke(Method.java:498)
	at org.eclipse.lsp4j.jsonrpc.services.GenericEndpoint.lambda$null$0(GenericEndpoint.java:65)
	at org.eclipse.lsp4j.jsonrpc.services.GenericEndpoint.request(GenericEndpoint.java:120)
	at org.eclipse.lsp4j.jsonrpc.RemoteEndpoint.handleRequest(RemoteEndpoint.java:261)
	at org.eclipse.lsp4j.jsonrpc.RemoteEndpoint.consume(RemoteEndpoint.java:190)
	at org.eclipse.lsp4j.jsonrpc.json.StreamMessageProducer.handleMessage(StreamMessageProducer.java:194)
	at org.eclipse.lsp4j.jsonrpc.json.StreamMessageProducer.listen(StreamMessageProducer.java:94)
	at org.eclipse.lsp4j.jsonrpc.json.ConcurrentMessageProcessor.run(ConcurrentMessageProcessor.java:113)
	at java.util.concurrent.Executors$RunnableAdapter.call(Executors.java:511)
	at java.util.concurrent.FutureTask.run(FutureTask.java:266)
	... 3 more

Dec 04, 2021 4:34:36 PM org.eclipse.lsp4j.jsonrpc.services.GenericEndpoint notify
INFO: Unsupported notification method: $/setTrace
[0m2021.12.04 16:34:36 INFO  shutting down Metals[0m
[0m2021.12.04 16:34:36 INFO  Shut down connection with build server.[0m
[0mNo more data in the client stdin, exiting...2021.12.04 16:34:36
 INFO No more data in the server stdin, exiting... Shut down connection with build server.[0m

No more data in the server stdin, exiting...
No more data in the server stdin, exiting...
No more data in the server stdin, exiting...
No more data in the client stdin, exiting...
