 
****************************************
Report : power
        -hier
        -analysis_effort low
Design : cal_phase
Version: L-2016.03-SP1
Date   : Sun Nov 28 20:47:41 2021
****************************************


Library(s) Used:

    gtech (File: /usr/synopsys/dc-L-2016.03-SP1/libraries/syn/gtech.db)


Operating Conditions: nom_pvt   Library: gtech
Wire Load Model Mode: top


Global Operating Voltage = 5    
Power-specific unit information :
    Voltage Units = 1V
    Capacitance Units = 0.100000ff
    Time Units = 1ns
    Dynamic Power Units = 100nW    (derived from V,C,T units)
    Leakage Power Units = Unitless


--------------------------------------------------------------------------------
                                       Switch   Int      Leak     Total
Hierarchy                              Power    Power    Power    Power    %
--------------------------------------------------------------------------------
cal_phase                                 0.000    0.000    0.000    0.000   N/A
  C194 (*SELECT_OP_2.10_2.1_10)           0.000    0.000    0.000    0.000   N/A
  C193 (*SELECT_OP_2.10_2.1_10)           0.000    0.000    0.000    0.000   N/A
  C192 (*SELECT_OP_2.9_2.1_9)             0.000    0.000    0.000    0.000   N/A
  add_175 (*ADD_TC_OP_9_9_10)             0.000    0.000    0.000    0.000   N/A
  sub_173 (*SUB_TC_OP_9_9_10)             0.000    0.000    0.000    0.000   N/A
  add_148 (*ADD_UNS_OP_9_1_9)             0.000    0.000    0.000    0.000   N/A
  sub_147 (*SUB_TC_OP_8_8_9)              0.000    0.000    0.000    0.000   N/A
  lt_149 (*LT_UNS_OP_7_9_1)               0.000    0.000    0.000    0.000   N/A
  cordic (cordic_int)                     0.000    0.000    0.000    0.000   N/A
    C629 (*SELECT_OP_2.1_2.1_1)           0.000    0.000    0.000    0.000   N/A
    C628 (*SELECT_OP_2.1_2.1_1)           0.000    0.000    0.000    0.000   N/A
    C627 (*SELECT_OP_2.1_2.1_1)           0.000    0.000    0.000    0.000   N/A
    C626 (*SELECT_OP_2.3_2.1_3)           0.000    0.000    0.000    0.000   N/A
    C625 (*SELECT_OP_2.22_2.1_22)         0.000    0.000    0.000    0.000   N/A
    C624 (*SELECT_OP_3.1_3.1_1)           0.000    0.000    0.000    0.000   N/A
    C623 (*SELECT_OP_3.1_3.1_1)           0.000    0.000    0.000    0.000   N/A
    C622 (*SELECT_OP_2.8_2.1_8)           0.000    0.000    0.000    0.000   N/A
    C621 (*SELECT_OP_3.1_3.1_1)           0.000    0.000    0.000    0.000   N/A
    C620 (*SELECT_OP_2.22_2.1_22)         0.000    0.000    0.000    0.000   N/A
    C619 (*SELECT_OP_2.8_2.1_8)           0.000    0.000    0.000    0.000   N/A
    C618 (*SELECT_OP_2.22_2.1_22)         0.000    0.000    0.000    0.000   N/A
    C617 (*SELECT_OP_2.22_2.1_22)         0.000    0.000    0.000    0.000   N/A
    C616 (*SELECT_OP_3.22_3.1_22)         0.000    0.000    0.000    0.000   N/A
    C615 (*SELECT_OP_3.22_3.1_22)         0.000    0.000    0.000    0.000   N/A
    C614 (*SELECT_OP_4.1_4.1_1)           0.000    0.000    0.000    0.000   N/A
    C613 (*SELECT_OP_4.1_4.1_1)           0.000    0.000    0.000    0.000   N/A
    C612 (*SELECT_OP_4.2_4.1_2)           0.000    0.000    0.000    0.000   N/A
    C611 (*SELECT_OP_2.1_2.1_1)           0.000    0.000    0.000    0.000   N/A
    C610 (*SELECT_OP_2.1_2.1_1)           0.000    0.000    0.000    0.000   N/A
    C609 (*SELECT_OP_3.1_3.1_1)           0.000    0.000    0.000    0.000   N/A
    C608 (*SELECT_OP_2.1_2.1_1)           0.000    0.000    0.000    0.000   N/A
    add_313 (*ADD_TC_OP_8_8_8)            0.000    0.000    0.000    0.000   N/A
    sub_312 (*SUB_TC_OP_22_22_22)         0.000    0.000    0.000    0.000   N/A
    add_311 (*ADD_TC_OP_22_22_22)         0.000    0.000    0.000    0.000   N/A
    sub_309 (*SUB_TC_OP_8_8_8)            0.000    0.000    0.000    0.000   N/A
    add_308 (*ADD_TC_OP_22_22_22)         0.000    0.000    0.000    0.000   N/A
    sub_307 (*SUB_TC_OP_22_22_22)         0.000    0.000    0.000    0.000   N/A
    add_281 (*ADD_UNS_OP_3_1_3)           0.000    0.000    0.000    0.000   N/A
    sub_230 (*SUB_UNS_OP_3_3_3)           0.000    0.000    0.000    0.000   N/A
    sub_228 (*SUB_UNS_OP_3_1_3)           0.000    0.000    0.000    0.000   N/A
    sub_227 (*SUB_UNS_OP_3_1_3)           0.000    0.000    0.000    0.000   N/A
    sub_251 (*SUB_UNS_OP_1_22_22)         0.000    0.000    0.000    0.000   N/A
    sub_250 (*SUB_UNS_OP_1_22_22)         0.000    0.000    0.000    0.000   N/A
    lt_306 (*LT_TC_OP_22_22_1)            0.000    0.000    0.000    0.000   N/A
    lt_293 (*LT_TC_OP_16_16_1)            0.000    0.000    0.000    0.000   N/A
    lt_288 (*LT_TC_OP_16_16_1)            0.000    0.000    0.000    0.000   N/A
    sla_256 (*ASH_UNS_UNS_OP_8_3_8)       0.000    0.000    0.000    0.000   N/A
    sra_255 (*ASHR_TC_UNS_OP_22_3_22)     0.000    0.000    0.000    0.000   N/A
    sra_254 (*ASHR_TC_UNS_OP_22_3_22)     0.000    0.000    0.000    0.000   N/A
  dot (dotVn)                             0.000    0.000    0.000    0.000   N/A
    mult_add_448_aco (*MULT_UNS_OP_19_1_19)
                                          0.000    0.000    0.000    0.000   N/A
    mult_add_447_aco (*MULT_UNS_OP_19_1_19)
                                          0.000    0.000    0.000    0.000   N/A
    C328 (*SELECT_OP_2.1_2.1_1)           0.000    0.000    0.000    0.000   N/A
    C327 (*SELECT_OP_2.3_2.1_3)           0.000    0.000    0.000    0.000   N/A
    C324 (*SELECT_OP_2.1_2.1_1)           0.000    0.000    0.000    0.000   N/A
    C323 (*SELECT_OP_2.1_2.1_1)           0.000    0.000    0.000    0.000   N/A
    C322 (*SELECT_OP_3.1_3.1_1)           0.000    0.000    0.000    0.000   N/A
    C321 (*SELECT_OP_2.1_2.1_1)           0.000    0.000    0.000    0.000   N/A
    C320 (*SELECT_OP_8.8_8.1_8)           0.000    0.000    0.000    0.000   N/A
    add_448_aco (*ADD_TC_OP_19_19_19)     0.000    0.000    0.000    0.000   N/A
    add_447_aco (*ADD_TC_OP_19_19_19)     0.000    0.000    0.000    0.000   N/A
    add_442 (*ADD_UNS_OP_3_1_3)           0.000    0.000    0.000    0.000   N/A
    FloorWrapPsum2 (FloorAndWrap_8)       0.000    0.000    0.000    0.000   N/A
    FloorWrapPsum1 (FloorAndWrap_8)       0.000    0.000    0.000    0.000   N/A
    table_1 (s_table)                     0.000    0.000    0.000    0.000   N/A
      C144 (*SELECT_OP_8.19_8.1_19)       0.000    0.000    0.000    0.000   N/A
      C143 (*SELECT_OP_8.19_8.1_19)       0.000    0.000    0.000    0.000   N/A
      sub_844 (*SUB_TC_OP_19_9_19)        0.000    0.000    0.000    0.000   N/A
      sub_904 (*SUB_UNS_OP_1_19_19)       0.000    0.000    0.000    0.000   N/A
      sub_838 (*SUB_TC_OP_19_9_19)        0.000    0.000    0.000    0.000   N/A
      sub_842 (*SUB_UNS_OP_1_18_18)       0.000    0.000    0.000    0.000   N/A
      sub_825 (*SUB_TC_OP_17_9_18)        0.000    0.000    0.000    0.000   N/A
      add_834 (*ADD_TC_OP_16_9_17)        0.000    0.000    0.000    0.000   N/A
      sub_900 (*SUB_UNS_OP_1_19_19)       0.000    0.000    0.000    0.000   N/A
      add_894 (*ADD_TC_OP_16_11_17)       0.000    0.000    0.000    0.000   N/A
      add_898 (*ADD_TC_OP_15_13_16)       0.000    0.000    0.000    0.000   N/A
      sub_829 (*SUB_TC_OP_16_9_17)        0.000    0.000    0.000    0.000   N/A
      add_822 (*ADD_TC_OP_11_12_13)       0.000    0.000    0.000    0.000   N/A
      add_893 (*ADD_TC_OP_15_14_16)       0.000    0.000    0.000    0.000   N/A
      sub_843 (*SUB_UNS_OP_1_16_16)       0.000    0.000    0.000    0.000   N/A
  calvn (cal_vn)                          0.000    0.000    0.000    0.000   N/A
    C333 (*SELECT_OP_2.1_2.1_1)           0.000    0.000    0.000    0.000   N/A
    C332 (*SELECT_OP_2.1_2.1_1)           0.000    0.000    0.000    0.000   N/A
    add_647 (*ADD_TC_OP_10_10_11)         0.000    0.000    0.000    0.000   N/A
    sub_663 (*SUB_TC_OP_11_11_12)         0.000    0.000    0.000    0.000   N/A
    sub_662 (*SUB_TC_OP_11_11_12)         0.000    0.000    0.000    0.000   N/A
    sub_661 (*SUB_TC_OP_11_11_12)         0.000    0.000    0.000    0.000   N/A
    sub_660 (*SUB_TC_OP_11_11_12)         0.000    0.000    0.000    0.000   N/A
    sub_659 (*SUB_TC_OP_11_11_12)         0.000    0.000    0.000    0.000   N/A
    sub_658 (*SUB_TC_OP_11_11_12)         0.000    0.000    0.000    0.000   N/A
    sub_657 (*SUB_TC_OP_11_11_12)         0.000    0.000    0.000    0.000   N/A
    sub_656 (*SUB_TC_OP_11_11_12)         0.000    0.000    0.000    0.000   N/A
    add_646 (*ADD_TC_OP_9_9_10)           0.000    0.000    0.000    0.000   N/A
    add_645 (*ADD_TC_OP_9_9_10)           0.000    0.000    0.000    0.000   N/A
    add_644 (*ADD_TC_OP_8_8_9)            0.000    0.000    0.000    0.000   N/A
    add_643 (*ADD_TC_OP_8_8_9)            0.000    0.000    0.000    0.000   N/A
    add_642 (*ADD_TC_OP_8_8_9)            0.000    0.000    0.000    0.000   N/A
    add_641 (*ADD_TC_OP_8_8_9)            0.000    0.000    0.000    0.000   N/A
    FloorWrapVn_7 (FloorAndWrap)          0.000    0.000    0.000    0.000   N/A
    FloorWrapVn_6 (FloorAndWrap)          0.000    0.000    0.000    0.000   N/A
    FloorWrapVn_5 (FloorAndWrap)          0.000    0.000    0.000    0.000   N/A
    FloorWrapVn_4 (FloorAndWrap)          0.000    0.000    0.000    0.000   N/A
    FloorWrapVn_3 (FloorAndWrap)          0.000    0.000    0.000    0.000   N/A
    FloorWrapVn_2 (FloorAndWrap)          0.000    0.000    0.000    0.000   N/A
    FloorWrapVn_1 (FloorAndWrap)          0.000    0.000    0.000    0.000   N/A
    FloorWrapVn_0 (FloorAndWrap)          0.000    0.000    0.000    0.000   N/A
1
