Error: Cannot read file 'your_library.db'. (UID-58)
 
****************************************
Report : constraint
        -all_violators
Design : cal_phase
Version: L-2016.03-SP1
Date   : Sun Nov 28 20:47:41 2021
****************************************


   multiport_net

                             Required        Actual
   Net                          Cost           Cost          Violation
   -----------------------------------------------------------------
   calvn/FloorWrapVn_0/din[3]
                                0.00           1.00          -1.00  (VIOLATED)
   calvn/FloorWrapVn_0/din[4]
                                0.00           1.00          -1.00  (VIOLATED)
   calvn/FloorWrapVn_0/din[5]
                                0.00           1.00          -1.00  (VIOLATED)
   calvn/FloorWrapVn_0/din[6]
                                0.00           1.00          -1.00  (VIOLATED)
   calvn/FloorWrapVn_0/din[7]
                                0.00           1.00          -1.00  (VIOLATED)
   calvn/FloorWrapVn_0/din[8]
                                0.00           1.00          -1.00  (VIOLATED)
   calvn/FloorWrapVn_0/din[9]
                                0.00           1.00          -1.00  (VIOLATED)
   calvn/FloorWrapVn_0/din[10]
                                0.00           1.00          -1.00  (VIOLATED)
   calvn/FloorWrapVn_1/din[3]
                                0.00           1.00          -1.00  (VIOLATED)
   calvn/FloorWrapVn_1/din[4]
                                0.00           1.00          -1.00  (VIOLATED)
   calvn/FloorWrapVn_1/din[5]
                                0.00           1.00          -1.00  (VIOLATED)
   calvn/FloorWrapVn_1/din[6]
                                0.00           1.00          -1.00  (VIOLATED)
   calvn/FloorWrapVn_1/din[7]
                                0.00           1.00          -1.00  (VIOLATED)
   calvn/FloorWrapVn_1/din[8]
                                0.00           1.00          -1.00  (VIOLATED)
   calvn/FloorWrapVn_1/din[9]
                                0.00           1.00          -1.00  (VIOLATED)
   calvn/FloorWrapVn_1/din[10]
                                0.00           1.00          -1.00  (VIOLATED)
   calvn/FloorWrapVn_2/din[3]
                                0.00           1.00          -1.00  (VIOLATED)
   calvn/FloorWrapVn_2/din[4]
                                0.00           1.00          -1.00  (VIOLATED)
   calvn/FloorWrapVn_2/din[5]
                                0.00           1.00          -1.00  (VIOLATED)
   calvn/FloorWrapVn_2/din[6]
                                0.00           1.00          -1.00  (VIOLATED)
   calvn/FloorWrapVn_2/din[7]
                                0.00           1.00          -1.00  (VIOLATED)
   calvn/FloorWrapVn_2/din[8]
                                0.00           1.00          -1.00  (VIOLATED)
   calvn/FloorWrapVn_2/din[9]
                                0.00           1.00          -1.00  (VIOLATED)
   calvn/FloorWrapVn_2/din[10]
                                0.00           1.00          -1.00  (VIOLATED)
   calvn/FloorWrapVn_3/din[3]
                                0.00           1.00          -1.00  (VIOLATED)
   calvn/FloorWrapVn_3/din[4]
                                0.00           1.00          -1.00  (VIOLATED)
   calvn/FloorWrapVn_3/din[5]
                                0.00           1.00          -1.00  (VIOLATED)
   calvn/FloorWrapVn_3/din[6]
                                0.00           1.00          -1.00  (VIOLATED)
   calvn/FloorWrapVn_3/din[7]
                                0.00           1.00          -1.00  (VIOLATED)
   calvn/FloorWrapVn_3/din[8]
                                0.00           1.00          -1.00  (VIOLATED)
   calvn/FloorWrapVn_3/din[9]
                                0.00           1.00          -1.00  (VIOLATED)
   calvn/FloorWrapVn_3/din[10]
                                0.00           1.00          -1.00  (VIOLATED)
   calvn/FloorWrapVn_4/din[3]
                                0.00           1.00          -1.00  (VIOLATED)
   calvn/FloorWrapVn_4/din[4]
                                0.00           1.00          -1.00  (VIOLATED)
   calvn/FloorWrapVn_4/din[5]
                                0.00           1.00          -1.00  (VIOLATED)
   calvn/FloorWrapVn_4/din[6]
                                0.00           1.00          -1.00  (VIOLATED)
   calvn/FloorWrapVn_4/din[7]
                                0.00           1.00          -1.00  (VIOLATED)
   calvn/FloorWrapVn_4/din[8]
                                0.00           1.00          -1.00  (VIOLATED)
   calvn/FloorWrapVn_4/din[9]
                                0.00           1.00          -1.00  (VIOLATED)
   calvn/FloorWrapVn_4/din[10]
                                0.00           1.00          -1.00  (VIOLATED)
   calvn/FloorWrapVn_5/din[3]
                                0.00           1.00          -1.00  (VIOLATED)
   calvn/FloorWrapVn_5/din[4]
                                0.00           1.00          -1.00  (VIOLATED)
   calvn/FloorWrapVn_5/din[5]
                                0.00           1.00          -1.00  (VIOLATED)
   calvn/FloorWrapVn_5/din[6]
                                0.00           1.00          -1.00  (VIOLATED)
   calvn/FloorWrapVn_5/din[7]
                                0.00           1.00          -1.00  (VIOLATED)
   calvn/FloorWrapVn_5/din[8]
                                0.00           1.00          -1.00  (VIOLATED)
   calvn/FloorWrapVn_5/din[9]
                                0.00           1.00          -1.00  (VIOLATED)
   calvn/FloorWrapVn_5/din[10]
                                0.00           1.00          -1.00  (VIOLATED)
   calvn/FloorWrapVn_6/din[3]
                                0.00           1.00          -1.00  (VIOLATED)
   calvn/FloorWrapVn_6/din[4]
                                0.00           1.00          -1.00  (VIOLATED)
   calvn/FloorWrapVn_6/din[5]
                                0.00           1.00          -1.00  (VIOLATED)
   calvn/FloorWrapVn_6/din[6]
                                0.00           1.00          -1.00  (VIOLATED)
   calvn/FloorWrapVn_6/din[7]
                                0.00           1.00          -1.00  (VIOLATED)
   calvn/FloorWrapVn_6/din[8]
                                0.00           1.00          -1.00  (VIOLATED)
   calvn/FloorWrapVn_6/din[9]
                                0.00           1.00          -1.00  (VIOLATED)
   calvn/FloorWrapVn_6/din[10]
                                0.00           1.00          -1.00  (VIOLATED)
   calvn/FloorWrapVn_7/din[3]
                                0.00           1.00          -1.00  (VIOLATED)
   calvn/FloorWrapVn_7/din[4]
                                0.00           1.00          -1.00  (VIOLATED)
   calvn/FloorWrapVn_7/din[5]
                                0.00           1.00          -1.00  (VIOLATED)
   calvn/FloorWrapVn_7/din[6]
                                0.00           1.00          -1.00  (VIOLATED)
   calvn/FloorWrapVn_7/din[7]
                                0.00           1.00          -1.00  (VIOLATED)
   calvn/FloorWrapVn_7/din[8]
                                0.00           1.00          -1.00  (VIOLATED)
   calvn/FloorWrapVn_7/din[9]
                                0.00           1.00          -1.00  (VIOLATED)
   calvn/FloorWrapVn_7/din[10]
                                0.00           1.00          -1.00  (VIOLATED)
   dot/FloorWrapPsum1/din[0]
                                0.00           1.00          -1.00  (VIOLATED)
   dot/FloorWrapPsum1/din[1]
                                0.00           1.00          -1.00  (VIOLATED)
   dot/FloorWrapPsum1/din[2]
                                0.00           1.00          -1.00  (VIOLATED)
   dot/FloorWrapPsum1/din[3]
                                0.00           1.00          -1.00  (VIOLATED)
   dot/FloorWrapPsum1/din[4]
                                0.00           1.00          -1.00  (VIOLATED)
   dot/FloorWrapPsum1/din[5]
                                0.00           1.00          -1.00  (VIOLATED)
   dot/FloorWrapPsum1/din[6]
                                0.00           1.00          -1.00  (VIOLATED)
   dot/FloorWrapPsum1/din[7]
                                0.00           1.00          -1.00  (VIOLATED)
   dot/FloorWrapPsum1/din[8]
                                0.00           1.00          -1.00  (VIOLATED)
   dot/FloorWrapPsum1/din[9]
                                0.00           1.00          -1.00  (VIOLATED)
   dot/FloorWrapPsum1/din[10]
                                0.00           1.00          -1.00  (VIOLATED)
   dot/FloorWrapPsum1/din[11]
                                0.00           1.00          -1.00  (VIOLATED)
   dot/FloorWrapPsum1/din[12]
                                0.00           1.00          -1.00  (VIOLATED)
   dot/FloorWrapPsum1/din[13]
                                0.00           1.00          -1.00  (VIOLATED)
   dot/FloorWrapPsum1/din[14]
                                0.00           1.00          -1.00  (VIOLATED)
   dot/FloorWrapPsum1/din[15]
                                0.00           1.00          -1.00  (VIOLATED)
   dot/FloorWrapPsum2/din[0]
                                0.00           1.00          -1.00  (VIOLATED)
   dot/FloorWrapPsum2/din[1]
                                0.00           1.00          -1.00  (VIOLATED)
   dot/FloorWrapPsum2/din[2]
                                0.00           1.00          -1.00  (VIOLATED)
   dot/FloorWrapPsum2/din[3]
                                0.00           1.00          -1.00  (VIOLATED)
   dot/FloorWrapPsum2/din[4]
                                0.00           1.00          -1.00  (VIOLATED)
   dot/FloorWrapPsum2/din[5]
                                0.00           1.00          -1.00  (VIOLATED)
   dot/FloorWrapPsum2/din[6]
                                0.00           1.00          -1.00  (VIOLATED)
   dot/FloorWrapPsum2/din[7]
                                0.00           1.00          -1.00  (VIOLATED)
   dot/FloorWrapPsum2/din[8]
                                0.00           1.00          -1.00  (VIOLATED)
   dot/FloorWrapPsum2/din[9]
                                0.00           1.00          -1.00  (VIOLATED)
   dot/FloorWrapPsum2/din[10]
                                0.00           1.00          -1.00  (VIOLATED)
   dot/FloorWrapPsum2/din[11]
                                0.00           1.00          -1.00  (VIOLATED)
   dot/FloorWrapPsum2/din[12]
                                0.00           1.00          -1.00  (VIOLATED)
   dot/FloorWrapPsum2/din[13]
                                0.00           1.00          -1.00  (VIOLATED)
   dot/FloorWrapPsum2/din[14]
                                0.00           1.00          -1.00  (VIOLATED)
   dot/FloorWrapPsum2/din[15]
                                0.00           1.00          -1.00  (VIOLATED)


1
