
                           Design Compiler Graphical 
                                 DC Ultra (TM)
                                  DFTMAX (TM)
                              Power Compiler (TM)
                                 DesignWare (R)
                                 DC Expert (TM)
                               Design Vision (TM)
                               HDL Compiler (TM)
                               VHDL Compiler (TM)
                                  DFT Compiler
                               Design Compiler(R)

               Version L-2016.03-SP1 for linux64 - Apr 18, 2016 

                    Copyright (c) 1988 - 2016 Synopsys, Inc.
   This software and the associated documentation are proprietary to Synopsys,
 Inc. This software may only be used in accordance with the terms and conditions
 of a written license agreement with Synopsys, Inc. All other use, reproduction,
            or distribution of this software is strictly prohibited.
Initializing...
set TOP_MODULE  seq_mod3_detector 
seq_mod3_detector
#set TOP_MODULE  tst
set compile_enable_register_merging    true
true
set compile_seqmap_propagate_constants true
true
set verilogout_no_tri   "true"
true
set verilogout_equation "false"
false
set mv_default_level_shifter_voltage_range_infinity true
true
# subset file enable 
#set SUBSET_FLAG 0      
set SETUP_FILE "./scripts/dc_setup.tcl"
./scripts/dc_setup.tcl
#set SETUP_FILE "./scripts/dc_setup_subset.tcl"
set FILE_LIST "./flist.v"
./flist.v
set CONSTRAINT "./scripts/constraint_core.tcl"
./scripts/constraint_core.tcl
set SUBSET_FILE "./scripts/set_target_library_subset.tcl"
./scripts/set_target_library_subset.tcl
source -e -v $SETUP_FILE
define_design_lib work -path ./elab
1
history keep 500
500
set enable_page_mode false
false
set sh_enable_page_mode false
false
set compile_seqmap_identify_shift_registers false
false
set compile_seqmap_identify_shift_registers_with_synchronous_logic false
false
set timing_enable_multiple_clocks_per_reg true
true
set lib_path "/root/lib"
/root/lib
set search_path       ". $lib_path"
. /root/lib
################   ssg0p81v      ################
set target_library   "tcbn28hpcplusbwp7t35p140ssg0p81v125c_ccs.db                          "    
tcbn28hpcplusbwp7t35p140ssg0p81v125c_ccs.db                          
################   sram ssg0p81v ################
set synthetic_library "dw_foundation.sldb"
dw_foundation.sldb
set link_library      " * 	           	       $target_library 	         	       $synthetic_library  "
 * 	           	       tcbn28hpcplusbwp7t35p140ssg0p81v125c_ccs.db                           	         	       dw_foundation.sldb  
 * 	           	       tcbn28hpcplusbwp7t35p140ssg0p81v125c_ccs.db                           	         	       dw_foundation.sldb  
file copy -force $SETUP_FILE  ./outputs/$data
#set_level_shifter_cell  LVLLH  -cell_type LH -std_cell_main_rail_pg_pin VDDI
# set_level_shifter_cell  LVLLH -cell_type LH -output_signal_level VDD  -input_signal_level VDDI -std_cell_main_rail_pg_pin VDDI
set change_names_dont_change_bus_members      true
true
set compile_disable_hierarchical_inverter_opt true
true
set auto_insert_level_shifters_on_clocks      all
all
set auto_insert_level_shifters true
true
analyze -format verilog $FILE_LIST  -define DC_SYN
Running PRESTO HDLC
Compiling source file ./flist.v
Opening include file /root/OCT_data/1_On_chip_learn-v2/1-small_circuit/0-seq_mod3_detector/seq_mod3_detector.v
Presto compilation completed successfully.
Loading db file '/root/lib/tcbn28hpcplusbwp7t35p140ssg0p81v125c_ccs.db'
Information: Using CCS timing libraries. (TIM-024)
Loading db file '/usr/synopsys/dc-L-2016.03-SP1/libraries/syn/dw_foundation.sldb'
1
elaborate       $TOP_MODULE
Loading db file '/usr/synopsys/dc-L-2016.03-SP1/libraries/syn/gtech.db'
Loading db file '/usr/synopsys/dc-L-2016.03-SP1/libraries/syn/standard.sldb'
  Loading link library 'tcbn28hpcplusbwp7t35p140ssg0p81v125c_ccs'
  Loading link library 'gtech'
Running PRESTO HDLC

Statistics for case statements in always block at line 37 in file
	'/root/OCT_data/1_On_chip_learn-v2/1-small_circuit/0-seq_mod3_detector/seq_mod3_detector.v'
===============================================
|           Line           |  full/ parallel  |
===============================================
|            39            |    auto/auto     |
===============================================

Statistics for case statements in always block at line 50 in file
	'/root/OCT_data/1_On_chip_learn-v2/1-small_circuit/0-seq_mod3_detector/seq_mod3_detector.v'
===============================================
|           Line           |  full/ parallel  |
===============================================
|            53            |    auto/auto     |
===============================================

Inferred memory devices in process
	in routine seq_mod3_detector line 32 in file
		'/root/OCT_data/1_On_chip_learn-v2/1-small_circuit/0-seq_mod3_detector/seq_mod3_detector.v'.
===============================================================================
|    Register Name    |   Type    | Width | Bus | MB | AR | AS | SR | SS | ST |
===============================================================================
|  current_state_reg  | Flip-flop |   2   |  Y  | N  | Y  | N  | N  | N  | N  |
===============================================================================

Inferred memory devices in process
	in routine seq_mod3_detector line 50 in file
		'/root/OCT_data/1_On_chip_learn-v2/1-small_circuit/0-seq_mod3_detector/seq_mod3_detector.v'.
===============================================================================
|    Register Name    |   Type    | Width | Bus | MB | AR | AS | SR | SS | ST |
===============================================================================
|     success_reg     | Flip-flop |   1   |  N  | N  | Y  | N  | N  | N  | N  |
===============================================================================
Presto compilation completed successfully.
Elaborated 1 design.
Current design is now 'seq_mod3_detector'.
1
current_design  $TOP_MODULE
Current design is 'seq_mod3_detector'.
{seq_mod3_detector}
link

  Linking design 'seq_mod3_detector'
  Using the following designs and libraries:
  --------------------------------------------------------------------------
  seq_mod3_detector           /root/OCT_data/1_On_chip_learn-v2/1-small_circuit/0-seq_mod3_detector/2-SYN/seq_mod3_detector.db
  tcbn28hpcplusbwp7t35p140ssg0p81v125c_ccs (library) /root/lib/tcbn28hpcplusbwp7t35p140ssg0p81v125c_ccs.db
  dw_foundation.sldb (library) /usr/synopsys/dc-L-2016.03-SP1/libraries/syn/dw_foundation.sldb

1
###
source -e -v $CONSTRAINT
set     CLK_SOURCE_LATENCY  		1
1
set     CLK_SOURCE_LATENCY  		1
1
set     CLK_NETWORK_LATENCY 		1
1
set     OUT_LOAD                        0.05
0.05
set     MAX_FANOUT                      20
20
set     MAX_CAP                         0.4
0.4
set     MAX_TRAN                        2.0
2.0
set     PERIOD                          10
10
set ALL_IN_EX_CLK [remove_from_collection [all_inputs] [get_ports clk]]
{rst_n data}
set ALL_EX_OUT          [remove_from_collection [current_design] [all_outputs]]
Current design is 'seq_mod3_detector'.
{seq_mod3_detector}
set ALL_EX_OUT_IN       [remove_from_collection $ALL_EX_OUT [all_inputs]]
{seq_mod3_detector}
# -----------------------------------------------------------------------
#                           Design constraints
# -----------------------------------------------------------------------
create_clock [get_ports clk] -name clk -period $PERIOD -waveform [list 0 [expr $PERIOD * 0.5]]   
1
set_clock_uncertainty  -setup 1       [get_clocks clk]
1
set_clock_uncertainty  -hold 1       [get_clocks clk]
1
#set_clock_uncertainty  1    [get_clocks clk]
set_clock_transition   1     [get_clocks clk]
1
set_clock_latency     -source 	$CLK_SOURCE_LATENCY 	[get_clocks clk]
1
set_clock_latency            	$CLK_NETWORK_LATENCY 	[get_clocks clk]
1
set_input_delay   [expr $PERIOD * 0.4]    -clock   clk     $ALL_IN_EX_CLK  -add_delay
1
set_output_delay  [expr $PERIOD * 0.6]    -clock   clk     [all_outputs] -add_delay
1
set_input_transition   1.0   $ALL_IN_EX_CLK
1
#set_drive 0 [all_inputs]
#set_ideal_network [get_ports rst_n]
# -----------------------------------------------------------------------
#                           Environmental constraints
# -----------------------------------------------------------------------
set_load $OUT_LOAD [all_outputs]
1
# -----------------------------------------------------------------------
#                                DRC rule
# -----------------------------------------------------------------------
set_max_transition      $MAX_TRAN               $ALL_EX_OUT_IN 
1
set_max_fanout          $MAX_FANOUT             $ALL_EX_OUT_IN
1
set_max_capacitance     $MAX_CAP                $ALL_EX_OUT_IN
1
1
file copy -force $CONSTRAINT  ./outputs/$data
######### subset multi vt ############
#source -e -v $SUBSET_FILE
report_clock
Information: Updating graph... (UID-83)
 
****************************************
Report : clocks
Design : seq_mod3_detector
Version: L-2016.03-SP1
Date   : Mon Oct 25 22:28:24 2021
****************************************

Attributes:
    d - dont_touch_network
    f - fix_hold
    p - propagated_clock
    G - generated_clock
    g - lib_generated_clock

Clock          Period   Waveform            Attrs     Sources
--------------------------------------------------------------------------------
clk             10.00   {0 5}                         {clk}
--------------------------------------------------------------------------------
1
check_design > ./rpt/check_deisgn.rpt
check_timing  > ./rpt/check_timing.rpt
set_clock_gating_style                      -setup 0.3                      -hold 0                      -pos integrated                      -neg integrated                      -max_fanout 32                      -control_point before                      -control_signal scan_enable
Warning: The setup and hold values overrides the library values for the integrated cells. (PWR-206)

Current clock gating style....
Sequential cell: latch
Minimum bank bitwidth: 3
Minimum bank bitwidth for enhanced clock gating: 6
Maximum fanout: 32
Setup time for clock gate: 0.300000
Hold time for clock gate: 0.000000
Clock gating circuitry (positive edge): integrated
Clock gating circuitry (negative edge): integrated
 Note: inverter between clock gating circuitry 
       and (negative edge) register clock pin.
Control point insertion: before
Control signal for control point: scan_enable
Observation point insertion: false
Observation logic depth: 5
1
#source -e -v ./scripts/set_dont_touch_cell.tcl
#source -e -v ./scripts/set_false_path.tcl
source -e -v ./scripts/set_dont_use.tcl
set_dont_use  [get_lib_cells "                         */CKLHQD1BWP*                          */CKLHQD2BWP*                          */*CKLHQD*                           */CKLHQD*  			*/*4D*                             */TIEH*                           */TIEL* 			*/G* 			*/*D0* 			*/BHD* 			*/BOUNDARY* 			*/TAPCELL* 			*/DCAP* 			*/FILL* 			*/ANTENNA* 			*/DCCK* 			"    
]
1
1
check_timing

Information: Checking generated_clocks...

Information: Checking loops...

Information: Checking no_input_delay...

Information: Checking unconstrained_endpoints...

Information: Checking pulse_clock_cell_type...

Information: Checking no_driving_cell...

Information: Checking partial_input_delay...
1
###set_max_area 0
group_path -name INPUT_GROUP -from [all_inputs ]
1
group_path -name OUTPUT_GROUP -to  [all_outputs]
1
#
#source -e -v ./scripts/operation_conditions.tcl
#connect_supply_net VDD_top_net -ports {U_OCT_MEM_TOP_0/U_MASK_BANKS_0/*/sram/VDDCE}
set upf_create_implicit_supply_sets false
false
#load_upf ./scripts/OCT_UPF_20210118.upf
#set_voltage -object_list {VDD_core_net} 0.5
#set_voltage -object_list {VDD_top_net} 0.72
#set_voltage -object_list VSS_top_net 0
set_fix_multiple_port_nets -all -buffer_constants
1
set_fix_multiple_port_nets -all -buffer_constants [all_designs]
1
compile_ultra -no_autoungroup  -no_boundary_optimization  -gate_clock
Warning: The value of variable 'compile_preserve_subdesign_interfaces' has been changed to true because '-no_boundary_optimization' is used. (OPT-133)
Information: Starting from 2013.12 release, constant propagation is enabled even when boundary optimization is disabled. (OPT-1318)
Information: Performing power optimization. (PWR-850)
Analyzing: "/root/lib/tcbn28hpcplusbwp7t35p140ssg0p81v125c_ccs.db"
Library analysis succeeded.
Information: Evaluating DesignWare library utilization. (UISN-27)

============================================================================
| DesignWare Building Block Library  |         Version         | Available |
============================================================================
| Basic DW Building Blocks           | L-2016.03-DWBB_201603.1 |     *     |
| Licensed DW Building Blocks        | L-2016.03-DWBB_201603.1 |     *     |
============================================================================

Information: Sequential output inversion is enabled.  SVF file must be used for formal verification. (OPT-1208)
  Simplifying Design 'seq_mod3_detector'

Loaded alib file './alib-52/tcbn28hpcplusbwp7t35p140ssg0p81v125c_ccs.db.alib'
Information: State dependent leakage is now switched from on to off.

  Beginning Pass 1 Mapping
  ------------------------
  Processing 'seq_mod3_detector'
Memory usage for J1 task 1329 Mbytes -- main task 1329 Mbytes.

  Updating timing information
Information: Updating design information... (UID-85)
Information: Performing clock-gating on design seq_mod3_detector. (PWR-730)

  Beginning Mapping Optimizations  (Ultra High effort)
  -------------------------------

  Beginning Constant Register Removal
  -----------------------------------

  Beginning Global Optimizations
  ------------------------------
  Numerical Synthesis (Phase 1)
  Numerical Synthesis (Phase 2)
  Global Optimization (Phase 1)
  Global Optimization (Phase 2)
  Global Optimization (Phase 3)
  Global Optimization (Phase 4)
  Global Optimization (Phase 5)
  Global Optimization (Phase 6)
  Global Optimization (Phase 7)
  Global Optimization (Phase 8)
  Global Optimization (Phase 9)
  Global Optimization (Phase 10)
  Global Optimization (Phase 11)
  Global Optimization (Phase 12)
  Global Optimization (Phase 13)
  Global Optimization (Phase 14)
  Global Optimization (Phase 15)
  Global Optimization (Phase 16)
  Global Optimization (Phase 17)
  Global Optimization (Phase 18)
  Global Optimization (Phase 19)
  Global Optimization (Phase 20)
  Global Optimization (Phase 21)
  Global Optimization (Phase 22)
  Global Optimization (Phase 23)
  Global Optimization (Phase 24)
  Global Optimization (Phase 25)
  Global Optimization (Phase 26)
  Global Optimization (Phase 27)
  Global Optimization (Phase 28)

  Beginning Isolate Ports
  -----------------------

  Beginning Delay Optimization
  ----------------------------

                                  TOTAL                                                
   ELAPSED            WORST NEG   SETUP    DESIGN                              LEAKAGE 
    TIME      AREA      SLACK     COST    RULE COST         ENDPOINT            POWER  
  --------- --------- --------- --------- --------- ------------------------- ---------
    0:00:08       8.4      0.00       0.0       1.1                            184.8112
    0:00:08       8.4      0.00       0.0       1.1                            184.8112
    0:00:08       8.4      0.00       0.0       1.1                            184.8112
    0:00:08       8.3      0.00       0.0       1.1                            190.5015

  Beginning WLM Backend Optimization
  --------------------------------------
    0:00:08       8.2      0.00       0.0       1.1                            183.6427
    0:00:08       8.2      0.00       0.0       1.1                            183.6427
    0:00:08       8.2      0.00       0.0       1.1                            183.6427
    0:00:08       8.2      0.00       0.0       1.1                            183.6427
    0:00:08       8.2      0.00       0.0       1.1                            183.6427
    0:00:08       8.2      0.00       0.0       1.1                            183.6427
    0:00:08       8.2      0.00       0.0       1.1                            183.6427
    0:00:08       8.2      0.00       0.0       1.1                            183.6427
    0:00:08       8.2      0.00       0.0       1.1                            183.6427
    0:00:08       8.2      0.00       0.0       1.1                            183.6427
    0:00:08       8.2      0.00       0.0       1.1                            183.6427
    0:00:08       8.2      0.00       0.0       1.1                            183.6427
    0:00:08       8.2      0.00       0.0       1.1                            183.6427
    0:00:08       8.2      0.00       0.0       1.1                            183.6427
    0:00:08       8.2      0.00       0.0       1.1                            183.6427
    0:00:08       8.2      0.00       0.0       1.1                            183.6427
    0:00:08       8.2      0.00       0.0       1.1                            183.6427
    0:00:08       8.2      0.00       0.0       1.1                            183.6427
    0:00:08       8.2      0.00       0.0       1.1                            183.6427
    0:00:08       8.2      0.00       0.0       1.1                            183.6427


  Beginning Design Rule Fixing  (max_transition)
  ----------------------------

                                  TOTAL                                                
   ELAPSED            WORST NEG   SETUP    DESIGN                              LEAKAGE 
    TIME      AREA      SLACK     COST    RULE COST         ENDPOINT            POWER  
  --------- --------- --------- --------- --------- ------------------------- ---------
    0:00:08       8.2      0.00       0.0       1.1                            183.6427
  Global Optimization (Phase 29)
  Global Optimization (Phase 30)
  Global Optimization (Phase 31)
    0:00:08       8.6      0.00       0.0       1.1                            193.5567
    0:00:08       8.6      0.00       0.0       1.1                            193.5567


  Beginning Leakage Power Optimization  (max_leakage_power 0)
  ------------------------------------

                                  TOTAL                                                
   ELAPSED            WORST NEG   SETUP    DESIGN                              LEAKAGE 
    TIME      AREA      SLACK     COST    RULE COST         ENDPOINT            POWER  
  --------- --------- --------- --------- --------- ------------------------- ---------
    0:00:08       8.6      0.00       0.0       1.1                            193.5567
  Global Optimization (Phase 32)
  Global Optimization (Phase 33)
  Global Optimization (Phase 34)
  Global Optimization (Phase 35)
  Global Optimization (Phase 36)
  Global Optimization (Phase 37)
  Global Optimization (Phase 38)
  Global Optimization (Phase 39)
  Global Optimization (Phase 40)
  Global Optimization (Phase 41)
  Global Optimization (Phase 42)
  Global Optimization (Phase 43)
    0:00:08       8.2      0.00       0.0       1.1                            183.6427
    0:00:08       8.2      0.00       0.0       1.1                            183.6427
    0:00:08       8.2      0.00       0.0       1.1                            183.6427
    0:00:08       8.2      0.00       0.0       1.1                            183.6427
    0:00:09       8.2      0.00       0.0       1.1                            183.6427
    0:00:09       8.2      0.00       0.0       1.1                            183.6427
    0:00:09       8.2      0.00       0.0       1.1                            183.6427
    0:00:09       8.2      0.00       0.0       1.1                            183.6427
    0:00:09       8.2      0.00       0.0       1.1                            183.6427
    0:00:09       8.2      0.00       0.0       1.1                            183.6427
    0:00:09       8.2      0.00       0.0       1.1                            183.6427
    0:00:09       8.2      0.00       0.0       1.1                            183.6427
    0:00:09       8.2      0.00       0.0       1.1                            183.6427
    0:00:09       8.2      0.00       0.0       1.1                            183.6427
    0:00:09       8.2      0.00       0.0       1.1                            183.6427
    0:00:09       8.2      0.00       0.0       1.1                            183.6427
    0:00:09       8.2      0.00       0.0       1.1                            183.6427
    0:00:09       8.2      0.00       0.0       1.1                            183.6427
    0:00:09       8.2      0.00       0.0       1.1                            183.6427
    0:00:09       8.2      0.00       0.0       1.1                            183.6427
    0:00:09       8.2      0.00       0.0       1.1                            183.6427
    0:00:09       8.2      0.00       0.0       1.1                            183.6427

                                  TOTAL                                                
   ELAPSED            WORST NEG   SETUP    DESIGN                              LEAKAGE 
    TIME      AREA      SLACK     COST    RULE COST         ENDPOINT            POWER  
  --------- --------- --------- --------- --------- ------------------------- ---------
    0:00:09       8.2      0.00       0.0       1.1                            183.6427
    0:00:09       8.2      0.00       0.0       1.1                            183.6427
    0:00:09       8.2      0.00       0.0       1.1                            183.6427
    0:00:09       8.2      0.00       0.0       1.1                            183.6427
    0:00:09       8.2      0.00       0.0       1.1                            183.6427
    0:00:09       8.6      0.00       0.0       1.1                            193.5567
    0:00:09       8.6      0.00       0.0       1.1                            193.5567
    0:00:09       8.6      0.00       0.0       1.1                            193.5567
    0:00:09       8.6      0.00       0.0       1.1                            193.5567
Loading db file '/root/lib/tcbn28hpcplusbwp7t35p140ssg0p81v125c_ccs.db'


Note: Symbol # after min delay cost means estimated hold TNS across all active scenarios 


  Optimization Complete
  ---------------------
Information: State dependent leakage is now switched from off to on.
Information: Propagating switching activity (low effort zero delay simulation). (PWR-6)
1
#compile_ultra -timing_high_effort_script -no_autoungroup  -no_boundary_optimization
##compile_ultra -timing_high_effort_script -no_autoungroup  -no_boundary_optimization -incremental
set verilogout_no_tri   "true"
true
set verilogout_equation "false"
false
#define_name_rules  myrule -type net -allowed "0-9" -first_restricted "_ 0-9 N" -replacement_char "0-9" -prefix "n"
#change_names -rules myrule -verbose
change_names -hier -rules verilog
1
write_sdc                                ./outputs/$data/${TOP_MODULE}.sdc
1
write -format ddc     -hierarchy -output ./outputs/$data/${TOP_MODULE}.ddc
Writing ddc file './outputs/1025_2227/seq_mod3_detector.ddc'.
1
write -format verilog -hierarchy -output ./outputs/$data/${TOP_MODULE}.v
Writing verilog file '/root/OCT_data/1_On_chip_learn-v2/1-small_circuit/0-seq_mod3_detector/2-SYN/outputs/1025_2227/seq_mod3_detector.v'.
1
write_link_library -out                               ./outputs/$data/link_library.txt
1
save_upf                                               ./outputs/$data/${TOP_MODULE}.upf
1
report_power_domain [get_power_domains * -hierarchical] > ./rpt/$data/${TOP_MODULE}_final_power_domain.rpt
Warning: Can't find power_domains matching '*' in design 'seq_mod3_detector'. (UID-95)
Error: Errors detected during redirect
	Use error_info for more info. (CMD-013)
report_supply_net [get_supply_nets *]                     > ./rpt/$data/${TOP_MODULE}_final_supple_net.rpt
Warning: Can't find supply_nets matching '*' in design 'seq_mod3_detector'. (UID-95)
Error: Errors detected during redirect
	Use error_info for more info. (CMD-013)
report_level_shifter -domain [get_power_domains * -hierarchical] > ./rpt/$data/${TOP_MODULE}_final_level_shifter.rpt
Warning: Can't find power_domains matching '*' in design 'seq_mod3_detector'. (UID-95)
#report_pst                                                   > ./rpt/$data/${TOP_MODULE}_final_pst.rpt
#############################################################################333333333
report_constraint -all_vio > ./rpt/$data/constrant.rpt
report_area   -hier        > ./rpt/$data/area.rpt
report_constraint  -all_violators                         > ./rpt/$data/${TOP_MODULE}_constraint_all_violators.rpt
check_timing                                              > ./rpt/$data/${TOP_MODULE}_check_timing_final.rpt
report_timing_requirements                                > ./rpt/$data/${TOP_MODULE}_report_timing_requirements.rpt
report_timing -transition_time -nets -attributes -nosplit > ./rpt/$data/${TOP_MODULE}_mapped_timing.rpt
report_area -physical -nosplit -hierarchy                 > ./rpt/$data/${TOP_MODULE}_mapped_area.rpt
report_power                                              > ./rpt/$data/${TOP_MODULE}_power.rpt
report_cell                                               > ./rpt/$data/${TOP_MODULE}_cell.rpt
#report_timing  -delay max -max_paths 50                   > ./rpt/$data/${TOP_MODULE}_timing_max_path.rpt
report_timing  -delay max -path_type full_clock_expanded -sort_by slack -max_paths 50 -nosplit                   > ./rpt/$data/${TOP_MODULE}_timing_max_path.rpt
report_timing  -delay min -path_type full_clock_expanded -sort_by slack -max_paths 50 -nosplit                   > ./rpt/$data/${TOP_MODULE}_timing_min_path.rpt
report_reference                                          > ./rpt/$data/${TOP_MODULE}_ref.rpt
report_power -hierarchy -levels 3                         > ./rpt/$data/${TOP_MODULE}_hie_power.rpt
report_power -verbose                                     > ./rpt/$data/${TOP_MODULE}_total_power.rpt
report_clock_gating -gated -verbose                       > ./rpt/$data/${TOP_MODULE}_clock_gating_gated.rpt
report_clock_gating -ungated -verbose                     > ./rpt/$data/${TOP_MODULE}_clock_gating_ungated.rpt
dc_shell> 