current_design CORE
Current design is 'CORE'.
{"CORE"}
set_scan_configuration -style multiplexed_flip_flop
Accepted scan specification for design 'CORE'.
1
set_scan_configuration -methodology full_scan
Accepted scan specification for design 'CORE'.
1
compile -scan

  Loading design 'CORE'
Warning: In design 'CORE', there is 1 port not connected to any nets. (LINT-30)
Warning: In design 'CLOCK_GEN', there is 1 feedthrough. (LINT-30)
Warning: In design 'TIME_BLOCK', there are 11 output ports shorted to other output ports. (LINT-30)
Warning: In design 'ALARM_BLOCK', there are 11 output ports shorted to other output ports. (LINT-30)
Warning: In design 'CONVERTOR_CKT', there is 1 port not connected to any nets. (LINT-30)
Warning: In design 'CONVERTOR_CKT', there is 1 submodule connected to power or ground. (LINT-30)
Warning: In design 'CONVERTOR_CKT', there is 1 submodule with pins connected to the same net. (LINT-30)
Warning: In design 'CONVERTOR_1', there are 3 ports not connected to any nets. (LINT-30)
Warning: In design 'CONVERTOR_1', there are 4 output ports shorted to other output ports. (LINT-30)
Warning: In design 'CONVERTOR_0', there is 1 output port shorted to another output port. (LINT-30)
Warning: In design 'HOURS_FILTER', there is 1 feedthrough. (LINT-30)

Information: Use the 'check_design' command for 
	 more information about warnings. (LINT-99)


  Beginning Pass 1 Mapping
  ------------------------
  Structuring 'HOURS_FILTER'
  Mapping 'HOURS_FILTER'

                                               TOTAL NEG     DESIGN RULE
            TRIALS      AREA     DELTA DELAY     SLACK          COST
           --------    ------    -----------    -------        ------
	         1       39.0          0.00         0.0           0.0 
	         1       39.0          0.00         0.0           0.0 
  Structuring 'CONVERTOR_0'
  Mapping 'CONVERTOR_0'
	         1      411.0          0.00         0.0           0.0 
	         1      411.0          0.00         0.0           0.0 
  Structuring 'CONVERTOR_1'
  Mapping 'CONVERTOR_1'
	         1      513.0          0.00         0.0           0.0 
	         1      513.0          0.00         0.0           0.0 
  Structuring 'MUX'
  Mapping 'MUX'
	         1      605.0          0.00         0.0           0.0 
	         1      605.0          0.00         0.0           0.0 
  Structuring 'COMPARATOR'
  Mapping 'COMPARATOR'
	         1      666.0          0.00         0.0           0.0 
	         1      666.0          0.00         0.0           0.0 
  Structuring 'ALARM_SM_2'
  Mapping 'ALARM_SM_2'
	         1      672.0          0.00         0.0           0.0 
	         1      672.0          0.00         0.0           0.0 
  Structuring 'ALARM_BLOCK'
  Mapping 'ALARM_BLOCK'
	         1      848.0          0.00         0.0           0.0 
	         1      848.0          0.00         0.0           0.0 
  Structuring 'TIME_BLOCK'
  Mapping 'TIME_BLOCK'
	         1     1153.0          0.64         2.3           0.0 
	         1     1153.0          0.64         2.3           0.0 

  Beginning Mapping Optimizations  (Medium effort)
  -------------------------------
  Structuring 'TIME_BLOCK'
  Mapping 'TIME_BLOCK'
	         1     1509.0          3.09        16.1           0.0 
	         1     1509.0          3.09        16.1           0.0 
  Structuring 'HOURS_FILTER'
  Mapping 'HOURS_FILTER'
	         1     1509.0          3.09        16.1           0.0 
	         1     1509.0          3.09        16.1           0.0 
  Structuring 'CONVERTOR_0'
  Mapping 'CONVERTOR_0'
	         1     1523.0          3.09        16.1           0.0 
	         1     1523.0          3.09        16.1           0.0 
  Structuring 'CONVERTOR_1'
  Mapping 'CONVERTOR_1'
	         1     1513.0          3.09        16.1           0.0 
	         1     1513.0          3.09        16.1           0.0 
  Structuring 'MUX'
  Mapping 'MUX'
	         1     1603.0          3.09        16.1           0.0 
	         1     1603.0          3.09        16.1           0.0 
  Structuring 'COMPARATOR'
  Mapping 'COMPARATOR'
	         1     1603.0          3.09        16.1           0.0 
	         1     1603.0          3.09        16.1           0.0 
  Structuring 'ALARM_SM_2'
  Mapping 'ALARM_SM_2'
	         1     1603.0          3.09        16.1           0.0 
	         1     1603.0          3.09        16.1           0.0 
  Structuring 'ALARM_BLOCK'
  Mapping 'ALARM_BLOCK'
	         1     1660.0          3.09        16.1           0.0 
	         1     1660.0          3.09        16.1           0.0 
	        44     1668.0          2.44        11.2           0.0 
	         1     1668.0          2.44        11.2           0.0 
	         1     1668.0          2.44        11.2           0.0 
	        84     1669.0          2.06         7.8           0.0 
	        29     1668.0          1.98         7.3           0.0 
	        19     1667.0          1.98         7.3           0.0 
	        50     1668.0          1.58         4.8           0.0 
	         1     1668.0          1.58         4.8           0.0 
	         1     1668.0          1.58         4.8           0.0 
	        44     1662.0          0.39         0.8           0.0 
	         1     1662.0          0.39         0.8           0.0 
	         1     1662.0          0.39         0.8           0.0 
	         1     1662.0          0.39         0.8           0.0 
	        52     1658.0          0.00         0.0           0.0 
	         1     1658.0          0.00         0.0           0.0 
	         3
	   --------
	       325



  Beginning Area-Recovery Phase  (cleanup)
  -----------------------------

                                               TOTAL NEG     DESIGN RULE
            TRIALS      AREA     DELTA DELAY     SLACK          COST
           --------    ------    -----------    -------        ------
	         3     1657.0          0.00         0.0           0.0 
	         2     1655.0          0.00         0.0           0.0 
	         4     1651.0          0.00         0.0           0.0 
	         2     1647.0          0.00         0.0           0.0 
	         2     1643.0          0.00         0.0           0.0 
	         2     1639.0          0.00         0.0           0.0 
	         2     1635.0          0.00         0.0           0.0 
	         2     1631.0          0.00         0.0           0.0 
	         2     1627.0          0.00         0.0           0.0 
	         2     1623.0          0.00         0.0           0.0 
	         2     1619.0          0.00         0.0           0.0 
	         2     1615.0          0.00         0.0           0.0 
	         2     1611.0          0.00         0.0           0.0 
	         2     1607.0          0.00         0.0           0.0 
	         2     1605.0          0.00         0.0           0.0 
	         2     1603.0          0.00         0.0           0.0 
	         2     1600.0          0.00         0.0           0.0 
	         2     1597.0          0.00         0.0           0.0 
	         3     1595.0          0.00         0.0           0.0 
	         2     1593.0          0.00         0.0           0.0 
	         2     1591.0          0.00         0.0           0.0 
	         2     1589.0          0.00         0.0           0.0 
	         2     1587.0          0.00         0.0           0.0 
	         2     1585.0          0.00         0.0           0.0 
	         2     1583.0          0.00         0.0           0.0 
	         2     1581.0          0.00         0.0           0.0 
	         2     1579.0          0.00         0.0           0.0 
	         2     1577.0          0.00         0.0           0.0 
	         2     1575.0          0.00         0.0           0.0 
	         2     1573.0          0.00         0.0           0.0 
	         2     1569.0          0.00         0.0           0.0 
	         2     1565.0          0.00         0.0           0.0 
	         2     1561.0          0.00         0.0           0.0 
	         2     1557.0          0.00         0.0           0.0 
	         2     1553.0          0.00         0.0           0.0 
	         2     1549.0          0.00         0.0           0.0 
	         2     1545.0          0.00         0.0           0.0 
	         2     1541.0          0.00         0.0           0.0 
	         2     1537.0          0.00         0.0           0.0 
	         2     1533.0          0.00         0.0           0.0 
	         2     1529.0          0.00         0.0           0.0 
	         2     1525.0          0.00         0.0           0.0 
	         2     1521.0          0.00         0.0           0.0 
	         2     1517.0          0.00         0.0           0.0 
	         2     1513.0          0.00         0.0           0.0 
	         2     1509.0          0.00         0.0           0.0 
	         2     1505.0          0.00         0.0           0.0 
	         2     1501.0          0.00         0.0           0.0 
	         2     1497.0          0.00         0.0           0.0 
	         2     1493.0          0.00         0.0           0.0 
	         2     1489.0          0.00         0.0           0.0 
	         2     1485.0          0.00         0.0           0.0 
	         3     1483.0          0.00         0.0           0.0 
	         2     1481.0          0.00         0.0           0.0 
	         2     1478.0          0.00         0.0           0.0 
	         2     1475.0          0.00         0.0           0.0 
	         2     1472.0          0.00         0.0           0.0 
	         2     1469.0          0.00         0.0           0.0 
	         2     1467.0          0.00         0.0           0.0 
	         2     1463.0          0.00         0.0           0.0 
	         2     1459.0          0.00         0.0           0.0 
	         2     1455.0          0.00         0.0           0.0 
	         2     1451.0          0.00         0.0           0.0 
	         2     1447.0          0.00         0.0           0.0 
	         2     1443.0          0.00         0.0           0.0 
	         2     1439.0          0.00         0.0           0.0 
	         2     1435.0          0.00         0.0           0.0 
	         2     1431.0          0.00         0.0           0.0 
	         2     1427.0          0.00         0.0           0.0 
	         2     1423.0          0.00         0.0           0.0 
	         2     1419.0          0.00         0.0           0.0 
	         2     1415.0          0.00         0.0           0.0 
	         2     1411.0          0.00         0.0           0.0 
	         2     1407.0          0.00         0.0           0.0 
	         2     1403.0          0.00         0.0           0.0 
	         2     1399.0          0.00         0.0           0.0 
	         2     1396.0          0.00         0.0           0.0 
	         2     1393.0          0.00         0.0           0.0 
	         4     1392.0          0.00         0.0           0.0 
	         2     1390.0          0.00         0.0           0.0 
	         2     1388.0          0.00         0.0           0.0 
	         2     1386.0          0.00         0.0           0.0 
	         2     1384.0          0.00         0.0           0.0 
	         2     1382.0          0.00         0.0           0.0 
	         2     1380.0          0.00         0.0           0.0 
	         2     1378.0          0.00         0.0           0.0 
	         2     1376.0          0.00         0.0           0.0 
	         2     1374.0          0.00         0.0           0.0 
	         2     1372.0          0.00         0.0           0.0 
	         5     1371.0          0.00         0.0           0.0 
	        21     1370.0          0.00         0.0           0.0 
	         7     1369.0          0.00         0.0           0.0 
	         7     1368.0          0.00         0.0           0.0 
	         7     1367.0          0.00         0.0           0.0 
	         7     1366.0          0.00         0.0           0.0 
	         7     1365.0          0.00         0.0           0.0 
	         5     1364.0          0.00         0.0           0.0 
	         5     1363.0          0.00         0.0           0.0 
	         7     1362.0          0.00         0.0           0.0 
	         7     1361.0          0.00         0.0           0.0 
	        11     1360.0          0.00         0.0           0.0 
	         7     1359.0          0.00         0.0           0.0 
	         7     1358.0          0.00         0.0           0.0 
	         7     1357.0          0.00         0.0           0.0 
	         7     1356.0          0.00         0.0           0.0 
	         7     1355.0          0.00         0.0           0.0 
	         7     1354.0          0.00         0.0           0.0 
	         7     1353.0          0.00         0.0           0.0 
	         7     1352.0          0.00         0.0           0.0 
	         7     1351.0          0.00         0.0           0.0 
	         7     1350.0          0.00         0.0           0.0 
	        15     1349.0          0.00         0.0           0.0 
	        15     1345.0          0.00         0.0           0.0 
	         1     1345.0          0.00         0.0           0.0 
	        31     1336.0          0.00         0.0           0.0 
	         1     1336.0          0.00         0.0           0.0 
	         1     1336.0          0.00         0.0           0.0 
	         1     1336.0          0.00         0.0           0.0 
	         1     1336.0          0.00         0.0           0.0 
	         1     1336.0          0.00         0.0           0.0 
	         1     1336.0          0.00         0.0           0.0 
	         1     1336.0          0.00         0.0           0.0 
	         9     1334.0          0.00         0.0           0.0 
	         1     1334.0          0.00         0.0           0.0 
	         9     1331.0          0.00         0.0           0.0 
	         1     1331.0          0.00         0.0           0.0 
	         1     1331.0          0.00         0.0           0.0 
	         1     1331.0          0.00         0.0           0.0 
	         9     1328.0          0.00         0.0           0.0 
	         1     1328.0          0.00         0.0           0.0 
	         1     1328.0          0.00         0.0           0.0 
	         1     1328.0          0.00         0.0           0.0 
	        13     1323.0          0.00         0.0           0.0 
	         1     1323.0          0.00         0.0           0.0 
	         1     1323.0          0.00         0.0           0.0 
	         1     1323.0          0.00         0.0           0.0 
	         1     1323.0          0.00         0.0           0.0 
	         9     1320.0          0.00         0.0           0.0 
	         1     1320.0          0.00         0.0           0.0 
	         1     1320.0          0.00         0.0           0.0 
	         1     1320.0          0.00         0.0           0.0 
	         9     1317.0          0.00         0.0           0.0 
	         1     1317.0          0.00         0.0           0.0 
	         1     1317.0          0.00         0.0           0.0 
	         1     1317.0          0.00         0.0           0.0 
	        11     1313.0          0.00         0.0           0.0 
	         1     1313.0          0.00         0.0           0.0 
	         1     1313.0          0.00         0.0           0.0 
	         1     1313.0          0.00         0.0           0.0 
	         1     1313.0          0.00         0.0           0.0 
	        33     1306.0          0.00         0.0           0.0 
	         1     1306.0          0.00         0.0           0.0 
	         1     1306.0          0.00         0.0           0.0 
	         1     1306.0          0.00         0.0           0.0 
	         1     1306.0          0.00         0.0           0.0 
	         1     1306.0          0.00         0.0           0.0 
	         1     1306.0          0.00         0.0           0.0 
	         1     1306.0          0.00         0.0           0.0 
	        19     1295.0          0.00         0.0           0.0 
	         1     1295.0          0.00         0.0           0.0 
	         1     1295.0          0.00         0.0           0.0 
	         1     1295.0          0.00         0.0           0.0 
	         1     1295.0          0.00         0.0           0.0 
	         1     1295.0          0.00         0.0           0.0 
	         1     1295.0          0.00         0.0           0.0 
	        15     1288.0          0.00         0.0           0.0 
	         1     1288.0          0.00         0.0           0.0 
	         1     1288.0          0.00         0.0           0.0 
	         1     1288.0          0.00         0.0           0.0 
	         1     1288.0          0.00         0.0           0.0 
	        11     1284.0          0.00         0.0           0.0 
	         1     1284.0          0.00         0.0           0.0 
	         1     1284.0          0.00         0.0           0.0 
	         1     1284.0          0.00         0.0           0.0 
	        35     1278.0          0.00         0.0           0.0 
	         1     1278.0          0.00         0.0           0.0 
	         1     1278.0          0.00         0.0           0.0 
	         1     1278.0          0.00         0.0           0.0 
	         1     1278.0          0.00         0.0           0.0 
	         1     1278.0          0.00         0.0           0.0 
	        15     1272.0          0.00         0.0           0.0 
	         1     1272.0          0.00         0.0           0.0 
	         1     1272.0          0.00         0.0           0.0 
	         1     1272.0          0.00         0.0           0.0 
	         1     1272.0          0.00         0.0           0.0 
	         1     1272.0          0.00         0.0           0.0 
	         9     1270.0          0.00         0.0           0.0 
	         1     1270.0          0.00         0.0           0.0 
	         7     1267.0          0.00         0.0           0.0 
	         1     1267.0          0.00         0.0           0.0 
	         1     1267.0          0.00         0.0           0.0 
	         7     1264.0          0.00         0.0           0.0 
	         1     1264.0          0.00         0.0           0.0 
	         1     1264.0          0.00         0.0           0.0 
	        19     1257.0          0.00         0.0           0.0 
	         1     1257.0          0.00         0.0           0.0 
	         1     1257.0          0.00         0.0           0.0 
	         1     1257.0          0.00         0.0           0.0 
	         7     1254.0          0.00         0.0           0.0 
	         1     1254.0          0.00         0.0           0.0 
	         1     1254.0          0.00         0.0           0.0 
	        11     1250.0          0.00         0.0           0.0 
	         1     1250.0          0.00         0.0           0.0 
	         1     1250.0          0.00         0.0           0.0 
	         1     1250.0          0.00         0.0           0.0 
	        23     1241.0          0.00         0.0           0.0 
	         1     1241.0          0.00         0.0           0.0 
	         1     1241.0          0.00         0.0           0.0 
	         1     1241.0          0.00         0.0           0.0 
	         1     1241.0          0.00         0.0           0.0 
	         1     1241.0          0.00         0.0           0.0 
	         1     1241.0          0.00         0.0           0.0 
	         1     1241.0          0.00         0.0           0.0 
	        17     1237.0          0.00         0.0           0.0 
	         1     1237.0          0.00         0.0           0.0 
	         1     1237.0          0.00         0.0           0.0 
	        13     1233.0          0.00         0.0           0.0 
	         1     1233.0          0.00         0.0           0.0 
	         1     1233.0          0.00         0.0           0.0 
	         1     1233.0          0.00         0.0           0.0 
	        19     1229.0          0.00         0.0           0.0 
	         1     1229.0          0.00         0.0           0.0 
	         1     1229.0          0.00         0.0           0.0 
	         1     1229.0          0.00         0.0           0.0 
	        19     1227.0          0.00         0.0           0.0 
	         1     1227.0          0.00         0.0           0.0 
	        19     1225.0          0.00         0.0           0.0 
	         1     1225.0          0.00         0.0           0.0 
	        21     1223.0          0.00         0.0           0.0 
	         1     1223.0          0.00         0.0           0.0 
	        19     1221.0          0.00         0.0           0.0 
	         1     1221.0          0.00         0.0           0.0 
	        29     1219.0          0.00         0.0           0.0 
	         1     1219.0          0.00         0.0           0.0 
	        17     1217.0          0.00         0.0           0.0 
	         1     1217.0          0.00         0.0           0.0 
	        17     1215.0          0.00         0.0           0.0 
	         1     1215.0          0.00         0.0           0.0 
	        17     1212.0          0.00         0.0           0.0 
	         1     1212.0          0.00         0.0           0.0 
	         1     1212.0          0.00         0.0           0.0 
	        19     1209.0          0.00         0.0           0.0 
	         1     1209.0          0.00         0.0           0.0 
	         1     1209.0          0.00         0.0           0.0 
	        17     1206.0          0.00         0.0           0.0 
	         1     1206.0          0.00         0.0           0.0 
	         1     1206.0          0.00         0.0           0.0 
	        19     1204.0          0.00         0.0           0.0 
	         1     1204.0          0.00         0.0           0.0 
	        13     1201.0          0.00         0.0           0.0 
	         1     1201.0          0.00         0.0           0.0 
	         1     1201.0          0.00         0.0           0.0 
	        15     1199.0          0.00         0.0           0.0 
	         1     1199.0          0.00         0.0           0.0 
	        15     1197.0          0.00         0.0           0.0 
	         1     1197.0          0.00         0.0           0.0 
	        27     1194.0          0.00         0.0           0.0 
	         1     1194.0          0.00         0.0           0.0 
	         1     1194.0          0.00         0.0           0.0 
	        18     1193.0          0.00         0.0           0.0 
	         2     1192.0          0.00         0.0           0.0 
	         2     1191.0          0.00         0.0           0.0 
	         2     1189.0          0.00         0.0           0.0 
	        14     1187.0          0.00         0.0           0.0 
	         1     1187.0          0.00         0.0           0.0 
	        15     1184.0          0.00         0.0           0.0 
	         1     1184.0          0.00         0.0           0.0 
	         1     1184.0          0.00         0.0           0.0 
	        15     1181.0          0.00         0.0           0.0 
	         1     1181.0          0.00         0.0           0.0 
	         1     1181.0          0.00         0.0           0.0 
	        17     1177.0          0.00         0.0           0.0 
	         1     1177.0          0.00         0.0           0.0 
	         1     1177.0          0.00         0.0           0.0 
	         1     1177.0          0.00         0.0           0.0 
	        29     1172.0          0.00         0.0           0.0 
	         1     1172.0          0.00         0.0           0.0 
	         1     1172.0          0.00         0.0           0.0 
	         1     1172.0          0.00         0.0           0.0 
	        21     1168.0          0.00         0.0           0.0 
	         1     1168.0          0.00         0.0           0.0 
	         1     1168.0          0.00         0.0           0.0 
	         1     1168.0          0.00         0.0           0.0 
	        21     1162.0          0.00         0.0           0.0 
	         1     1162.0          0.00         0.0           0.0 
	         1     1162.0          0.00         0.0           0.0 
	         1     1162.0          0.00         0.0           0.0 
	         1     1162.0          0.00         0.0           0.0 
	         1     1162.0          0.00         0.0           0.0 
	        19     1159.0          0.00         0.0           0.0 
	         1     1159.0          0.00         0.0           0.0 
	         1     1159.0          0.00         0.0           0.0 
	        19     1157.0          0.00         0.0           0.0 
	         1     1157.0          0.00         0.0           0.0 
	        21     1155.0          0.00         0.0           0.0 
	         1     1155.0          0.00         0.0           0.0 
	        27     1153.0          0.00         0.0           0.0 
	         1     1153.0          0.00         0.0           0.0 
	        13     1149.0          0.00         0.0           0.0 
	         1     1149.0          0.00         0.0           0.0 
	         1     1149.0          0.00         0.0           0.0 
	        11     1148.0          0.00         0.0           0.0 
	         9     1145.0          0.00         0.0           0.0 
	         1     1145.0          0.00         0.0           0.0 
	         1     1145.0          0.00         0.0           0.0 
	        13     1141.0          0.00         0.0           0.0 
	         1     1141.0          0.00         0.0           0.0 
	         1     1141.0          0.00         0.0           0.0 
	        39     1139.0          0.00         0.0           0.0 
	         1     1139.0          0.00         0.0           0.0 
	        37     1138.0          0.00         0.0           0.0 
	        17     1137.0          0.00         0.0           0.0 
	         9     1134.0          0.00         0.0           0.0 
	         1     1134.0          0.00         0.0           0.0 
	         1     1134.0          0.00         0.0           0.0 
	        41     1132.0          0.00         0.0           0.0 
	         1     1132.0          0.00         0.0           0.0 
	        25     1131.0          0.00         0.0           0.0 
	        25     1130.0          0.00         0.0           0.0 
	        27     1128.0          0.00         0.0           0.0 
	         1     1128.0          0.00         0.0           0.0 
	        39     1126.0          0.00         0.0           0.0 
	         1     1126.0          0.00         0.0           0.0 
	        59     1125.0          0.00         0.0           0.0 
	        19     1124.0          0.00         0.0           0.0 
	        37     1118.0          0.00         0.0           0.0 
	         1     1118.0          0.00         0.0           0.0 
	         1     1118.0          0.00         0.0           0.0 
	         1     1118.0          0.00         0.0           0.0 
	         1     1118.0          0.00         0.0           0.0 
	         1     1118.0          0.00         0.0           0.0 
	        53     1114.0          0.00         0.0           0.0 
	         1     1114.0          0.00         0.0           0.0 
	         1     1114.0          0.00         0.0           0.0 
	         1     1114.0          0.00         0.0           0.0 
	        25     1112.0          0.00         0.0           0.0 
	         1     1112.0          0.00         0.0           0.0 
	        39     1111.0          0.00         0.0           0.0 
	        27     1108.0          0.00         0.0           0.0 
	         1     1108.0          0.00         0.0           0.0 
	         1     1108.0          0.00         0.0           0.0 
	         9     1106.0          0.00         0.0           0.0 
	         1     1106.0          0.00         0.0           0.0 
	        37     1105.0          0.00         0.0           0.0 
	        27     1102.0          0.00         0.0           0.0 
	         1     1102.0          0.00         0.0           0.0 
	         1     1102.0          0.00         0.0           0.0 
	        25     1101.0          0.00         0.0           0.0 
	        37     1100.0          0.00         0.0           0.0 
	        51     1098.0          0.00         0.0           0.0 
	         1     1098.0          0.00         0.0           0.0 
	        11     1096.0          0.00         0.0           0.0 
	         1     1096.0          0.00         0.0           0.0 
	        49     1095.0          0.00         0.0           0.0 
	        25     1094.0          0.00         0.0           0.0 
	         9     1091.0          0.00         0.0           0.0 
	         1     1091.0          0.00         0.0           0.0 
	         1     1091.0          0.00         0.0           0.0 
	        17     1087.0          0.00         0.0           0.0 
	         1     1087.0          0.00         0.0           0.0 
	         1     1087.0          0.00         0.0           0.0 
	        23     1085.0          0.00         0.0           0.0 
	        11     1083.0          0.00         0.0           0.0 
	         1     1083.0          0.00         0.0           0.0 
	        17     1082.0          0.00         0.0           0.0 
	        15     1079.0          0.00         0.0           0.0 
	         1     1079.0          0.00         0.0           0.0 
	         1     1079.0          0.00         0.0           0.0 
	        29     1076.0          0.00         0.0           0.0 
	         1     1076.0          0.00         0.0           0.0 
	        19     1071.0          0.00         0.0           0.0 
	         1     1071.0          0.00         0.0           0.0 
	         1     1071.0          0.00         0.0           0.0 
	         1     1071.0          0.00         0.0           0.0 
	         9     1069.0          0.00         0.0           0.0 
	         1     1069.0          0.00         0.0           0.0 
	        11     1068.0          0.00         0.0           0.0 
	        37     1067.0          0.00         0.0           0.0 
	        15     1065.0          0.00         0.0           0.0 
	         1     1065.0          0.00         0.0           0.0 
	        13     1063.0          0.00         0.0           0.0 
	         1     1063.0          0.00         0.0           0.0 
	        11     1059.0          0.00         0.0           0.0 
	         1     1059.0          0.00         0.0           0.0 
	         1     1059.0          0.00         0.0           0.0 
	         1     1059.0          0.00         0.0           0.0 
	         9     1057.0          0.00         0.0           0.0 
	         1     1057.0          0.00         0.0           0.0 
	         9     1055.0          0.00         0.0           0.0 
	         1     1055.0          0.00         0.0           0.0 
	         9     1053.0          0.00         0.0           0.0 
	         1     1053.0          0.00         0.0           0.0 
	        27     1052.0          0.00         0.0           0.0 
	        35     1051.0          0.00         0.0           0.0 
	        25     1050.0          0.00         0.0           0.0 
	        15     1048.0          0.00         0.0           0.0 
	         1     1048.0          0.00         0.0           0.0 
	        27     1047.0          0.00         0.0           0.0 
	        29     1046.0          0.00         0.0           0.0 
	        51     1043.0          0.00         0.0           0.0 
	         1     1043.0          0.00         0.0           0.0 
	         1     1043.0          0.00         0.0           0.0 
	        25     1041.0          0.00         0.0           0.0 
	        15     1036.0          0.00         0.0           0.0 
	         1     1036.0          0.00         0.0           0.0 
	         1     1036.0          0.00         0.0           0.0 
	         1     1036.0          0.00         0.0           0.0 
	         1     1036.0          0.00         0.0           0.0 
	        13     1035.0          0.00         0.0           0.0 
	        23     1032.0          0.00         0.0           0.0 
	         1     1032.0          0.00         0.0           0.0 
	        17     1030.0          0.00         0.0           0.0 
	         1     1030.0          0.00         0.0           0.0 
	        19     1028.0          0.00         0.0           0.0 
	         1     1028.0          0.00         0.0           0.0 
	        19     1024.0          0.00         0.0           0.0 
	         1     1024.0          0.00         0.0           0.0 
	         1     1024.0          0.00         0.0           0.0 
	        15     1023.0          0.00         0.0           0.0 
	        23     1020.0          0.00         0.0           0.0 
	         1     1020.0          0.00         0.0           0.0 
	        15     1019.0          0.00         0.0           0.0 
	        11     1018.0          0.00         0.0           0.0 
	        15     1017.0          0.00         0.0           0.0 
	        27     1015.0          0.00         0.0           0.0 
	        11     1013.0          0.00         0.0           0.0 
	         1     1013.0          0.00         0.0           0.0 
	        43     1012.0          0.00         0.0           0.0 
	        33     1007.0          0.00         0.0           0.0 
	         1     1007.0          0.00         0.0           0.0 
	         1     1007.0          0.00         0.0           0.0 
	         1     1007.0          0.00         0.0           0.0 
	        21     1006.0          0.00         0.0           0.0 
	        21     1005.0          0.00         0.0           0.0 
	        23     1004.0          0.00         0.0           0.0 
	        23     1003.0          0.00         0.0           0.0 
	         7     1001.0          0.00         0.0           0.0 
	         1     1001.0          0.00         0.0           0.0 
	        35     1000.0          0.00         0.0           0.0 
	        35      999.0          0.00         0.0           0.0 
	        35      998.0          0.00         0.0           0.0 
	        35      997.0          0.00         0.0           0.0 
	        37      996.0          0.00         0.0           0.0 
	        13      994.0          0.00         0.0           0.0 
	         1      994.0          0.00         0.0           0.0 
	        11      993.0          0.00         0.0           0.0 
	        39      992.0          0.00         0.0           0.0 
	        25      991.0          0.00         0.0           0.0 
	        23      990.0          0.00         0.0           0.0 
	        35      989.0          0.00         0.0           0.0 
	        27      988.0          0.00         0.0           0.0 
	        25      987.0          0.00         0.0           0.0 
	        19      986.0          0.00         0.0           0.0 
	        13      985.0          0.00         0.0           0.0 
	        13      983.0          0.00         0.0           0.0 
	         1      983.0          0.00         0.0           0.0 
	         9      981.0          0.00         0.0           0.0 
	         1      981.0          0.00         0.0           0.0 
	        13      980.0          0.00         0.0           0.0 
	         9      979.0          0.00         0.0           0.0 
	        39      978.0          0.00         0.0           0.0 
	        11      977.0          0.00         0.0           0.0 
	        47      976.0          0.00         0.0           0.0 
	        17      975.0          0.00         0.0           0.0 
	        29      974.0          0.00         0.0           0.0 
	        45      970.0          0.00         0.0           0.0 
	         1      970.0          0.00         0.0           0.0 
	         1      970.0          0.00         0.0           0.0 
	         1      970.0          0.00         0.0           0.0 
	        31      967.0          0.00         0.0           0.0 
	         1      967.0          0.00         0.0           0.0 
	         1      967.0          0.00         0.0           0.0 
	        45      963.0          0.00         0.0           0.0 
	         1      963.0          0.00         0.0           0.0 
	         1      963.0          0.00         0.0           0.0 
	         1      963.0          0.00         0.0           0.0 
	        39      959.0          0.00         0.0           0.0 
	         1      959.0          0.00         0.0           0.0 
	         1      959.0          0.00         0.0           0.0 
	         1      959.0          0.00         0.0           0.0 
	         0
	   --------
	      3758


  Optimization Complete
  ---------------------
  Transferring Design 'HOURS_FILTER' to database 'FLOW2.db'
  Transferring Design 'CONVERTOR_0' to database 'FLOW2.db'
  Transferring Design 'CONVERTOR_1' to database 'FLOW2.db'
  Transferring Design 'CONVERTOR_CKT' to database 'FLOW2.db'
  Transferring Design 'MUX' to database 'FLOW2.db'
  Transferring Design 'COMPARATOR' to database 'FLOW2.db'
  Transferring Design 'ALARM_SM_2' to database 'FLOW2.db'
  Transferring Design 'ALARM_BLOCK' to database 'FLOW2.db'
  Transferring Design 'TIME_BLOCK' to database 'FLOW2.db'
  Transferring Design 'CLOCK_GEN' to database 'FLOW2.db'
  Transferring Design 'COMPUTE_BLOCK' to database 'FLOW2.db'
  Transferring Design 'CORE' to database 'FLOW2.db'
Current design is 'CORE'.
1

current_design CORE
Current design is 'CORE'.
{"CORE"}
set_scan_configuration -style multiplexed_flip_flop
Warning: Overwriting existing scan style multiplexed_flip_flop. (TESTDB-1)
Accepted scan specification for design 'CORE'.
1
set_scan_configuration -methodology full_scan
Accepted scan specification for design 'CORE'.
1
set_scan_configuration -chain_count 1
Accepted scan specification for design 'CORE'.
1
create_test_clock -period 100 -waveform {40, 60} find(port, "CLK")
Performing create_test_clock on port 'CLK'. 
1
set_scan_signal test_scan_in -port "HRS"
Performing set_scan_signal on port 'HRS'. 
Accepted scan signal specification.
1
set_scan_signal test_scan_out -port "SPEAKER_OUT"
Performing set_scan_signal on port 'SPEAKER_OUT'. 
Accepted scan signal specification.
1
set_scan_signal test_scan_enable -port "TEST_SE"
Performing set_scan_signal on port 'TEST_SE'. 
Accepted scan signal specification.
1
preview_scan -show all
  Loading design 'CORE'
  Checking test design rules
  Architecting Scan Chains

****************************************
Preview scan report
For    : 'Insert_scan' command
Design : CORE
Version: 1998.02
Date   : Sat Aug 29 18:06:11 1998
****************************************

Number of chains: 1
Scan methodology: full_scan
Scan style: multiplexed_flip_flop
Clock domain: no_mix
Scan enable: TEST_SE (no hookup pin)

  (l) shows cell scan-out drives a lockup latch
  (s) shows cell is a scan segment
  (t) shows cell has a true scan attribute
  (w) shows cell scan-out drives a wire


Scan chain '1' (HRS --> SPEAKER_OUT) contains 33 cells:

  U1/U1/AM_PM_OUT_reg           (CLK, 40.0, rising)
  U1/U1/CURRENT_SECS_reg[0]     
  U1/U1/CURRENT_SECS_reg[1]     
  U1/U1/CURRENT_SECS_reg[2]     
  U1/U1/CURRENT_SECS_reg[3]     
  U1/U1/CURRENT_SECS_reg[4]     
  U1/U1/CURRENT_SECS_reg[5]     
  U1/U1/CURRENT_STATE_reg[0]    
  U1/U1/CURRENT_STATE_reg[1]    
  U1/U1/HOURS_OUT_reg[0]        
  U1/U1/HOURS_OUT_reg[1]        
  U1/U1/HOURS_OUT_reg[2]        
  U1/U1/HOURS_OUT_reg[3]        
  U1/U1/MINUTES_OUT_reg[0]      
  U1/U1/MINUTES_OUT_reg[1]      
  U1/U1/MINUTES_OUT_reg[2]      
  U1/U1/MINUTES_OUT_reg[3]      
  U1/U1/MINUTES_OUT_reg[4]      
  U1/U1/MINUTES_OUT_reg[5]      
  U1/U2/AM_PM_OUT_reg           
  U1/U2/CURRENT_STATE_reg[0]    
  U1/U2/CURRENT_STATE_reg[1]    
  U1/U2/HOURS_OUT_reg[0]        
  U1/U2/HOURS_OUT_reg[1]        
  U1/U2/HOURS_OUT_reg[2]        
  U1/U2/HOURS_OUT_reg[3]        
  U1/U2/MINUTES_OUT_reg[0]      
  U1/U2/MINUTES_OUT_reg[1]      
  U1/U2/MINUTES_OUT_reg[2]      
  U1/U2/MINUTES_OUT_reg[3]      
  U1/U2/MINUTES_OUT_reg[4]      
  U1/U2/MINUTES_OUT_reg[5]      
  U1/U5/CURRENT_STATE_reg       

  Scan signals:
    test_scan_in: HRS (no hookup pin)
    test_scan_out: SPEAKER_OUT (no hookup pin)


****************************************

No segments


****************************************

No cells have scan true

No cells have scan false


1
insert_scan
Warning: You have asked for scan replacement, but attributes show that the design already has scan circuitry. Your request is ignored. (UIT-4)
  Loading design 'CORE'
Warning: In design 'CORE', there is 1 port not connected to any nets. (LINT-30)
Warning: In design 'CLOCK_GEN', there is 1 feedthrough. (LINT-30)
Warning: In design 'TIME_BLOCK', there are 11 output ports shorted to other output ports. (LINT-30)
Warning: In design 'ALARM_BLOCK', there are 11 output ports shorted to other output ports. (LINT-30)
Warning: In design 'CONVERTOR_CKT', there is 1 port not connected to any nets. (LINT-30)
Warning: In design 'CONVERTOR_CKT', there is 1 submodule connected to power or ground. (LINT-30)
Warning: In design 'CONVERTOR_CKT', there is 1 submodule with pins connected to the same net. (LINT-30)
Warning: In design 'CONVERTOR_1', there are 3 ports not connected to any nets. (LINT-30)
Warning: In design 'CONVERTOR_1', there are 4 output ports shorted to other output ports. (LINT-30)
Warning: In design 'CONVERTOR_0', there is 1 output port shorted to another output port. (LINT-30)
Warning: In design 'HOURS_FILTER', there is 1 feedthrough. (LINT-30)

Information: Use the 'check_design' command for 
	 more information about warnings. (LINT-99)

  Checking test design rules
  Architecting Scan Chains
  Routing Scan Chains
  Routing Global Signals
  Mapping New Logic
  Beginning Mapping Optimizations

                                               TOTAL NEG     DESIGN RULE
            TRIALS      AREA     DELTA DELAY     SLACK          COST
           --------    ------    -----------    -------        ------
	         3
	   --------
	         3

  Transferring (new) design 'ALARM_BLOCK_test_1' to database 'FLOW2.db'
  Transferring (new) design 'ALARM_SM_2_test_1' to database 'FLOW2.db'
  Transferring design 'CLOCK_GEN' to database 'FLOW2.db'
  Transferring design 'COMPARATOR' to database 'FLOW2.db'
  Transferring (new) design 'TIME_BLOCK_test_1' to database 'FLOW2.db'
  Transferring (new) design 'COMPUTE_BLOCK_test_1' to database 'FLOW2.db'
  Transferring design 'CONVERTOR_0' to database 'FLOW2.db'
  Transferring design 'CONVERTOR_1' to database 'FLOW2.db'
  Transferring design 'HOURS_FILTER' to database 'FLOW2.db'
  Transferring design 'CONVERTOR_CKT' to database 'FLOW2.db'
  Transferring design 'MUX' to database 'FLOW2.db'
  Transferring design 'CORE' to database 'FLOW2.db'

Warning: Deleting current test program 'FLOW1' because it was generated
	 for the design 'FLOW1' but the current design is 'CORE'. (TPM-41)
1
check_test
  Loading design 'CORE'

Information: Starting test design rule checking for existing scan design. (TEST-220)
  ...full scan rules enabled...
  ...basic checks...
  ...basic sequential cell checks...
  ...checking combinational feedback loops...
  ...inferring test protocol...
Information: Inferred system/test clock port CLK (40.0,60.0). (TEST-260)
  ...simulating parallel vector...
  ...simulating parallel vector...
  ...simulating serial scan-in...
  ...33 bits scanned-in to 33 cells (total scan-in 33)...
  ...simulating parallel vector...
  ...binding scan-in state...
  ...simulating parallel vector...
  ...simulating capture clock rising edge at port CLK...
  ...simulating capture clock falling edge at port CLK...
  ...creating capture clock groups...
Information: Inferred capture clock group : CLK. (TEST-262)
  ...simulating parallel vector...
  ...binding scan-out state...
  ...simulating serial scan-out...
  ...data scanned-out from 32 cells (total scan-out 33)...
  ...simulating parallel vector...
Information: Test design rule checking completed. (TEST-123)

**************************************************
  Test Design Rule Violation Summary

  Total violations: 0
**************************************************



**************************************************
  Sequential Cell Summary

  0 out of 33 sequential cells have violations
**************************************************

SEQUENTIAL CELLS WITHOUT VIOLATIONS
   *  33 cells are valid scan cells

1
report_test -scan_path
 
****************************************
Report : test
          -scan_path
Design : CORE
Version: 1998.02
Date   : Sat Aug 29 18:06:19 1998
****************************************

  (*) indicates change of polarity in scan data
  (c) indicates cell is scan controllable only
  (o) indicates cell is scan observable only
  (x) indicates cell cannot capture

Complete scan chain (HRS --> SPEAKER_OUT) contains 33 cells:

  HRS	->
  U1/U1/AM_PM_OUT_reg (*)	->
  U1/U1/CURRENT_SECS_reg[0]	->
  U1/U1/CURRENT_SECS_reg[1] (*)	->
  U1/U1/CURRENT_SECS_reg[2] (*)	->
  U1/U1/CURRENT_SECS_reg[3] (*)	->
  U1/U1/CURRENT_SECS_reg[4] (*)	->
  U1/U1/CURRENT_SECS_reg[5] (*)	->
  U1/U1/CURRENT_STATE_reg[0]	->
  U1/U1/CURRENT_STATE_reg[1]	->
  U1/U1/HOURS_OUT_reg[0] (*)	->
  U1/U1/HOURS_OUT_reg[1] (*)	->
  U1/U1/HOURS_OUT_reg[2] (*)	->
  U1/U1/HOURS_OUT_reg[3] (*)	->
  U1/U1/MINUTES_OUT_reg[0] (*)	->
  U1/U1/MINUTES_OUT_reg[1] (*)	->
  U1/U1/MINUTES_OUT_reg[2]	->
  U1/U1/MINUTES_OUT_reg[3] (*)	->
  U1/U1/MINUTES_OUT_reg[4] (*)	->
  U1/U1/MINUTES_OUT_reg[5] (*)	->
  U1/U2/AM_PM_OUT_reg (*)	->
  U1/U2/CURRENT_STATE_reg[0]	->
  U1/U2/CURRENT_STATE_reg[1]	->
  U1/U2/HOURS_OUT_reg[0]	->
  U1/U2/HOURS_OUT_reg[1]	->
  U1/U2/HOURS_OUT_reg[2]	->
  U1/U2/HOURS_OUT_reg[3] (*)	->
  U1/U2/MINUTES_OUT_reg[0] (*)	->
  U1/U2/MINUTES_OUT_reg[1] (*)	->
  U1/U2/MINUTES_OUT_reg[2] (*)	->
  U1/U2/MINUTES_OUT_reg[3] (*)	->
  U1/U2/MINUTES_OUT_reg[4] (*)	->
  U1/U2/MINUTES_OUT_reg[5]	->
  U1/U5/CURRENT_STATE_reg	->
  SPEAKER_OUT

1

current_design FLOW2
Current design is 'FLOW2'.
{"FLOW2"}
create_test_clock -period 100 -waveform {40, 60} find(port, "CLK")
Performing create_test_clock on port 'CLK'. 
1
set_scan_configuration -existing_scan true
Accepted scan specification for design 'FLOW2'.
1
set_signal_type test_scan_in find(port, "HRS")
Performing set_signal_type on port 'HRS'. 
1
set_signal_type test_scan_out find(port, "SPEAKER_OUT")
Performing set_signal_type on port 'SPEAKER_OUT'. 
1
set_signal_type test_scan_enable find(port, "TEST_SE")
Performing set_signal_type on port 'TEST_SE'. 
1

check_test
  Loading design 'FLOW2'

Information: Starting test design rule checking for existing scan design. (TEST-220)
  ...full scan rules enabled...
  ...basic checks...
  ...basic sequential cell checks...
  ...checking combinational feedback loops...
  ...inferring test protocol...
Information: Inferred system/test clock port CLK (40.0,60.0). (TEST-260)
  ...simulating parallel vector...
  ...simulating parallel vector...
  ...simulating serial scan-in...
  ...33 bits scanned-in to 33 cells (total scan-in 33)...
  ...simulating parallel vector...
  ...binding scan-in state...
  ...simulating parallel vector...
  ...simulating capture clock rising edge at port CLK...
  ...simulating capture clock falling edge at port CLK...
  ...creating capture clock groups...
Information: Inferred capture clock group : CLK. (TEST-262)
  ...simulating parallel vector...
  ...binding scan-out state...
  ...simulating serial scan-out...
  ...data scanned-out from 32 cells (total scan-out 33)...
  ...simulating parallel vector...
Information: Test design rule checking completed. (TEST-123)

**************************************************
  Test Design Rule Violation Summary

  Total violations: 0
**************************************************



**************************************************
  Sequential Cell Summary

  0 out of 33 sequential cells have violations
**************************************************

SEQUENTIAL CELLS WITHOUT VIOLATIONS
   *  33 cells are valid scan cells

1
report_test -scan_path
 
****************************************
Report : test
          -scan_path
Design : FLOW2
Version: 1998.02
Date   : Sat Aug 29 18:06:22 1998
****************************************

  (*) indicates change of polarity in scan data
  (c) indicates cell is scan controllable only
  (o) indicates cell is scan observable only
  (x) indicates cell cannot capture

Complete scan chain (HRS --> SPEAKER_OUT) contains 33 cells:

  HRS	->
  i_core/U1/U1/AM_PM_OUT_reg (*)	->
  i_core/U1/U1/CURRENT_SECS_reg[0]	->
  i_core/U1/U1/CURRENT_SECS_reg[1] (*)	->
  i_core/U1/U1/CURRENT_SECS_reg[2] (*)	->
  i_core/U1/U1/CURRENT_SECS_reg[3] (*)	->
  i_core/U1/U1/CURRENT_SECS_reg[4] (*)	->
  i_core/U1/U1/CURRENT_SECS_reg[5] (*)	->
  i_core/U1/U1/CURRENT_STATE_reg[0]	->
  i_core/U1/U1/CURRENT_STATE_reg[1]	->
  i_core/U1/U1/HOURS_OUT_reg[0] (*)	->
  i_core/U1/U1/HOURS_OUT_reg[1] (*)	->
  i_core/U1/U1/HOURS_OUT_reg[2] (*)	->
  i_core/U1/U1/HOURS_OUT_reg[3] (*)	->
  i_core/U1/U1/MINUTES_OUT_reg[0] (*)	->
  i_core/U1/U1/MINUTES_OUT_reg[1] (*)	->
  i_core/U1/U1/MINUTES_OUT_reg[2]	->
  i_core/U1/U1/MINUTES_OUT_reg[3] (*)	->
  i_core/U1/U1/MINUTES_OUT_reg[4] (*)	->
  i_core/U1/U1/MINUTES_OUT_reg[5] (*)	->
  i_core/U1/U2/AM_PM_OUT_reg (*)	->
  i_core/U1/U2/CURRENT_STATE_reg[0]	->
  i_core/U1/U2/CURRENT_STATE_reg[1]	->
  i_core/U1/U2/HOURS_OUT_reg[0]	->
  i_core/U1/U2/HOURS_OUT_reg[1]	->
  i_core/U1/U2/HOURS_OUT_reg[2]	->
  i_core/U1/U2/HOURS_OUT_reg[3] (*)	->
  i_core/U1/U2/MINUTES_OUT_reg[0] (*)	->
  i_core/U1/U2/MINUTES_OUT_reg[1] (*)	->
  i_core/U1/U2/MINUTES_OUT_reg[2] (*)	->
  i_core/U1/U2/MINUTES_OUT_reg[3] (*)	->
  i_core/U1/U2/MINUTES_OUT_reg[4] (*)	->
  i_core/U1/U2/MINUTES_OUT_reg[5]	->
  i_core/U1/U5/CURRENT_STATE_reg	->
  SPEAKER_OUT

1

create_test_patterns -compaction_effort high
  Loading design 'FLOW2'
  Using test design rule information from previous check_test run
  Building test generation network
Information: Faults on unused cell outputs are not considered, e.g. pin Z1 of cell i_core/U5 (B2I). (TEST-200)

  Combinational Test Pattern Generation starts:

    Start random pattern generation...

       85.52% faults processed ; cumulative fault coverage =  85.52%
       91.57% faults processed ; cumulative fault coverage =  91.57%
       93.43% faults processed ; cumulative fault coverage =  93.43%
       93.84% faults processed ; cumulative fault coverage =  93.84%
       94.19% faults processed ; cumulative fault coverage =  94.19%
       94.42% faults processed ; cumulative fault coverage =  94.42%
       94.48% faults processed ; cumulative fault coverage =  94.48%

    ...End random pattern generation

    Start deterministic pattern generation...

       95.87% faults processed ; cumulative fault coverage =  95.87%
       96.05% faults processed ; cumulative fault coverage =  96.04%
       96.22% faults processed ; cumulative fault coverage =  96.22%
       96.34% faults processed ; cumulative fault coverage =  96.34%
       96.45% faults processed ; cumulative fault coverage =  96.45%
       96.51% faults processed ; cumulative fault coverage =  96.51%
       96.63% faults processed ; cumulative fault coverage =  96.63%
       96.74% faults processed ; cumulative fault coverage =  96.74%
       96.86% faults processed ; cumulative fault coverage =  96.86%
       96.98% faults processed ; cumulative fault coverage =  96.97%
       97.09% faults processed ; cumulative fault coverage =  97.09%
       97.21% faults processed ; cumulative fault coverage =  97.21%
       97.38% faults processed ; cumulative fault coverage =  97.38%
       97.44% faults processed ; cumulative fault coverage =  97.44%
       97.50% faults processed ; cumulative fault coverage =  97.50%
       97.79% faults processed ; cumulative fault coverage =  97.79%
       97.91% faults processed ; cumulative fault coverage =  97.91%
       97.97% faults processed ; cumulative fault coverage =  97.96%
       98.02% faults processed ; cumulative fault coverage =  98.02%
       98.08% faults processed ; cumulative fault coverage =  98.08%
       98.37% faults processed ; cumulative fault coverage =  98.37%
       98.43% faults processed ; cumulative fault coverage =  98.43%
       98.49% faults processed ; cumulative fault coverage =  98.49%
       98.55% faults processed ; cumulative fault coverage =  98.55%
       98.60% faults processed ; cumulative fault coverage =  98.60%
       98.66% faults processed ; cumulative fault coverage =  98.66%
       98.72% faults processed ; cumulative fault coverage =  98.72%
       98.78% faults processed ; cumulative fault coverage =  98.78%
       98.84% faults processed ; cumulative fault coverage =  98.84%
       98.90% faults processed ; cumulative fault coverage =  98.89%
       98.95% faults processed ; cumulative fault coverage =  98.95%
       99.19% faults processed ; cumulative fault coverage =  99.19%
       99.30% faults processed ; cumulative fault coverage =  99.30%
       99.36% faults processed ; cumulative fault coverage =  99.36%
       99.42% faults processed ; cumulative fault coverage =  99.42%
       99.48% faults processed ; cumulative fault coverage =  99.48%
       99.94% faults processed ; cumulative fault coverage =  99.94%
      100.00% faults processed ; cumulative fault coverage = 100.00%

    ...End deterministic pattern generation


                                Non-collapsed     Collapsed
    No. of detected faults      3332              1711
    No. of abandoned faults     0                 0
    No. of tied faults          3                 1
    No. of redundant faults     9                 8
    No. of untested faults      0                 0
    Total no. of faults         3344              1720
    Fault coverage              100.00            100.00

    No. of test patterns         99

    Test Generation Time (CPU)  0.00 sec

    Start compaction...

    ...End compaction

    No. of compacted patterns    78

    Compaction Time (CPU)       1.00 sec
...Writing test program FLOW2 to file /remote/trg1/dickhoff/NEW_TC_LABS/TC/Lab_3/FLOW2.vdb
1

report_test -coverage -faults -class untested
 
****************************************
Report : test
          -coverage
          -faults (untested)
Design : FLOW2
Version: 1998.02
Date   : Sat Aug 29 18:06:25 1998
****************************************

Test program : `FLOW2' 
Depends on   : 

Fault Coverage Report :

    Detect   : Number of faults Detected
    Aband    : Number of faults Abandoned
    Tied     : Number of faults Tied High or Low
    Redun    : Number of faults Redundant
    Untest   : Number of faults Untested
    Probl    : Number of faults Probably Detected
    Unpro    : Number of faults Hyperactive/Oscillating
    Total    : Number of faults Total
    Coverage : Detect / (Total - Tied - Redund)

Design/Cell          Detect  Aband  Tied Redun Untest Probl Unpro Total Coverage
--------------------------------------------------------------------------------
i_core/U1/U1            945      0     0     1      0     0     0    946 100.00%
i_core/U1/U2            546      0     0     0      0     0     0    546 100.00%
i_core/U1/U4            114      0     0     0      0     0     0    114 100.00%
i_core/U1/U5             26      0     0     0      0     0     0     26 100.00%
i_core/U1              1631      0     0     1      0     0     0   1632 100.00%
i_core/U2               180      0     0     0      0     0     0    180 100.00%
i_core/U3/U7            220      0     0     0      0     0     0    220 100.00%
i_core/U3/U8            990      0     0     0      0     0     0    990 100.00%
i_core/U3/U9             88      0     0     8      0     0     0     96 100.00%
i_core/U3              1298      0     0     8      0     0     0   1306 100.00%
i_core                 3113      0     0     9      0     0     0   3122 100.00%
FLOW2                  3332      0     3     9      0     0     0   3344 100.00%

Test program : `FLOW2' 
Depends on   : 

Faults:

 s-a-0 : stuck at 0 fault
 s-a-1 : stuck at 1 fault


1

write_test -format wgl
Loading db file '/remote/trg1/dickhoff/NEW_TC_LABS/TC/Lab_3/FLOW2.vdb'
Warning: Renaming port from 'DISP1[13]' to '"DISP1[13]"'. (TESTDB-100)
Warning: Renaming port from 'DISP1[12]' to '"DISP1[12]"'. (TESTDB-100)
Warning: Renaming port from 'DISP1[11]' to '"DISP1[11]"'. (TESTDB-100)
Warning: Renaming port from 'DISP1[10]' to '"DISP1[10]"'. (TESTDB-100)
Warning: Renaming port from 'DISP1[9]' to '"DISP1[9]"'. (TESTDB-100)
Warning: Renaming port from 'DISP1[8]' to '"DISP1[8]"'. (TESTDB-100)
Warning: Renaming port from 'DISP1[7]' to '"DISP1[7]"'. (TESTDB-100)
Warning: Renaming port from 'DISP1[6]' to '"DISP1[6]"'. (TESTDB-100)
Warning: Renaming port from 'DISP1[5]' to '"DISP1[5]"'. (TESTDB-100)
Warning: Renaming port from 'DISP1[4]' to '"DISP1[4]"'. (TESTDB-100)
Warning: Renaming port from 'DISP1[3]' to '"DISP1[3]"'. (TESTDB-100)
Warning: Renaming port from 'DISP1[2]' to '"DISP1[2]"'. (TESTDB-100)
Warning: Renaming port from 'DISP1[1]' to '"DISP1[1]"'. (TESTDB-100)
Warning: Renaming port from 'DISP1[0]' to '"DISP1[0]"'. (TESTDB-100)
Warning: Renaming port from 'DISP2[13]' to '"DISP2[13]"'. (TESTDB-100)
Warning: Renaming port from 'DISP2[12]' to '"DISP2[12]"'. (TESTDB-100)
Warning: Renaming port from 'DISP2[11]' to '"DISP2[11]"'. (TESTDB-100)
Warning: Renaming port from 'DISP2[10]' to '"DISP2[10]"'. (TESTDB-100)
Warning: Renaming port from 'DISP2[9]' to '"DISP2[9]"'. (TESTDB-100)
Warning: Renaming port from 'DISP2[8]' to '"DISP2[8]"'. (TESTDB-100)
Warning: Renaming port from 'DISP2[7]' to '"DISP2[7]"'. (TESTDB-100)
Warning: Renaming port from 'DISP2[6]' to '"DISP2[6]"'. (TESTDB-100)
Warning: Renaming port from 'DISP2[5]' to '"DISP2[5]"'. (TESTDB-100)
Warning: Renaming port from 'DISP2[4]' to '"DISP2[4]"'. (TESTDB-100)
Warning: Renaming port from 'DISP2[3]' to '"DISP2[3]"'. (TESTDB-100)
Warning: Renaming port from 'DISP2[2]' to '"DISP2[2]"'. (TESTDB-100)
Warning: Renaming port from 'DISP2[1]' to '"DISP2[1]"'. (TESTDB-100)
Warning: Renaming port from 'DISP2[0]' to '"DISP2[0]"'. (TESTDB-100)
Warning: Renaming port from 'i_core/U1/U1/AM_PM_OUT_reg' to '"i_core/U1/U1/AM_PM_OUT_reg"'. (TESTDB-100)
Warning: Renaming port from 'i_core/U1/U1/CURRENT_SECS_reg[0]' to '"i_core/U1/U1/CURRENT_SECS_reg[0]"'. (TESTDB-100)
Warning: Renaming port from 'i_core/U1/U1/CURRENT_SECS_reg[1]' to '"i_core/U1/U1/CURRENT_SECS_reg[1]"'. (TESTDB-100)
Warning: Renaming port from 'i_core/U1/U1/CURRENT_SECS_reg[2]' to '"i_core/U1/U1/CURRENT_SECS_reg[2]"'. (TESTDB-100)
Warning: Renaming port from 'i_core/U1/U1/CURRENT_SECS_reg[3]' to '"i_core/U1/U1/CURRENT_SECS_reg[3]"'. (TESTDB-100)
Warning: Renaming port from 'i_core/U1/U1/CURRENT_SECS_reg[4]' to '"i_core/U1/U1/CURRENT_SECS_reg[4]"'. (TESTDB-100)
Warning: Renaming port from 'i_core/U1/U1/CURRENT_SECS_reg[5]' to '"i_core/U1/U1/CURRENT_SECS_reg[5]"'. (TESTDB-100)
Warning: Renaming port from 'i_core/U1/U1/CURRENT_STATE_reg[0]' to '"i_core/U1/U1/CURRENT_STATE_reg[0]"'. (TESTDB-100)
Warning: Renaming port from 'i_core/U1/U1/CURRENT_STATE_reg[1]' to '"i_core/U1/U1/CURRENT_STATE_reg[1]"'. (TESTDB-100)
Warning: Renaming port from 'i_core/U1/U1/HOURS_OUT_reg[0]' to '"i_core/U1/U1/HOURS_OUT_reg[0]"'. (TESTDB-100)
Warning: Renaming port from 'i_core/U1/U1/HOURS_OUT_reg[1]' to '"i_core/U1/U1/HOURS_OUT_reg[1]"'. (TESTDB-100)
Warning: Renaming port from 'i_core/U1/U1/HOURS_OUT_reg[2]' to '"i_core/U1/U1/HOURS_OUT_reg[2]"'. (TESTDB-100)
Warning: Renaming port from 'i_core/U1/U1/HOURS_OUT_reg[3]' to '"i_core/U1/U1/HOURS_OUT_reg[3]"'. (TESTDB-100)
Warning: Renaming port from 'i_core/U1/U1/MINUTES_OUT_reg[0]' to '"i_core/U1/U1/MINUTES_OUT_reg[0]"'. (TESTDB-100)
Warning: Renaming port from 'i_core/U1/U1/MINUTES_OUT_reg[1]' to '"i_core/U1/U1/MINUTES_OUT_reg[1]"'. (TESTDB-100)
Warning: Renaming port from 'i_core/U1/U1/MINUTES_OUT_reg[2]' to '"i_core/U1/U1/MINUTES_OUT_reg[2]"'. (TESTDB-100)
Warning: Renaming port from 'i_core/U1/U1/MINUTES_OUT_reg[3]' to '"i_core/U1/U1/MINUTES_OUT_reg[3]"'. (TESTDB-100)
Warning: Renaming port from 'i_core/U1/U1/MINUTES_OUT_reg[4]' to '"i_core/U1/U1/MINUTES_OUT_reg[4]"'. (TESTDB-100)
Warning: Renaming port from 'i_core/U1/U1/MINUTES_OUT_reg[5]' to '"i_core/U1/U1/MINUTES_OUT_reg[5]"'. (TESTDB-100)
Warning: Renaming port from 'i_core/U1/U2/AM_PM_OUT_reg' to '"i_core/U1/U2/AM_PM_OUT_reg"'. (TESTDB-100)
Warning: Renaming port from 'i_core/U1/U2/CURRENT_STATE_reg[0]' to '"i_core/U1/U2/CURRENT_STATE_reg[0]"'. (TESTDB-100)
Warning: Renaming port from 'i_core/U1/U2/CURRENT_STATE_reg[1]' to '"i_core/U1/U2/CURRENT_STATE_reg[1]"'. (TESTDB-100)
Warning: Renaming port from 'i_core/U1/U2/HOURS_OUT_reg[0]' to '"i_core/U1/U2/HOURS_OUT_reg[0]"'. (TESTDB-100)
Warning: Renaming port from 'i_core/U1/U2/HOURS_OUT_reg[1]' to '"i_core/U1/U2/HOURS_OUT_reg[1]"'. (TESTDB-100)
Warning: Renaming port from 'i_core/U1/U2/HOURS_OUT_reg[2]' to '"i_core/U1/U2/HOURS_OUT_reg[2]"'. (TESTDB-100)
Warning: Renaming port from 'i_core/U1/U2/HOURS_OUT_reg[3]' to '"i_core/U1/U2/HOURS_OUT_reg[3]"'. (TESTDB-100)
Warning: Renaming port from 'i_core/U1/U2/MINUTES_OUT_reg[0]' to '"i_core/U1/U2/MINUTES_OUT_reg[0]"'. (TESTDB-100)
Warning: Renaming port from 'i_core/U1/U2/MINUTES_OUT_reg[1]' to '"i_core/U1/U2/MINUTES_OUT_reg[1]"'. (TESTDB-100)
Warning: Renaming port from 'i_core/U1/U2/MINUTES_OUT_reg[2]' to '"i_core/U1/U2/MINUTES_OUT_reg[2]"'. (TESTDB-100)
Warning: Renaming port from 'i_core/U1/U2/MINUTES_OUT_reg[3]' to '"i_core/U1/U2/MINUTES_OUT_reg[3]"'. (TESTDB-100)
Warning: Renaming port from 'i_core/U1/U2/MINUTES_OUT_reg[4]' to '"i_core/U1/U2/MINUTES_OUT_reg[4]"'. (TESTDB-100)
Warning: Renaming port from 'i_core/U1/U2/MINUTES_OUT_reg[5]' to '"i_core/U1/U2/MINUTES_OUT_reg[5]"'. (TESTDB-100)
Warning: Renaming port from 'i_core/U1/U5/CURRENT_STATE_reg' to '"i_core/U1/U5/CURRENT_STATE_reg"'. (TESTDB-100)
Assembling test program file FLOW2_0.WGL...
Assembling test program file FLOW2_schk.WGL...
...formatting test program file
...formatting test program file
1
