current_design CORE
Current design is 'CORE'.
{"CORE"}
set_scan_configuration -style multiplexed_flip_flop
Accepted scan specification for design 'CORE'.
1
set_scan_configuration -methodology full_scan
Accepted scan specification for design 'CORE'.
1
compile -scan

  Loading target library 'workshop_lib'
Warning: Multibit library cell 'LD1X4P' will not be used in multibit optimization. (OPT-918)
Warning: Multibit library cell 'LD1X4' will not be used in multibit optimization. (OPT-918)
  Loading design 'CORE'
Warning: In design 'CLOCK_GEN', there is 1 feedthrough. (LINT-30)
Warning: In design 'TIME_BLOCK', there are 11 output ports shorted to other output ports. (LINT-30)
Warning: In design 'ALARM_BLOCK', there are 11 output ports shorted to other output ports. (LINT-30)
Warning: In design 'CONVERTOR_CKT', there is 1 port not connected to any nets. (LINT-30)
Warning: In design 'CONVERTOR_CKT', there is 1 submodule connected to power or ground. (LINT-30)
Warning: In design 'CONVERTOR_CKT', there is 1 submodule with pins connected to the same net. (LINT-30)
Warning: In design 'CONVERTOR_1', there are 3 ports not connected to any nets. (LINT-30)
Warning: In design 'CONVERTOR_1', there are 4 output ports shorted to other output ports. (LINT-30)
Warning: In design 'CONVERTOR_0', there is 1 output port shorted to another output port. (LINT-30)
Warning: In design 'HOURS_FILTER', there is 1 feedthrough. (LINT-30)

Information: Use the 'check_design' command for 
	 more information about warnings. (LINT-99)


  Beginning Pass 1 Mapping
  ------------------------
  Structuring 'HOURS_FILTER'
  Mapping 'HOURS_FILTER'
  Structuring 'CONVERTOR_0'
  Mapping 'CONVERTOR_0'
  Structuring 'CONVERTOR_1'
  Mapping 'CONVERTOR_1'
  Structuring 'MUX'
  Mapping 'MUX'
  Structuring 'COMPARATOR'
  Mapping 'COMPARATOR'
  Structuring 'ALARM_SM_2'
  Mapping 'ALARM_SM_2'
  Structuring 'ALARM_BLOCK'
  Mapping 'ALARM_BLOCK'
  Structuring 'TIME_BLOCK'
  Mapping 'TIME_BLOCK'

  Beginning Mapping Optimizations  (Medium effort)
  -------------------------------
  Structuring 'TIME_BLOCK'
  Mapping 'TIME_BLOCK'

                                               TOTAL NEG     DESIGN RULE
            TRIALS      AREA     DELTA DELAY     SLACK          COST
           --------    ------    -----------    -------        ------
	         1     1538.0          3.15        16.5           0.0 
	         1     1538.0          3.15        16.5           0.0 
  Structuring 'HOURS_FILTER'
  Mapping 'HOURS_FILTER'
	         1     1538.0          3.15        16.5           0.0 
	         1     1538.0          3.15        16.5           0.0 
  Structuring 'CONVERTOR_0'
  Mapping 'CONVERTOR_0'
	         1     1543.0          3.15        16.5           0.0 
	         1     1543.0          3.15        16.5           0.0 
  Structuring 'CONVERTOR_1'
  Mapping 'CONVERTOR_1'
	         1     1533.0          3.15        16.5           0.0 
	         1     1533.0          3.15        16.5           0.0 
  Structuring 'MUX'
  Mapping 'MUX'
	         1     1623.0          3.15        16.5           0.0 
	         1     1623.0          3.15        16.5           0.0 
  Structuring 'COMPARATOR'
  Mapping 'COMPARATOR'
	         1     1623.0          3.15        16.5           0.0 
	         1     1623.0          3.15        16.5           0.0 
  Structuring 'ALARM_SM_2'
  Mapping 'ALARM_SM_2'
	         1     1623.0          3.15        16.5           0.0 
	         1     1623.0          3.15        16.5           0.0 
  Structuring 'ALARM_BLOCK'
  Mapping 'ALARM_BLOCK'
	         1     1663.0          3.15        16.5           0.0 
	         1     1663.0          3.15        16.5           0.0 
	        44     1684.0          2.50        11.7           0.0 
	         1     1684.0          2.50        11.7           0.0 
	         1     1684.0          2.50        11.7           0.0 
	        84     1685.0          2.12         8.3           0.0 
	        29     1684.0          2.04         7.7           0.0 
	        19     1683.0          2.04         7.7           0.0 
	        50     1684.0          1.65         5.0           0.0 
	         1     1684.0          1.65         5.0           0.0 
	         1     1684.0          1.65         5.0           0.0 
	        45     1678.0          0.47         1.8           0.0 
	         1     1678.0          0.47         1.8           0.0 
	         1     1678.0          0.47         1.8           0.0 
	         1     1678.0          0.47         1.8           0.0 
	        75     1682.0          0.41         0.8           0.0 
	        41     1681.0          0.12         0.2           0.0 
	         1     1681.0          0.12         0.2           0.0 
	        52     1676.0          0.00         0.0           0.0 
	         1     1676.0          0.00         0.0           0.0 
	         3
	   --------
	       442



  Beginning Area-Recovery Phase  (cleanup)
  -----------------------------

                                               TOTAL NEG     DESIGN RULE
            TRIALS      AREA     DELTA DELAY     SLACK          COST
           --------    ------    -----------    -------        ------
	         2     1675.0          0.00         0.0           0.0 
	         3     1672.0          0.00         0.0           0.0 
	         2     1671.0          0.00         0.0           0.0 
	         2     1669.0          0.00         0.0           0.0 
	         4     1665.0          0.00         0.0           0.0 
	         2     1655.0          0.00         0.0           0.0 
	         2     1650.0          0.00         0.0           0.0 
	         1     1650.0          0.00         0.0           0.0 
	         2     1646.0          0.00         0.0           0.0 
	         2     1642.0          0.00         0.0           0.0 
	         2     1638.0          0.00         0.0           0.0 
	         2     1634.0          0.00         0.0           0.0 
	         2     1630.0          0.00         0.0           0.0 
	         2     1626.0          0.00         0.0           0.0 
	         2     1622.0          0.00         0.0           0.0 
	         2     1618.0          0.00         0.0           0.0 
	         2     1614.0          0.00         0.0           0.0 
	         2     1610.0          0.00         0.0           0.0 
	         2     1606.0          0.00         0.0           0.0 
	         2     1604.0          0.00         0.0           0.0 
	         2     1601.0          0.00         0.0           0.0 
	         3     1599.0          0.00         0.0           0.0 
	         2     1597.0          0.00         0.0           0.0 
	         2     1595.0          0.00         0.0           0.0 
	         2     1593.0          0.00         0.0           0.0 
	         2     1591.0          0.00         0.0           0.0 
	         2     1589.0          0.00         0.0           0.0 
	         2     1587.0          0.00         0.0           0.0 
	         2     1585.0          0.00         0.0           0.0 
	         2     1581.0          0.00         0.0           0.0 
	         2     1577.0          0.00         0.0           0.0 
	         2     1573.0          0.00         0.0           0.0 
	         2     1569.0          0.00         0.0           0.0 
	         2     1565.0          0.00         0.0           0.0 
	         2     1561.0          0.00         0.0           0.0 
	         2     1557.0          0.00         0.0           0.0 
	         2     1553.0          0.00         0.0           0.0 
	         2     1549.0          0.00         0.0           0.0 
	         2     1545.0          0.00         0.0           0.0 
	         2     1541.0          0.00         0.0           0.0 
	         2     1537.0          0.00         0.0           0.0 
	         2     1533.0          0.00         0.0           0.0 
	         2     1529.0          0.00         0.0           0.0 
	         2     1525.0          0.00         0.0           0.0 
	         2     1521.0          0.00         0.0           0.0 
	         2     1517.0          0.00         0.0           0.0 
	         2     1513.0          0.00         0.0           0.0 
	         2     1509.0          0.00         0.0           0.0 
	         2     1505.0          0.00         0.0           0.0 
	         2     1501.0          0.00         0.0           0.0 
	         2     1497.0          0.00         0.0           0.0 
	         3     1495.0          0.00         0.0           0.0 
	         2     1493.0          0.00         0.0           0.0 
	         2     1491.0          0.00         0.0           0.0 
	         2     1489.0          0.00         0.0           0.0 
	         2     1486.0          0.00         0.0           0.0 
	         2     1483.0          0.00         0.0           0.0 
	         2     1481.0          0.00         0.0           0.0 
	         2     1477.0          0.00         0.0           0.0 
	         2     1473.0          0.00         0.0           0.0 
	         2     1469.0          0.00         0.0           0.0 
	         2     1465.0          0.00         0.0           0.0 
	         2     1461.0          0.00         0.0           0.0 
	         2     1457.0          0.00         0.0           0.0 
	         2     1453.0          0.00         0.0           0.0 
	         2     1449.0          0.00         0.0           0.0 
	         2     1445.0          0.00         0.0           0.0 
	         2     1441.0          0.00         0.0           0.0 
	         2     1437.0          0.00         0.0           0.0 
	         2     1433.0          0.00         0.0           0.0 
	         2     1429.0          0.00         0.0           0.0 
	         2     1425.0          0.00         0.0           0.0 
	         2     1421.0          0.00         0.0           0.0 
	         2     1417.0          0.00         0.0           0.0 
	         2     1413.0          0.00         0.0           0.0 
	         2     1410.0          0.00         0.0           0.0 
	         2     1407.0          0.00         0.0           0.0 
	         4     1405.0          0.00         0.0           0.0 
	         2     1403.0          0.00         0.0           0.0 
	         2     1401.0          0.00         0.0           0.0 
	         2     1399.0          0.00         0.0           0.0 
	         2     1397.0          0.00         0.0           0.0 
	         2     1395.0          0.00         0.0           0.0 
	         2     1393.0          0.00         0.0           0.0 
	         2     1391.0          0.00         0.0           0.0 
	         2     1389.0          0.00         0.0           0.0 
	         2     1387.0          0.00         0.0           0.0 
	         2     1385.0          0.00         0.0           0.0 
	        15     1384.0          0.00         0.0           0.0 
	         7     1383.0          0.00         0.0           0.0 
	         5     1382.0          0.00         0.0           0.0 
	         5     1381.0          0.00         0.0           0.0 
	         7     1380.0          0.00         0.0           0.0 
	         7     1379.0          0.00         0.0           0.0 
	         7     1378.0          0.00         0.0           0.0 
	         7     1377.0          0.00         0.0           0.0 
	         7     1376.0          0.00         0.0           0.0 
	         7     1375.0          0.00         0.0           0.0 
	        19     1374.0          0.00         0.0           0.0 
	        13     1373.0          0.00         0.0           0.0 
	         5     1372.0          0.00         0.0           0.0 
	         7     1371.0          0.00         0.0           0.0 
	         5     1370.0          0.00         0.0           0.0 
	         7     1369.0          0.00         0.0           0.0 
	         7     1368.0          0.00         0.0           0.0 
	         7     1367.0          0.00         0.0           0.0 
	         7     1366.0          0.00         0.0           0.0 
	         7     1365.0          0.00         0.0           0.0 
	         5     1364.0          0.00         0.0           0.0 
	         5     1363.0          0.00         0.0           0.0 
	        15     1359.0          0.00         0.0           0.0 
	         1     1359.0          0.00         0.0           0.0 
	        29     1350.0          0.00         0.0           0.0 
	         1     1350.0          0.00         0.0           0.0 
	         1     1350.0          0.00         0.0           0.0 
	         1     1350.0          0.00         0.0           0.0 
	         1     1350.0          0.00         0.0           0.0 
	         1     1350.0          0.00         0.0           0.0 
	         1     1350.0          0.00         0.0           0.0 
	         1     1350.0          0.00         0.0           0.0 
	         9     1348.0          0.00         0.0           0.0 
	         1     1348.0          0.00         0.0           0.0 
	         9     1345.0          0.00         0.0           0.0 
	         1     1345.0          0.00         0.0           0.0 
	         1     1345.0          0.00         0.0           0.0 
	         1     1345.0          0.00         0.0           0.0 
	         9     1342.0          0.00         0.0           0.0 
	         1     1342.0          0.00         0.0           0.0 
	         1     1342.0          0.00         0.0           0.0 
	         1     1342.0          0.00         0.0           0.0 
	        13     1337.0          0.00         0.0           0.0 
	         1     1337.0          0.00         0.0           0.0 
	         1     1337.0          0.00         0.0           0.0 
	         1     1337.0          0.00         0.0           0.0 
	         1     1337.0          0.00         0.0           0.0 
	         9     1334.0          0.00         0.0           0.0 
	         1     1334.0          0.00         0.0           0.0 
	         1     1334.0          0.00         0.0           0.0 
	         1     1334.0          0.00         0.0           0.0 
	         9     1331.0          0.00         0.0           0.0 
	         1     1331.0          0.00         0.0           0.0 
	         1     1331.0          0.00         0.0           0.0 
	         1     1331.0          0.00         0.0           0.0 
	        11     1327.0          0.00         0.0           0.0 
	         1     1327.0          0.00         0.0           0.0 
	         1     1327.0          0.00         0.0           0.0 
	         1     1327.0          0.00         0.0           0.0 
	         1     1327.0          0.00         0.0           0.0 
	        31     1320.0          0.00         0.0           0.0 
	         1     1320.0          0.00         0.0           0.0 
	         1     1320.0          0.00         0.0           0.0 
	         1     1320.0          0.00         0.0           0.0 
	         1     1320.0          0.00         0.0           0.0 
	         1     1320.0          0.00         0.0           0.0 
	         1     1320.0          0.00         0.0           0.0 
	         1     1320.0          0.00         0.0           0.0 
	        19     1309.0          0.00         0.0           0.0 
	         1     1309.0          0.00         0.0           0.0 
	         1     1309.0          0.00         0.0           0.0 
	         1     1309.0          0.00         0.0           0.0 
	         1     1309.0          0.00         0.0           0.0 
	         1     1309.0          0.00         0.0           0.0 
	         1     1309.0          0.00         0.0           0.0 
	        13     1304.0          0.00         0.0           0.0 
	         1     1304.0          0.00         0.0           0.0 
	         1     1304.0          0.00         0.0           0.0 
	         1     1304.0          0.00         0.0           0.0 
	        13     1299.0          0.00         0.0           0.0 
	         1     1299.0          0.00         0.0           0.0 
	         1     1299.0          0.00         0.0           0.0 
	         1     1299.0          0.00         0.0           0.0 
	         1     1299.0          0.00         0.0           0.0 
	        35     1293.0          0.00         0.0           0.0 
	         1     1293.0          0.00         0.0           0.0 
	         1     1293.0          0.00         0.0           0.0 
	         1     1293.0          0.00         0.0           0.0 
	         1     1293.0          0.00         0.0           0.0 
	         1     1293.0          0.00         0.0           0.0 
	        17     1287.0          0.00         0.0           0.0 
	         1     1287.0          0.00         0.0           0.0 
	         1     1287.0          0.00         0.0           0.0 
	         1     1287.0          0.00         0.0           0.0 
	         1     1287.0          0.00         0.0           0.0 
	         9     1285.0          0.00         0.0           0.0 
	         1     1285.0          0.00         0.0           0.0 
	         7     1283.0          0.00         0.0           0.0 
	         1     1283.0          0.00         0.0           0.0 
	         7     1280.0          0.00         0.0           0.0 
	         1     1280.0          0.00         0.0           0.0 
	         1     1280.0          0.00         0.0           0.0 
	        17     1276.0          0.00         0.0           0.0 
	         1     1276.0          0.00         0.0           0.0 
	         9     1272.0          0.00         0.0           0.0 
	         1     1272.0          0.00         0.0           0.0 
	         1     1272.0          0.00         0.0           0.0 
	         1     1272.0          0.00         0.0           0.0 
	        13     1267.0          0.00         0.0           0.0 
	         1     1267.0          0.00         0.0           0.0 
	         1     1267.0          0.00         0.0           0.0 
	         1     1267.0          0.00         0.0           0.0 
	         1     1267.0          0.00         0.0           0.0 
	         7     1264.0          0.00         0.0           0.0 
	         1     1264.0          0.00         0.0           0.0 
	         1     1264.0          0.00         0.0           0.0 
	        17     1259.0          0.00         0.0           0.0 
	         1     1259.0          0.00         0.0           0.0 
	         1     1259.0          0.00         0.0           0.0 
	         1     1259.0          0.00         0.0           0.0 
	        18     1258.0          0.00         0.0           0.0 
	         3     1257.0          0.00         0.0           0.0 
	         2     1255.0          0.00         0.0           0.0 
	        14     1251.0          0.00         0.0           0.0 
	         1     1251.0          0.00         0.0           0.0 
	         1     1251.0          0.00         0.0           0.0 
	        27     1246.0          0.00         0.0           0.0 
	         1     1246.0          0.00         0.0           0.0 
	         1     1246.0          0.00         0.0           0.0 
	         1     1246.0          0.00         0.0           0.0 
	         1     1246.0          0.00         0.0           0.0 
	        17     1245.0          0.00         0.0           0.0 
	        13     1244.0          0.00         0.0           0.0 
	        13     1242.0          0.00         0.0           0.0 
	         1     1242.0          0.00         0.0           0.0 
	        19     1240.0          0.00         0.0           0.0 
	         1     1240.0          0.00         0.0           0.0 
	        19     1237.0          0.00         0.0           0.0 
	         1     1237.0          0.00         0.0           0.0 
	         1     1237.0          0.00         0.0           0.0 
	        17     1235.0          0.00         0.0           0.0 
	         1     1235.0          0.00         0.0           0.0 
	        17     1233.0          0.00         0.0           0.0 
	         1     1233.0          0.00         0.0           0.0 
	        19     1231.0          0.00         0.0           0.0 
	         1     1231.0          0.00         0.0           0.0 
	        17     1229.0          0.00         0.0           0.0 
	         1     1229.0          0.00         0.0           0.0 
	        27     1224.0          0.00         0.0           0.0 
	         1     1224.0          0.00         0.0           0.0 
	         1     1224.0          0.00         0.0           0.0 
	         1     1224.0          0.00         0.0           0.0 
	         1     1224.0          0.00         0.0           0.0 
	        21     1222.0          0.00         0.0           0.0 
	         1     1222.0          0.00         0.0           0.0 
	        19     1219.0          0.00         0.0           0.0 
	         1     1219.0          0.00         0.0           0.0 
	         1     1219.0          0.00         0.0           0.0 
	        19     1217.0          0.00         0.0           0.0 
	         1     1217.0          0.00         0.0           0.0 
	        21     1215.0          0.00         0.0           0.0 
	         1     1215.0          0.00         0.0           0.0 
	        21     1213.0          0.00         0.0           0.0 
	         1     1213.0          0.00         0.0           0.0 
	        13     1210.0          0.00         0.0           0.0 
	         1     1210.0          0.00         0.0           0.0 
	         1     1210.0          0.00         0.0           0.0 
	        11     1209.0          0.00         0.0           0.0 
	        13     1205.0          0.00         0.0           0.0 
	         1     1205.0          0.00         0.0           0.0 
	         1     1205.0          0.00         0.0           0.0 
	        25     1199.0          0.00         0.0           0.0 
	         1     1199.0          0.00         0.0           0.0 
	         1     1199.0          0.00         0.0           0.0 
	         1     1199.0          0.00         0.0           0.0 
	         1     1199.0          0.00         0.0           0.0 
	         1     1199.0          0.00         0.0           0.0 
	        19     1195.0          0.00         0.0           0.0 
	         1     1195.0          0.00         0.0           0.0 
	         1     1195.0          0.00         0.0           0.0 
	         1     1195.0          0.00         0.0           0.0 
	        19     1192.0          0.00         0.0           0.0 
	         1     1192.0          0.00         0.0           0.0 
	         1     1192.0          0.00         0.0           0.0 
	        19     1188.0          0.00         0.0           0.0 
	         1     1188.0          0.00         0.0           0.0 
	         1     1188.0          0.00         0.0           0.0 
	         1     1188.0          0.00         0.0           0.0 
	        21     1182.0          0.00         0.0           0.0 
	         1     1182.0          0.00         0.0           0.0 
	         1     1182.0          0.00         0.0           0.0 
	         1     1182.0          0.00         0.0           0.0 
	         1     1182.0          0.00         0.0           0.0 
	         1     1182.0          0.00         0.0           0.0 
	        21     1179.0          0.00         0.0           0.0 
	         1     1179.0          0.00         0.0           0.0 
	         1     1179.0          0.00         0.0           0.0 
	        19     1173.0          0.00         0.0           0.0 
	         1     1173.0          0.00         0.0           0.0 
	         1     1173.0          0.00         0.0           0.0 
	         1     1173.0          0.00         0.0           0.0 
	         1     1173.0          0.00         0.0           0.0 
	         1     1173.0          0.00         0.0           0.0 
	        19     1170.0          0.00         0.0           0.0 
	         1     1170.0          0.00         0.0           0.0 
	         1     1170.0          0.00         0.0           0.0 
	        17     1168.0          0.00         0.0           0.0 
	         1     1168.0          0.00         0.0           0.0 
	        17     1166.0          0.00         0.0           0.0 
	         1     1166.0          0.00         0.0           0.0 
	         9     1164.0          0.00         0.0           0.0 
	         1     1164.0          0.00         0.0           0.0 
	         9     1161.0          0.00         0.0           0.0 
	         1     1161.0          0.00         0.0           0.0 
	         1     1161.0          0.00         0.0           0.0 
	        37     1159.0          0.00         0.0           0.0 
	         1     1159.0          0.00         0.0           0.0 
	        33     1158.0          0.00         0.0           0.0 
	        19     1157.0          0.00         0.0           0.0 
	         9     1154.0          0.00         0.0           0.0 
	         1     1154.0          0.00         0.0           0.0 
	         1     1154.0          0.00         0.0           0.0 
	        37     1152.0          0.00         0.0           0.0 
	         1     1152.0          0.00         0.0           0.0 
	        23     1151.0          0.00         0.0           0.0 
	        23     1150.0          0.00         0.0           0.0 
	        25     1148.0          0.00         0.0           0.0 
	         1     1148.0          0.00         0.0           0.0 
	        37     1146.0          0.00         0.0           0.0 
	         1     1146.0          0.00         0.0           0.0 
	        57     1145.0          0.00         0.0           0.0 
	        19     1144.0          0.00         0.0           0.0 
	        41     1141.0          0.00         0.0           0.0 
	         1     1141.0          0.00         0.0           0.0 
	         1     1141.0          0.00         0.0           0.0 
	         1     1141.0          0.00         0.0           0.0 
	        57     1137.0          0.00         0.0           0.0 
	         1     1137.0          0.00         0.0           0.0 
	         1     1137.0          0.00         0.0           0.0 
	         1     1137.0          0.00         0.0           0.0 
	        27     1135.0          0.00         0.0           0.0 
	         1     1135.0          0.00         0.0           0.0 
	        43     1134.0          0.00         0.0           0.0 
	        31     1131.0          0.00         0.0           0.0 
	         1     1131.0          0.00         0.0           0.0 
	         1     1131.0          0.00         0.0           0.0 
	        13     1129.0          0.00         0.0           0.0 
	         1     1129.0          0.00         0.0           0.0 
	        41     1128.0          0.00         0.0           0.0 
	        29     1125.0          0.00         0.0           0.0 
	         1     1125.0          0.00         0.0           0.0 
	         1     1125.0          0.00         0.0           0.0 
	        29     1124.0          0.00         0.0           0.0 
	        41     1123.0          0.00         0.0           0.0 
	        13     1119.0          0.00         0.0           0.0 
	         1     1119.0          0.00         0.0           0.0 
	         1     1119.0          0.00         0.0           0.0 
	         1     1119.0          0.00         0.0           0.0 
	        43     1117.0          0.00         0.0           0.0 
	         1     1117.0          0.00         0.0           0.0 
	        31     1115.0          0.00         0.0           0.0 
	         1     1115.0          0.00         0.0           0.0 
	        57     1114.0          0.00         0.0           0.0 
	        39     1110.0          0.00         0.0           0.0 
	         1     1110.0          0.00         0.0           0.0 
	         1     1110.0          0.00         0.0           0.0 
	         7     1107.0          0.00         0.0           0.0 
	         1     1107.0          0.00         0.0           0.0 
	         1     1107.0          0.00         0.0           0.0 
	        29     1105.0          0.00         0.0           0.0 
	        11     1103.0          0.00         0.0           0.0 
	         1     1103.0          0.00         0.0           0.0 
	        15     1102.0          0.00         0.0           0.0 
	        15     1100.0          0.00         0.0           0.0 
	         1     1100.0          0.00         0.0           0.0 
	        25     1096.0          0.00         0.0           0.0 
	         1     1096.0          0.00         0.0           0.0 
	         1     1096.0          0.00         0.0           0.0 
	        13     1093.0          0.00         0.0           0.0 
	         1     1093.0          0.00         0.0           0.0 
	         1     1093.0          0.00         0.0           0.0 
	         9     1091.0          0.00         0.0           0.0 
	         1     1091.0          0.00         0.0           0.0 
	        37     1090.0          0.00         0.0           0.0 
	        13     1088.0          0.00         0.0           0.0 
	         1     1088.0          0.00         0.0           0.0 
	        41     1087.0          0.00         0.0           0.0 
	        21     1084.0          0.00         0.0           0.0 
	         1     1084.0          0.00         0.0           0.0 
	        15     1081.0          0.00         0.0           0.0 
	         1     1081.0          0.00         0.0           0.0 
	         1     1081.0          0.00         0.0           0.0 
	        21     1078.0          0.00         0.0           0.0 
	         1     1078.0          0.00         0.0           0.0 
	         9     1076.0          0.00         0.0           0.0 
	         1     1076.0          0.00         0.0           0.0 
	        37     1074.0          0.00         0.0           0.0 
	         9     1073.0          0.00         0.0           0.0 
	        23     1072.0          0.00         0.0           0.0 
	        19     1070.0          0.00         0.0           0.0 
	         1     1070.0          0.00         0.0           0.0 
	        31     1069.0          0.00         0.0           0.0 
	        15     1067.0          0.00         0.0           0.0 
	         1     1067.0          0.00         0.0           0.0 
	        17     1065.0          0.00         0.0           0.0 
	         1     1065.0          0.00         0.0           0.0 
	        15     1064.0          0.00         0.0           0.0 
	        15     1063.0          0.00         0.0           0.0 
	        17     1061.0          0.00         0.0           0.0 
	         1     1061.0          0.00         0.0           0.0 
	        27     1060.0          0.00         0.0           0.0 
	        13     1059.0          0.00         0.0           0.0 
	        11     1058.0          0.00         0.0           0.0 
	        25     1056.0          0.00         0.0           0.0 
	        51     1053.0          0.00         0.0           0.0 
	         1     1053.0          0.00         0.0           0.0 
	         1     1053.0          0.00         0.0           0.0 
	        15     1048.0          0.00         0.0           0.0 
	         1     1048.0          0.00         0.0           0.0 
	         1     1048.0          0.00         0.0           0.0 
	         1     1048.0          0.00         0.0           0.0 
	         1     1048.0          0.00         0.0           0.0 
	        23     1045.0          0.00         0.0           0.0 
	         1     1045.0          0.00         0.0           0.0 
	        39     1043.0          0.00         0.0           0.0 
	         1     1043.0          0.00         0.0           0.0 
	        17     1040.0          0.00         0.0           0.0 
	         1     1040.0          0.00         0.0           0.0 
	        29     1039.0          0.00         0.0           0.0 
	        15     1036.0          0.00         0.0           0.0 
	         1     1036.0          0.00         0.0           0.0 
	         1     1036.0          0.00         0.0           0.0 
	        19     1035.0          0.00         0.0           0.0 
	        31     1033.0          0.00         0.0           0.0 
	         1     1033.0          0.00         0.0           0.0 
	        23     1030.0          0.00         0.0           0.0 
	         1     1030.0          0.00         0.0           0.0 
	        37     1027.0          0.00         0.0           0.0 
	         1     1027.0          0.00         0.0           0.0 
	        41     1025.0          0.00         0.0           0.0 
	         1     1025.0          0.00         0.0           0.0 
	        27     1024.0          0.00         0.0           0.0 
	        25     1023.0          0.00         0.0           0.0 
	        19     1022.0          0.00         0.0           0.0 
	        21     1021.0          0.00         0.0           0.0 
	        21     1020.0          0.00         0.0           0.0 
	        27     1018.0          0.00         0.0           0.0 
	        13     1016.0          0.00         0.0           0.0 
	         1     1016.0          0.00         0.0           0.0 
	        31     1013.0          0.00         0.0           0.0 
	         1     1013.0          0.00         0.0           0.0 
	         1     1013.0          0.00         0.0           0.0 
	         7     1011.0          0.00         0.0           0.0 
	         1     1011.0          0.00         0.0           0.0 
	        35     1010.0          0.00         0.0           0.0 
	        35     1009.0          0.00         0.0           0.0 
	        39     1008.0          0.00         0.0           0.0 
	        15     1006.0          0.00         0.0           0.0 
	         1     1006.0          0.00         0.0           0.0 
	        13     1005.0          0.00         0.0           0.0 
	        29     1004.0          0.00         0.0           0.0 
	        35     1003.0          0.00         0.0           0.0 
	        39     1002.0          0.00         0.0           0.0 
	        29     1001.0          0.00         0.0           0.0 
	        47      999.0          0.00         0.0           0.0 
	         1      999.0          0.00         0.0           0.0 
	        13      998.0          0.00         0.0           0.0 
	        11      997.0          0.00         0.0           0.0 
	        13      996.0          0.00         0.0           0.0 
	         9      994.0          0.00         0.0           0.0 
	         1      994.0          0.00         0.0           0.0 
	        13      993.0          0.00         0.0           0.0 
	         9      992.0          0.00         0.0           0.0 
	        21      990.0          0.00         0.0           0.0 
	         1      990.0          0.00         0.0           0.0 
	        15      989.0          0.00         0.0           0.0 
	        17      988.0          0.00         0.0           0.0 
	        41      984.0          0.00         0.0           0.0 
	         1      984.0          0.00         0.0           0.0 
	         1      984.0          0.00         0.0           0.0 
	         1      984.0          0.00         0.0           0.0 
	        29      981.0          0.00         0.0           0.0 
	         1      981.0          0.00         0.0           0.0 
	         1      981.0          0.00         0.0           0.0 
	        45      977.0          0.00         0.0           0.0 
	         1      977.0          0.00         0.0           0.0 
	         1      977.0          0.00         0.0           0.0 
	         1      977.0          0.00         0.0           0.0 
	        35      973.0          0.00         0.0           0.0 
	         1      973.0          0.00         0.0           0.0 
	         1      973.0          0.00         0.0           0.0 
	         1      973.0          0.00         0.0           0.0 
	         0
	   --------
	      3810


  Optimization Complete
  ---------------------
  Transferring Design 'HOURS_FILTER' to database 'FLOW1.db'
  Transferring Design 'CONVERTOR_0' to database 'FLOW1.db'
  Transferring Design 'CONVERTOR_1' to database 'FLOW1.db'
  Transferring Design 'CONVERTOR_CKT' to database 'FLOW1.db'
  Transferring Design 'MUX' to database 'FLOW1.db'
  Transferring Design 'COMPARATOR' to database 'FLOW1.db'
  Transferring Design 'ALARM_SM_2' to database 'FLOW1.db'
  Transferring Design 'ALARM_BLOCK' to database 'FLOW1.db'
  Transferring Design 'TIME_BLOCK' to database 'FLOW1.db'
  Transferring Design 'CLOCK_GEN' to database 'FLOW1.db'
  Transferring Design 'COMPUTE_BLOCK' to database 'FLOW1.db'
  Transferring Design 'CORE' to database 'FLOW1.db'
Current design is 'CORE'.
1

current_design FLOW1
Current design is 'FLOW1'.
{"FLOW1"}
set_scan_configuration -style multiplexed_flip_flop
Warning: Overwriting existing scan style multiplexed_flip_flop. (TESTDB-1)
Accepted scan specification for design 'FLOW1'.
1
set_scan_configuration -methodology full_scan
Accepted scan specification for design 'FLOW1'.
1
set_scan_configuration -chain_count 1
Accepted scan specification for design 'FLOW1'.
1

create_test_clock -period 100 -waveform {40, 60} find(port, "CLK")
Performing create_test_clock on port 'CLK'. 
1

set_scan_signal test_scan_in -port "HRS"
Performing set_scan_signal on port 'HRS'. 
Accepted scan signal specification.
1
set_scan_signal test_scan_out -port "SPEAKER_OUT"
Performing set_scan_signal on port 'SPEAKER_OUT'. 
Accepted scan signal specification.
1
set_scan_signal test_scan_enable -port "TEST_SE"
Performing set_scan_signal on port 'TEST_SE'. 
Accepted scan signal specification.
1

preview_scan -show all
  Loading design 'FLOW1'
  Checking test design rules
  Architecting Scan Chains

****************************************
Preview scan report
For    : 'Insert_scan' command
Design : FLOW1
Version: 1998.02
Date   : Sat Aug 29 18:04:10 1998
****************************************

Number of chains: 1
Scan methodology: full_scan
Scan style: multiplexed_flip_flop
Clock domain: no_mix
Scan enable: TEST_SE (no hookup pin)

  (l) shows cell scan-out drives a lockup latch
  (s) shows cell is a scan segment
  (t) shows cell has a true scan attribute
  (w) shows cell scan-out drives a wire


Scan chain '1' (HRS --> SPEAKER_OUT) contains 33 cells:

  i_core/U1/U1/AM_PM_OUT_reg    (CLK, 40.0, rising)
  i_core/U1/U1/CURRENT_SECS_reg[0]
  i_core/U1/U1/CURRENT_SECS_reg[1]
  i_core/U1/U1/CURRENT_SECS_reg[2]
  i_core/U1/U1/CURRENT_SECS_reg[3]
  i_core/U1/U1/CURRENT_SECS_reg[4]
  i_core/U1/U1/CURRENT_SECS_reg[5]
  i_core/U1/U1/CURRENT_STATE_reg[0]
  i_core/U1/U1/CURRENT_STATE_reg[1]
  i_core/U1/U1/HOURS_OUT_reg[0] 
  i_core/U1/U1/HOURS_OUT_reg[1] 
  i_core/U1/U1/HOURS_OUT_reg[2] 
  i_core/U1/U1/HOURS_OUT_reg[3] 
  i_core/U1/U1/MINUTES_OUT_reg[0]
  i_core/U1/U1/MINUTES_OUT_reg[1]
  i_core/U1/U1/MINUTES_OUT_reg[2]
  i_core/U1/U1/MINUTES_OUT_reg[3]
  i_core/U1/U1/MINUTES_OUT_reg[4]
  i_core/U1/U1/MINUTES_OUT_reg[5]
  i_core/U1/U2/AM_PM_OUT_reg    
  i_core/U1/U2/CURRENT_STATE_reg[0]
  i_core/U1/U2/CURRENT_STATE_reg[1]
  i_core/U1/U2/HOURS_OUT_reg[0] 
  i_core/U1/U2/HOURS_OUT_reg[1] 
  i_core/U1/U2/HOURS_OUT_reg[2] 
  i_core/U1/U2/HOURS_OUT_reg[3] 
  i_core/U1/U2/MINUTES_OUT_reg[0]
  i_core/U1/U2/MINUTES_OUT_reg[1]
  i_core/U1/U2/MINUTES_OUT_reg[2]
  i_core/U1/U2/MINUTES_OUT_reg[3]
  i_core/U1/U2/MINUTES_OUT_reg[4]
  i_core/U1/U2/MINUTES_OUT_reg[5]
  i_core/U1/U5/CURRENT_STATE_reg

  Scan signals:
    test_scan_in: HRS (no hookup pin)
    test_scan_out: SPEAKER_OUT (no hookup pin)


****************************************

No segments


****************************************

No cells have scan true

No cells have scan false


1
insert_scan
Warning: You have asked for scan replacement, but attributes show that the design already has scan circuitry. Your request is ignored. (UIT-4)
  Loading design 'FLOW1'
Warning: In design 'FLOW1', there is 1 port not connected to any nets. (LINT-30)
Warning: In design 'CLOCK_GEN', there is 1 feedthrough. (LINT-30)
Warning: In design 'TIME_BLOCK', there are 11 output ports shorted to other output ports. (LINT-30)
Warning: In design 'ALARM_BLOCK', there are 11 output ports shorted to other output ports. (LINT-30)
Warning: In design 'CONVERTOR_CKT', there is 1 port not connected to any nets. (LINT-30)
Warning: In design 'CONVERTOR_CKT', there is 1 submodule connected to power or ground. (LINT-30)
Warning: In design 'CONVERTOR_CKT', there is 1 submodule with pins connected to the same net. (LINT-30)
Warning: In design 'CONVERTOR_1', there are 3 ports not connected to any nets. (LINT-30)
Warning: In design 'CONVERTOR_1', there are 4 output ports shorted to other output ports. (LINT-30)
Warning: In design 'CONVERTOR_0', there is 1 output port shorted to another output port. (LINT-30)
Warning: In design 'HOURS_FILTER', there is 1 feedthrough. (LINT-30)

Information: Use the 'check_design' command for 
	 more information about warnings. (LINT-99)

  Checking test design rules
  Architecting Scan Chains
  Routing Scan Chains
  Routing Global Signals
  Mapping New Logic
  Beginning Mapping Optimizations

                                               TOTAL NEG     DESIGN RULE
            TRIALS      AREA     DELTA DELAY     SLACK          COST
           --------    ------    -----------    -------        ------
	         3
	   --------
	         3

  Transferring (new) design 'ALARM_BLOCK_test_1' to database 'FLOW1.db'
  Transferring (new) design 'ALARM_SM_2_test_1' to database 'FLOW1.db'
  Transferring design 'CLOCK_GEN' to database 'FLOW1.db'
  Transferring design 'COMPARATOR' to database 'FLOW1.db'
  Transferring (new) design 'TIME_BLOCK_test_1' to database 'FLOW1.db'
  Transferring (new) design 'COMPUTE_BLOCK_test_1' to database 'FLOW1.db'
  Transferring design 'CONVERTOR_0' to database 'FLOW1.db'
  Transferring design 'CONVERTOR_1' to database 'FLOW1.db'
  Transferring design 'HOURS_FILTER' to database 'FLOW1.db'
  Transferring design 'CONVERTOR_CKT' to database 'FLOW1.db'
  Transferring design 'MUX' to database 'FLOW1.db'
  Transferring (new) design 'CORE_test_1' to database 'FLOW1.db'
  Transferring design 'FLOW1' to database 'FLOW1.db'

1
check_test
  Loading design 'FLOW1'

Information: Starting test design rule checking for existing scan design. (TEST-220)
  ...full scan rules enabled...
  ...basic checks...
  ...basic sequential cell checks...
  ...checking combinational feedback loops...
  ...inferring test protocol...
Information: Inferred system/test clock port CLK (40.0,60.0). (TEST-260)
  ...simulating parallel vector...
  ...simulating parallel vector...
  ...simulating serial scan-in...
  ...33 bits scanned-in to 33 cells (total scan-in 33)...
  ...simulating parallel vector...
  ...binding scan-in state...
  ...simulating parallel vector...
  ...simulating capture clock rising edge at port CLK...
  ...simulating capture clock falling edge at port CLK...
  ...creating capture clock groups...
Information: Inferred capture clock group : CLK. (TEST-262)
  ...simulating parallel vector...
  ...binding scan-out state...
  ...simulating serial scan-out...
  ...data scanned-out from 32 cells (total scan-out 33)...
  ...simulating parallel vector...
Information: Test design rule checking completed. (TEST-123)

**************************************************
  Test Design Rule Violation Summary

  Total violations: 0
**************************************************



**************************************************
  Sequential Cell Summary

  0 out of 33 sequential cells have violations
**************************************************

SEQUENTIAL CELLS WITHOUT VIOLATIONS
   *  33 cells are valid scan cells

1
report_test -scan_path
 
****************************************
Report : test
          -scan_path
Design : FLOW1
Version: 1998.02
Date   : Sat Aug 29 18:04:20 1998
****************************************

  (*) indicates change of polarity in scan data
  (c) indicates cell is scan controllable only
  (o) indicates cell is scan observable only
  (x) indicates cell cannot capture

Complete scan chain (HRS --> SPEAKER_OUT) contains 33 cells:

  HRS	->
  i_core/U1/U1/AM_PM_OUT_reg (*)	->
  i_core/U1/U1/CURRENT_SECS_reg[0] (*)	->
  i_core/U1/U1/CURRENT_SECS_reg[1] (*)	->
  i_core/U1/U1/CURRENT_SECS_reg[2] (*)	->
  i_core/U1/U1/CURRENT_SECS_reg[3] (*)	->
  i_core/U1/U1/CURRENT_SECS_reg[4] (*)	->
  i_core/U1/U1/CURRENT_SECS_reg[5]	->
  i_core/U1/U1/CURRENT_STATE_reg[0]	->
  i_core/U1/U1/CURRENT_STATE_reg[1]	->
  i_core/U1/U1/HOURS_OUT_reg[0] (*)	->
  i_core/U1/U1/HOURS_OUT_reg[1] (*)	->
  i_core/U1/U1/HOURS_OUT_reg[2] (*)	->
  i_core/U1/U1/HOURS_OUT_reg[3] (*)	->
  i_core/U1/U1/MINUTES_OUT_reg[0] (*)	->
  i_core/U1/U1/MINUTES_OUT_reg[1] (*)	->
  i_core/U1/U1/MINUTES_OUT_reg[2]	->
  i_core/U1/U1/MINUTES_OUT_reg[3] (*)	->
  i_core/U1/U1/MINUTES_OUT_reg[4] (*)	->
  i_core/U1/U1/MINUTES_OUT_reg[5] (*)	->
  i_core/U1/U2/AM_PM_OUT_reg (*)	->
  i_core/U1/U2/CURRENT_STATE_reg[0]	->
  i_core/U1/U2/CURRENT_STATE_reg[1]	->
  i_core/U1/U2/HOURS_OUT_reg[0] (*)	->
  i_core/U1/U2/HOURS_OUT_reg[1] (*)	->
  i_core/U1/U2/HOURS_OUT_reg[2]	->
  i_core/U1/U2/HOURS_OUT_reg[3] (*)	->
  i_core/U1/U2/MINUTES_OUT_reg[0] (*)	->
  i_core/U1/U2/MINUTES_OUT_reg[1] (*)	->
  i_core/U1/U2/MINUTES_OUT_reg[2] (*)	->
  i_core/U1/U2/MINUTES_OUT_reg[3] (*)	->
  i_core/U1/U2/MINUTES_OUT_reg[4] (*)	->
  i_core/U1/U2/MINUTES_OUT_reg[5]	->
  i_core/U1/U5/CURRENT_STATE_reg	->
  SPEAKER_OUT

1

create_test_patterns -compaction_effort high
  Loading design 'FLOW1'
  Using test design rule information from previous check_test run
  Building test generation network
Information: Faults on unused cell outputs are not considered, e.g. pin Z1 of cell i_core/U5 (B2I). (TEST-200)

  Combinational Test Pattern Generation starts:

    Start random pattern generation...

       87.03% faults processed ; cumulative fault coverage =  87.03%
       92.14% faults processed ; cumulative fault coverage =  92.14%
       92.94% faults processed ; cumulative fault coverage =  92.94%
       93.29% faults processed ; cumulative fault coverage =  93.29%
       93.40% faults processed ; cumulative fault coverage =  93.40%
       93.69% faults processed ; cumulative fault coverage =  93.69%
       93.80% faults processed ; cumulative fault coverage =  93.80%
       94.32% faults processed ; cumulative fault coverage =  94.32%
       94.49% faults processed ; cumulative fault coverage =  94.49%

    ...End random pattern generation

    Start deterministic pattern generation...

       95.87% faults processed ; cumulative fault coverage =  95.87%
       96.04% faults processed ; cumulative fault coverage =  96.04%
       96.16% faults processed ; cumulative fault coverage =  96.15%
       96.27% faults processed ; cumulative fault coverage =  96.27%
       96.44% faults processed ; cumulative fault coverage =  96.44%
       96.62% faults processed ; cumulative fault coverage =  96.61%
       96.73% faults processed ; cumulative fault coverage =  96.73%
       96.84% faults processed ; cumulative fault coverage =  96.84%
       96.90% faults processed ; cumulative fault coverage =  96.90%
       96.96% faults processed ; cumulative fault coverage =  96.96%
       97.19% faults processed ; cumulative fault coverage =  97.19%
       97.30% faults processed ; cumulative fault coverage =  97.30%
       97.42% faults processed ; cumulative fault coverage =  97.42%
       97.53% faults processed ; cumulative fault coverage =  97.53%
       97.76% faults processed ; cumulative fault coverage =  97.76%
       97.88% faults processed ; cumulative fault coverage =  97.88%
       97.93% faults processed ; cumulative fault coverage =  97.93%
       97.99% faults processed ; cumulative fault coverage =  97.99%
       98.05% faults processed ; cumulative fault coverage =  98.05%
       98.11% faults processed ; cumulative fault coverage =  98.11%
       98.16% faults processed ; cumulative fault coverage =  98.16%
       98.22% faults processed ; cumulative fault coverage =  98.22%
       98.28% faults processed ; cumulative fault coverage =  98.28%
       98.34% faults processed ; cumulative fault coverage =  98.34%
       98.39% faults processed ; cumulative fault coverage =  98.39%
       98.51% faults processed ; cumulative fault coverage =  98.51%
       98.62% faults processed ; cumulative fault coverage =  98.62%
       98.68% faults processed ; cumulative fault coverage =  98.68%
       98.74% faults processed ; cumulative fault coverage =  98.74%
       98.80% faults processed ; cumulative fault coverage =  98.79%
       98.97% faults processed ; cumulative fault coverage =  98.97%
       99.08% faults processed ; cumulative fault coverage =  99.08%
       99.14% faults processed ; cumulative fault coverage =  99.14%
       99.43% faults processed ; cumulative fault coverage =  99.42%
       99.66% faults processed ; cumulative fault coverage =  99.65%
       99.77% faults processed ; cumulative fault coverage =  99.77%
       99.94% faults processed ; cumulative fault coverage =  99.94%
      100.00% faults processed ; cumulative fault coverage = 100.00%

    ...End deterministic pattern generation


                                Non-collapsed     Collapsed
    No. of detected faults      3368              1733
    No. of abandoned faults     0                 0
    No. of tied faults          3                 1
    No. of redundant faults     11                9
    No. of untested faults      0                 0
    Total no. of faults         3382              1743
    Fault coverage              100.00            100.00

    No. of test patterns         93

    Test Generation Time (CPU)  1.00 sec

    Start compaction...

    ...End compaction

    No. of compacted patterns    75

    Compaction Time (CPU)       0.00 sec
...Writing test program FLOW1 to file /remote/trg1/dickhoff/NEW_TC_LABS/TC/Lab_3/FLOW1.vdb
1

report_test -coverage -faults -class untested
 
****************************************
Report : test
          -coverage
          -faults (untested)
Design : FLOW1
Version: 1998.02
Date   : Sat Aug 29 18:04:25 1998
****************************************

Test program : `FLOW1' 
Depends on   : 

Fault Coverage Report :

    Detect   : Number of faults Detected
    Aband    : Number of faults Abandoned
    Tied     : Number of faults Tied High or Low
    Redun    : Number of faults Redundant
    Untest   : Number of faults Untested
    Probl    : Number of faults Probably Detected
    Unpro    : Number of faults Hyperactive/Oscillating
    Total    : Number of faults Total
    Coverage : Detect / (Total - Tied - Redund)

Design/Cell          Detect  Aband  Tied Redun Untest Probl Unpro Total Coverage
--------------------------------------------------------------------------------
i_core/U1/U1            957      0     0     1      0     0     0    958 100.00%
i_core/U1/U2            566      0     0     0      0     0     0    566 100.00%
i_core/U1/U4            114      0     0     0      0     0     0    114 100.00%
i_core/U1/U5             26      0     0     0      0     0     0     26 100.00%
i_core/U1              1663      0     0     1      0     0     0   1664 100.00%
i_core/U2               180      0     0     0      0     0     0    180 100.00%
i_core/U3/U7            220      0     0     0      0     0     0    220 100.00%
i_core/U3/U8           1000      0     0     0      0     0     0   1000 100.00%
i_core/U3/U9             86      0     0    10      0     0     0     96 100.00%
i_core/U3              1306      0     0    10      0     0     0   1316 100.00%
i_core                 3153      0     0    11      0     0     0   3164 100.00%
FLOW1                  3368      0     3    11      0     0     0   3382 100.00%

Test program : `FLOW1' 
Depends on   : 

Faults:

 s-a-0 : stuck at 0 fault
 s-a-1 : stuck at 1 fault


1

write_test -format wgl
Loading db file '/remote/trg1/dickhoff/NEW_TC_LABS/TC/Lab_3/FLOW1.vdb'
Warning: Renaming port from 'DISP1[13]' to '"DISP1[13]"'. (TESTDB-100)
Warning: Renaming port from 'DISP1[12]' to '"DISP1[12]"'. (TESTDB-100)
Warning: Renaming port from 'DISP1[11]' to '"DISP1[11]"'. (TESTDB-100)
Warning: Renaming port from 'DISP1[10]' to '"DISP1[10]"'. (TESTDB-100)
Warning: Renaming port from 'DISP1[9]' to '"DISP1[9]"'. (TESTDB-100)
Warning: Renaming port from 'DISP1[8]' to '"DISP1[8]"'. (TESTDB-100)
Warning: Renaming port from 'DISP1[7]' to '"DISP1[7]"'. (TESTDB-100)
Warning: Renaming port from 'DISP1[6]' to '"DISP1[6]"'. (TESTDB-100)
Warning: Renaming port from 'DISP1[5]' to '"DISP1[5]"'. (TESTDB-100)
Warning: Renaming port from 'DISP1[4]' to '"DISP1[4]"'. (TESTDB-100)
Warning: Renaming port from 'DISP1[3]' to '"DISP1[3]"'. (TESTDB-100)
Warning: Renaming port from 'DISP1[2]' to '"DISP1[2]"'. (TESTDB-100)
Warning: Renaming port from 'DISP1[1]' to '"DISP1[1]"'. (TESTDB-100)
Warning: Renaming port from 'DISP1[0]' to '"DISP1[0]"'. (TESTDB-100)
Warning: Renaming port from 'DISP2[13]' to '"DISP2[13]"'. (TESTDB-100)
Warning: Renaming port from 'DISP2[12]' to '"DISP2[12]"'. (TESTDB-100)
Warning: Renaming port from 'DISP2[11]' to '"DISP2[11]"'. (TESTDB-100)
Warning: Renaming port from 'DISP2[10]' to '"DISP2[10]"'. (TESTDB-100)
Warning: Renaming port from 'DISP2[9]' to '"DISP2[9]"'. (TESTDB-100)
Warning: Renaming port from 'DISP2[8]' to '"DISP2[8]"'. (TESTDB-100)
Warning: Renaming port from 'DISP2[7]' to '"DISP2[7]"'. (TESTDB-100)
Warning: Renaming port from 'DISP2[6]' to '"DISP2[6]"'. (TESTDB-100)
Warning: Renaming port from 'DISP2[5]' to '"DISP2[5]"'. (TESTDB-100)
Warning: Renaming port from 'DISP2[4]' to '"DISP2[4]"'. (TESTDB-100)
Warning: Renaming port from 'DISP2[3]' to '"DISP2[3]"'. (TESTDB-100)
Warning: Renaming port from 'DISP2[2]' to '"DISP2[2]"'. (TESTDB-100)
Warning: Renaming port from 'DISP2[1]' to '"DISP2[1]"'. (TESTDB-100)
Warning: Renaming port from 'DISP2[0]' to '"DISP2[0]"'. (TESTDB-100)
Warning: Renaming port from 'i_core/U1/U1/AM_PM_OUT_reg' to '"i_core/U1/U1/AM_PM_OUT_reg"'. (TESTDB-100)
Warning: Renaming port from 'i_core/U1/U1/CURRENT_SECS_reg[0]' to '"i_core/U1/U1/CURRENT_SECS_reg[0]"'. (TESTDB-100)
Warning: Renaming port from 'i_core/U1/U1/CURRENT_SECS_reg[1]' to '"i_core/U1/U1/CURRENT_SECS_reg[1]"'. (TESTDB-100)
Warning: Renaming port from 'i_core/U1/U1/CURRENT_SECS_reg[2]' to '"i_core/U1/U1/CURRENT_SECS_reg[2]"'. (TESTDB-100)
Warning: Renaming port from 'i_core/U1/U1/CURRENT_SECS_reg[3]' to '"i_core/U1/U1/CURRENT_SECS_reg[3]"'. (TESTDB-100)
Warning: Renaming port from 'i_core/U1/U1/CURRENT_SECS_reg[4]' to '"i_core/U1/U1/CURRENT_SECS_reg[4]"'. (TESTDB-100)
Warning: Renaming port from 'i_core/U1/U1/CURRENT_SECS_reg[5]' to '"i_core/U1/U1/CURRENT_SECS_reg[5]"'. (TESTDB-100)
Warning: Renaming port from 'i_core/U1/U1/CURRENT_STATE_reg[0]' to '"i_core/U1/U1/CURRENT_STATE_reg[0]"'. (TESTDB-100)
Warning: Renaming port from 'i_core/U1/U1/CURRENT_STATE_reg[1]' to '"i_core/U1/U1/CURRENT_STATE_reg[1]"'. (TESTDB-100)
Warning: Renaming port from 'i_core/U1/U1/HOURS_OUT_reg[0]' to '"i_core/U1/U1/HOURS_OUT_reg[0]"'. (TESTDB-100)
Warning: Renaming port from 'i_core/U1/U1/HOURS_OUT_reg[1]' to '"i_core/U1/U1/HOURS_OUT_reg[1]"'. (TESTDB-100)
Warning: Renaming port from 'i_core/U1/U1/HOURS_OUT_reg[2]' to '"i_core/U1/U1/HOURS_OUT_reg[2]"'. (TESTDB-100)
Warning: Renaming port from 'i_core/U1/U1/HOURS_OUT_reg[3]' to '"i_core/U1/U1/HOURS_OUT_reg[3]"'. (TESTDB-100)
Warning: Renaming port from 'i_core/U1/U1/MINUTES_OUT_reg[0]' to '"i_core/U1/U1/MINUTES_OUT_reg[0]"'. (TESTDB-100)
Warning: Renaming port from 'i_core/U1/U1/MINUTES_OUT_reg[1]' to '"i_core/U1/U1/MINUTES_OUT_reg[1]"'. (TESTDB-100)
Warning: Renaming port from 'i_core/U1/U1/MINUTES_OUT_reg[2]' to '"i_core/U1/U1/MINUTES_OUT_reg[2]"'. (TESTDB-100)
Warning: Renaming port from 'i_core/U1/U1/MINUTES_OUT_reg[3]' to '"i_core/U1/U1/MINUTES_OUT_reg[3]"'. (TESTDB-100)
Warning: Renaming port from 'i_core/U1/U1/MINUTES_OUT_reg[4]' to '"i_core/U1/U1/MINUTES_OUT_reg[4]"'. (TESTDB-100)
Warning: Renaming port from 'i_core/U1/U1/MINUTES_OUT_reg[5]' to '"i_core/U1/U1/MINUTES_OUT_reg[5]"'. (TESTDB-100)
Warning: Renaming port from 'i_core/U1/U2/AM_PM_OUT_reg' to '"i_core/U1/U2/AM_PM_OUT_reg"'. (TESTDB-100)
Warning: Renaming port from 'i_core/U1/U2/CURRENT_STATE_reg[0]' to '"i_core/U1/U2/CURRENT_STATE_reg[0]"'. (TESTDB-100)
Warning: Renaming port from 'i_core/U1/U2/CURRENT_STATE_reg[1]' to '"i_core/U1/U2/CURRENT_STATE_reg[1]"'. (TESTDB-100)
Warning: Renaming port from 'i_core/U1/U2/HOURS_OUT_reg[0]' to '"i_core/U1/U2/HOURS_OUT_reg[0]"'. (TESTDB-100)
Warning: Renaming port from 'i_core/U1/U2/HOURS_OUT_reg[1]' to '"i_core/U1/U2/HOURS_OUT_reg[1]"'. (TESTDB-100)
Warning: Renaming port from 'i_core/U1/U2/HOURS_OUT_reg[2]' to '"i_core/U1/U2/HOURS_OUT_reg[2]"'. (TESTDB-100)
Warning: Renaming port from 'i_core/U1/U2/HOURS_OUT_reg[3]' to '"i_core/U1/U2/HOURS_OUT_reg[3]"'. (TESTDB-100)
Warning: Renaming port from 'i_core/U1/U2/MINUTES_OUT_reg[0]' to '"i_core/U1/U2/MINUTES_OUT_reg[0]"'. (TESTDB-100)
Warning: Renaming port from 'i_core/U1/U2/MINUTES_OUT_reg[1]' to '"i_core/U1/U2/MINUTES_OUT_reg[1]"'. (TESTDB-100)
Warning: Renaming port from 'i_core/U1/U2/MINUTES_OUT_reg[2]' to '"i_core/U1/U2/MINUTES_OUT_reg[2]"'. (TESTDB-100)
Warning: Renaming port from 'i_core/U1/U2/MINUTES_OUT_reg[3]' to '"i_core/U1/U2/MINUTES_OUT_reg[3]"'. (TESTDB-100)
Warning: Renaming port from 'i_core/U1/U2/MINUTES_OUT_reg[4]' to '"i_core/U1/U2/MINUTES_OUT_reg[4]"'. (TESTDB-100)
Warning: Renaming port from 'i_core/U1/U2/MINUTES_OUT_reg[5]' to '"i_core/U1/U2/MINUTES_OUT_reg[5]"'. (TESTDB-100)
Warning: Renaming port from 'i_core/U1/U5/CURRENT_STATE_reg' to '"i_core/U1/U5/CURRENT_STATE_reg"'. (TESTDB-100)
Assembling test program file FLOW1_0.WGL...
Assembling test program file FLOW1_schk.WGL...
...formatting test program file
...formatting test program file
1
