 
****************************************
Report : cell
Design : cal_phase
Version: L-2016.03-SP1
Date   : Tue Oct 26 20:44:42 2021
****************************************

Attributes:
    b - black box (unknown)
    h - hierarchical
    n - noncombinational
    r - removable
    u - contains unmapped logic

Cell                      Reference       Library             Area  Attributes
--------------------------------------------------------------------------------
U1                        INVD1BWP7T35P140
                                          tcbn28hpcplusbwp7t35p140ssg0p81v125c_ccs
                                                          0.196000  
U2                        INVD1BWP7T35P140
                                          tcbn28hpcplusbwp7t35p140ssg0p81v125c_ccs
                                                          0.196000  
U3                        INVD1BWP7T35P140
                                          tcbn28hpcplusbwp7t35p140ssg0p81v125c_ccs
                                                          0.196000  
U4                        INVD1BWP7T35P140
                                          tcbn28hpcplusbwp7t35p140ssg0p81v125c_ccs
                                                          0.196000  
U5                        INVD1BWP7T35P140
                                          tcbn28hpcplusbwp7t35p140ssg0p81v125c_ccs
                                                          0.196000  
U6                        INVD1BWP7T35P140
                                          tcbn28hpcplusbwp7t35p140ssg0p81v125c_ccs
                                                          0.196000  
U7                        INVD1BWP7T35P140
                                          tcbn28hpcplusbwp7t35p140ssg0p81v125c_ccs
                                                          0.196000  
U8                        INVD1BWP7T35P140
                                          tcbn28hpcplusbwp7t35p140ssg0p81v125c_ccs
                                                          0.196000  
U9                        INVD1BWP7T35P140
                                          tcbn28hpcplusbwp7t35p140ssg0p81v125c_ccs
                                                          0.196000  
U10                       INVD1BWP7T35P140
                                          tcbn28hpcplusbwp7t35p140ssg0p81v125c_ccs
                                                          0.196000  
U11                       INVD1BWP7T35P140
                                          tcbn28hpcplusbwp7t35p140ssg0p81v125c_ccs
                                                          0.196000  
U12                       INVD1BWP7T35P140
                                          tcbn28hpcplusbwp7t35p140ssg0p81v125c_ccs
                                                          0.196000  
U13                       INVD1BWP7T35P140
                                          tcbn28hpcplusbwp7t35p140ssg0p81v125c_ccs
                                                          0.196000  
U14                       INVD1BWP7T35P140
                                          tcbn28hpcplusbwp7t35p140ssg0p81v125c_ccs
                                                          0.196000  
U15                       INVD1BWP7T35P140
                                          tcbn28hpcplusbwp7t35p140ssg0p81v125c_ccs
                                                          0.196000  
U16                       INVD1BWP7T35P140
                                          tcbn28hpcplusbwp7t35p140ssg0p81v125c_ccs
                                                          0.196000  
U17                       INVD1BWP7T35P140
                                          tcbn28hpcplusbwp7t35p140ssg0p81v125c_ccs
                                                          0.196000  
U18                       INVD1BWP7T35P140
                                          tcbn28hpcplusbwp7t35p140ssg0p81v125c_ccs
                                                          0.196000  
U19                       INVD1BWP7T35P140
                                          tcbn28hpcplusbwp7t35p140ssg0p81v125c_ccs
                                                          0.196000  
U20                       INVD1BWP7T35P140
                                          tcbn28hpcplusbwp7t35p140ssg0p81v125c_ccs
                                                          0.196000  
U21                       INVD1BWP7T35P140
                                          tcbn28hpcplusbwp7t35p140ssg0p81v125c_ccs
                                                          0.196000  
U22                       INVD1BWP7T35P140
                                          tcbn28hpcplusbwp7t35p140ssg0p81v125c_ccs
                                                          0.196000  
U23                       INVD1BWP7T35P140
                                          tcbn28hpcplusbwp7t35p140ssg0p81v125c_ccs
                                                          0.196000  
U24                       INVD1BWP7T35P140
                                          tcbn28hpcplusbwp7t35p140ssg0p81v125c_ccs
                                                          0.196000  
U25                       INVD1BWP7T35P140
                                          tcbn28hpcplusbwp7t35p140ssg0p81v125c_ccs
                                                          0.196000  
U26                       INVD1BWP7T35P140
                                          tcbn28hpcplusbwp7t35p140ssg0p81v125c_ccs
                                                          0.196000  
U27                       INVD1BWP7T35P140
                                          tcbn28hpcplusbwp7t35p140ssg0p81v125c_ccs
                                                          0.196000  
U28                       INVD1BWP7T35P140
                                          tcbn28hpcplusbwp7t35p140ssg0p81v125c_ccs
                                                          0.196000  
U29                       INVD1BWP7T35P140
                                          tcbn28hpcplusbwp7t35p140ssg0p81v125c_ccs
                                                          0.196000  
U30                       INVD1BWP7T35P140
                                          tcbn28hpcplusbwp7t35p140ssg0p81v125c_ccs
                                                          0.196000  
U31                       INVD1BWP7T35P140
                                          tcbn28hpcplusbwp7t35p140ssg0p81v125c_ccs
                                                          0.196000  
U32                       INVD1BWP7T35P140
                                          tcbn28hpcplusbwp7t35p140ssg0p81v125c_ccs
                                                          0.196000  
U33                       INVD1BWP7T35P140
                                          tcbn28hpcplusbwp7t35p140ssg0p81v125c_ccs
                                                          0.196000  
U34                       INVD1BWP7T35P140
                                          tcbn28hpcplusbwp7t35p140ssg0p81v125c_ccs
                                                          0.196000  
U35                       INVD1BWP7T35P140
                                          tcbn28hpcplusbwp7t35p140ssg0p81v125c_ccs
                                                          0.196000  
U36                       INVD1BWP7T35P140
                                          tcbn28hpcplusbwp7t35p140ssg0p81v125c_ccs
                                                          0.196000  
U37                       INVD1BWP7T35P140
                                          tcbn28hpcplusbwp7t35p140ssg0p81v125c_ccs
                                                          0.196000  
U38                       INVD1BWP7T35P140
                                          tcbn28hpcplusbwp7t35p140ssg0p81v125c_ccs
                                                          0.196000  
U39                       INVD1BWP7T35P140
                                          tcbn28hpcplusbwp7t35p140ssg0p81v125c_ccs
                                                          0.196000  
U40                       INVD1BWP7T35P140
                                          tcbn28hpcplusbwp7t35p140ssg0p81v125c_ccs
                                                          0.196000  
U41                       INVD1BWP7T35P140
                                          tcbn28hpcplusbwp7t35p140ssg0p81v125c_ccs
                                                          0.196000  
U42                       INVD1BWP7T35P140
                                          tcbn28hpcplusbwp7t35p140ssg0p81v125c_ccs
                                                          0.196000  
U43                       INVD1BWP7T35P140
                                          tcbn28hpcplusbwp7t35p140ssg0p81v125c_ccs
                                                          0.196000  
U44                       INVD1BWP7T35P140
                                          tcbn28hpcplusbwp7t35p140ssg0p81v125c_ccs
                                                          0.196000  
U45                       INVD1BWP7T35P140
                                          tcbn28hpcplusbwp7t35p140ssg0p81v125c_ccs
                                                          0.196000  
U46                       INVD1BWP7T35P140
                                          tcbn28hpcplusbwp7t35p140ssg0p81v125c_ccs
                                                          0.196000  
U47                       INVD1BWP7T35P140
                                          tcbn28hpcplusbwp7t35p140ssg0p81v125c_ccs
                                                          0.196000  
U48                       INVD1BWP7T35P140
                                          tcbn28hpcplusbwp7t35p140ssg0p81v125c_ccs
                                                          0.196000  
U49                       INVD1BWP7T35P140
                                          tcbn28hpcplusbwp7t35p140ssg0p81v125c_ccs
                                                          0.196000  
U50                       INVD1BWP7T35P140
                                          tcbn28hpcplusbwp7t35p140ssg0p81v125c_ccs
                                                          0.196000  
U51                       INVD1BWP7T35P140
                                          tcbn28hpcplusbwp7t35p140ssg0p81v125c_ccs
                                                          0.196000  
U52                       INVD1BWP7T35P140
                                          tcbn28hpcplusbwp7t35p140ssg0p81v125c_ccs
                                                          0.196000  
U53                       INVD1BWP7T35P140
                                          tcbn28hpcplusbwp7t35p140ssg0p81v125c_ccs
                                                          0.196000  
U54                       INVD1BWP7T35P140
                                          tcbn28hpcplusbwp7t35p140ssg0p81v125c_ccs
                                                          0.196000  
U55                       INVD1BWP7T35P140
                                          tcbn28hpcplusbwp7t35p140ssg0p81v125c_ccs
                                                          0.196000  
U56                       INVD1BWP7T35P140
                                          tcbn28hpcplusbwp7t35p140ssg0p81v125c_ccs
                                                          0.196000  
U57                       INVD1BWP7T35P140
                                          tcbn28hpcplusbwp7t35p140ssg0p81v125c_ccs
                                                          0.196000  
U58                       INVD1BWP7T35P140
                                          tcbn28hpcplusbwp7t35p140ssg0p81v125c_ccs
                                                          0.196000  
U59                       INVD1BWP7T35P140
                                          tcbn28hpcplusbwp7t35p140ssg0p81v125c_ccs
                                                          0.196000  
U60                       INVD1BWP7T35P140
                                          tcbn28hpcplusbwp7t35p140ssg0p81v125c_ccs
                                                          0.196000  
U61                       INVD1BWP7T35P140
                                          tcbn28hpcplusbwp7t35p140ssg0p81v125c_ccs
                                                          0.196000  
U62                       INVD1BWP7T35P140
                                          tcbn28hpcplusbwp7t35p140ssg0p81v125c_ccs
                                                          0.196000  
U63                       INVD1BWP7T35P140
                                          tcbn28hpcplusbwp7t35p140ssg0p81v125c_ccs
                                                          0.196000  
U64                       INVD1BWP7T35P140
                                          tcbn28hpcplusbwp7t35p140ssg0p81v125c_ccs
                                                          0.196000  
U65                       INVD1BWP7T35P140
                                          tcbn28hpcplusbwp7t35p140ssg0p81v125c_ccs
                                                          0.196000  
U66                       INVD1BWP7T35P140
                                          tcbn28hpcplusbwp7t35p140ssg0p81v125c_ccs
                                                          0.196000  
U67                       INVD1BWP7T35P140
                                          tcbn28hpcplusbwp7t35p140ssg0p81v125c_ccs
                                                          0.196000  
U68                       INVD1BWP7T35P140
                                          tcbn28hpcplusbwp7t35p140ssg0p81v125c_ccs
                                                          0.196000  
U69                       INVD1BWP7T35P140
                                          tcbn28hpcplusbwp7t35p140ssg0p81v125c_ccs
                                                          0.196000  
U70                       INVD1BWP7T35P140
                                          tcbn28hpcplusbwp7t35p140ssg0p81v125c_ccs
                                                          0.196000  
U71                       INVD1BWP7T35P140
                                          tcbn28hpcplusbwp7t35p140ssg0p81v125c_ccs
                                                          0.196000  
U72                       INVD1BWP7T35P140
                                          tcbn28hpcplusbwp7t35p140ssg0p81v125c_ccs
                                                          0.196000  
U73                       INVD1BWP7T35P140
                                          tcbn28hpcplusbwp7t35p140ssg0p81v125c_ccs
                                                          0.196000  
U74                       INVD1BWP7T35P140
                                          tcbn28hpcplusbwp7t35p140ssg0p81v125c_ccs
                                                          0.196000  
U75                       INVD1BWP7T35P140
                                          tcbn28hpcplusbwp7t35p140ssg0p81v125c_ccs
                                                          0.196000  
U76                       INVD1BWP7T35P140
                                          tcbn28hpcplusbwp7t35p140ssg0p81v125c_ccs
                                                          0.196000  
U77                       INVD1BWP7T35P140
                                          tcbn28hpcplusbwp7t35p140ssg0p81v125c_ccs
                                                          0.196000  
U78                       INVD1BWP7T35P140
                                          tcbn28hpcplusbwp7t35p140ssg0p81v125c_ccs
                                                          0.196000  
U79                       INVD1BWP7T35P140
                                          tcbn28hpcplusbwp7t35p140ssg0p81v125c_ccs
                                                          0.196000  
U80                       INVD1BWP7T35P140
                                          tcbn28hpcplusbwp7t35p140ssg0p81v125c_ccs
                                                          0.196000  
U81                       INVD1BWP7T35P140
                                          tcbn28hpcplusbwp7t35p140ssg0p81v125c_ccs
                                                          0.196000  
U82                       INVD1BWP7T35P140
                                          tcbn28hpcplusbwp7t35p140ssg0p81v125c_ccs
                                                          0.196000  
U83                       INVD1BWP7T35P140
                                          tcbn28hpcplusbwp7t35p140ssg0p81v125c_ccs
                                                          0.196000  
U84                       INVD1BWP7T35P140
                                          tcbn28hpcplusbwp7t35p140ssg0p81v125c_ccs
                                                          0.196000  
U85                       INVD1BWP7T35P140
                                          tcbn28hpcplusbwp7t35p140ssg0p81v125c_ccs
                                                          0.196000  
U86                       INVD1BWP7T35P140
                                          tcbn28hpcplusbwp7t35p140ssg0p81v125c_ccs
                                                          0.196000  
U87                       INVD1BWP7T35P140
                                          tcbn28hpcplusbwp7t35p140ssg0p81v125c_ccs
                                                          0.196000  
U88                       INVD1BWP7T35P140
                                          tcbn28hpcplusbwp7t35p140ssg0p81v125c_ccs
                                                          0.196000  
U89                       INVD1BWP7T35P140
                                          tcbn28hpcplusbwp7t35p140ssg0p81v125c_ccs
                                                          0.196000  
U90                       INVD1BWP7T35P140
                                          tcbn28hpcplusbwp7t35p140ssg0p81v125c_ccs
                                                          0.196000  
U91                       INVD1BWP7T35P140
                                          tcbn28hpcplusbwp7t35p140ssg0p81v125c_ccs
                                                          0.196000  
U92                       INVD1BWP7T35P140
                                          tcbn28hpcplusbwp7t35p140ssg0p81v125c_ccs
                                                          0.196000  
U93                       INVD1BWP7T35P140
                                          tcbn28hpcplusbwp7t35p140ssg0p81v125c_ccs
                                                          0.196000  
U94                       INVD1BWP7T35P140
                                          tcbn28hpcplusbwp7t35p140ssg0p81v125c_ccs
                                                          0.196000  
U95                       INVD1BWP7T35P140
                                          tcbn28hpcplusbwp7t35p140ssg0p81v125c_ccs
                                                          0.196000  
U96                       INVD1BWP7T35P140
                                          tcbn28hpcplusbwp7t35p140ssg0p81v125c_ccs
                                                          0.196000  
U97                       INVD1BWP7T35P140
                                          tcbn28hpcplusbwp7t35p140ssg0p81v125c_ccs
                                                          0.196000  
U98                       INVD1BWP7T35P140
                                          tcbn28hpcplusbwp7t35p140ssg0p81v125c_ccs
                                                          0.196000  
U99                       INVD1BWP7T35P140
                                          tcbn28hpcplusbwp7t35p140ssg0p81v125c_ccs
                                                          0.196000  
U100                      INVD1BWP7T35P140
                                          tcbn28hpcplusbwp7t35p140ssg0p81v125c_ccs
                                                          0.196000  
U101                      INVD1BWP7T35P140
                                          tcbn28hpcplusbwp7t35p140ssg0p81v125c_ccs
                                                          0.196000  
U102                      INVD1BWP7T35P140
                                          tcbn28hpcplusbwp7t35p140ssg0p81v125c_ccs
                                                          0.196000  
U103                      INVD1BWP7T35P140
                                          tcbn28hpcplusbwp7t35p140ssg0p81v125c_ccs
                                                          0.196000  
U104                      INVD1BWP7T35P140
                                          tcbn28hpcplusbwp7t35p140ssg0p81v125c_ccs
                                                          0.196000  
U105                      INVD1BWP7T35P140
                                          tcbn28hpcplusbwp7t35p140ssg0p81v125c_ccs
                                                          0.196000  
U106                      INVD1BWP7T35P140
                                          tcbn28hpcplusbwp7t35p140ssg0p81v125c_ccs
                                                          0.196000  
U107                      INVD1BWP7T35P140
                                          tcbn28hpcplusbwp7t35p140ssg0p81v125c_ccs
                                                          0.196000  
U108                      INVD1BWP7T35P140
                                          tcbn28hpcplusbwp7t35p140ssg0p81v125c_ccs
                                                          0.196000  
U109                      INVD1BWP7T35P140
                                          tcbn28hpcplusbwp7t35p140ssg0p81v125c_ccs
                                                          0.196000  
U110                      INVD1BWP7T35P140
                                          tcbn28hpcplusbwp7t35p140ssg0p81v125c_ccs
                                                          0.196000  
U111                      INVD1BWP7T35P140
                                          tcbn28hpcplusbwp7t35p140ssg0p81v125c_ccs
                                                          0.196000  
U112                      INVD1BWP7T35P140
                                          tcbn28hpcplusbwp7t35p140ssg0p81v125c_ccs
                                                          0.196000  
U113                      INVD1BWP7T35P140
                                          tcbn28hpcplusbwp7t35p140ssg0p81v125c_ccs
                                                          0.196000  
U114                      INVD1BWP7T35P140
                                          tcbn28hpcplusbwp7t35p140ssg0p81v125c_ccs
                                                          0.196000  
U115                      INVD1BWP7T35P140
                                          tcbn28hpcplusbwp7t35p140ssg0p81v125c_ccs
                                                          0.196000  
U116                      INVD1BWP7T35P140
                                          tcbn28hpcplusbwp7t35p140ssg0p81v125c_ccs
                                                          0.196000  
U117                      INVD1BWP7T35P140
                                          tcbn28hpcplusbwp7t35p140ssg0p81v125c_ccs
                                                          0.196000  
U118                      INVD1BWP7T35P140
                                          tcbn28hpcplusbwp7t35p140ssg0p81v125c_ccs
                                                          0.196000  
U119                      INVD1BWP7T35P140
                                          tcbn28hpcplusbwp7t35p140ssg0p81v125c_ccs
                                                          0.196000  
U120                      INVD1BWP7T35P140
                                          tcbn28hpcplusbwp7t35p140ssg0p81v125c_ccs
                                                          0.196000  
U121                      INVD1BWP7T35P140
                                          tcbn28hpcplusbwp7t35p140ssg0p81v125c_ccs
                                                          0.196000  
U122                      INVD1BWP7T35P140
                                          tcbn28hpcplusbwp7t35p140ssg0p81v125c_ccs
                                                          0.196000  
U123                      INVD2BWP7T35P140
                                          tcbn28hpcplusbwp7t35p140ssg0p81v125c_ccs
                                                          0.294000  
U124                      INVD2BWP7T35P140
                                          tcbn28hpcplusbwp7t35p140ssg0p81v125c_ccs
                                                          0.294000  
U127                      DEL025D1BWP7T35P140
                                          tcbn28hpcplusbwp7t35p140ssg0p81v125c_ccs
                                                          0.294000  
calvn                     cal_vn                          387.394000
                                                                    b, h, n
cordic                    cordic_int                      349.957998
                                                                    b, h, n
dot                       dotVn                           374.850001
                                                                    b, h, n
--------------------------------------------------------------------------------
Total 128 cells                                           1136.995997
1
