 
****************************************
Report : reference
Design : cal_phase
Version: L-2016.03-SP1
Date   : Tue Oct 26 20:44:42 2021
****************************************

Attributes:
    b - black box (unknown)
   bo - allows boundary optimization
    d - dont_touch
   mo - map_only
    h - hierarchical
    n - noncombinational
    r - removable
    s - synthetic operator
    u - contains unmapped logic

Reference          Library       Unit Area   Count    Total Area   Attributes
-----------------------------------------------------------------------------
DEL025D1BWP7T35P140
                   tcbn28hpcplusbwp7t35p140ssg0p81v125c_ccs
                                  0.294000       1      0.294000  
INVD1BWP7T35P140   tcbn28hpcplusbwp7t35p140ssg0p81v125c_ccs
                                  0.196000     122     23.911999  
INVD2BWP7T35P140   tcbn28hpcplusbwp7t35p140ssg0p81v125c_ccs
                                  0.294000       2      0.588000  
cal_vn                          387.394000       1    387.394000  b, h, n
cordic_int                      349.957998       1    349.957998  b, h, n
dotVn                           374.850001       1    374.850001  b, h, n
-----------------------------------------------------------------------------
Total 6 references                                   1136.995997
1
