 
****************************************
Report : power
        -analysis_effort low
        -verbose
Design : cal_phase
Version: L-2016.03-SP1
Date   : Sun Nov 28 20:50:32 2021
****************************************


Library(s) Used:

    gtech (File: /usr/synopsys/dc-L-2016.03-SP1/libraries/syn/gtech.db)


Operating Conditions: nom_pvt   Library: gtech
Wire Load Model Mode: top


Global Operating Voltage = 5    
Power-specific unit information :
    Voltage Units = 1V
    Capacitance Units = 0.100000ff
    Time Units = 1ns
    Dynamic Power Units = 100nW    (derived from V,C,T units)
    Leakage Power Units = Unitless


  Cell Internal Power  =   0.0000 nW        
  Net Switching Power  =   0.0000 nW        
                         ---------
Total Dynamic Power    =   0.0000 nW        

Cell Leakage Power     =   0.0000 

Error: Either dynamic power or leakage power, in the library, is unitless. Unable to display complete power group summary. (PWR-799)
Information: report_power power group summary does not include estimated clock tree power. (PWR-789)
                 Internal         Switching           Leakage            Total                         Cell
Power Group      Power            Power               Power              Power   (   %    )  Attrs  Count
---------------------------------------------------------------------------------------------------------
io_pad             0.0000            0.0000            0.0000               NA   (     N/A)             0
memory             0.0000            0.0000            0.0000               NA   (     N/A)            0
black_box          0.0000            0.0000            0.0000               NA   (     N/A)            0
clock_network      0.0000            0.0000            0.0000               NA   (     N/A)           0
register           0.0000            0.0000            0.0000               NA   (     N/A)            0
sequential         0.0000            0.0000            0.0000               NA   (     N/A)            207
combinational      0.0000            0.0000            0.0000               NA   (     N/A)            2124
---------------------------------------------------------------------------------------------------------
Total              0.0000 nW         0.0000 nW         0.0000               NA        
1
