Error: Could not read the following target libraries:
your_library.db 
 (UIO-3)
 
****************************************
Report : clock_gating
        -gated
        -verbose
Design : cal_phase
Version: L-2016.03-SP1
Date   : Sun Nov 28 20:50:32 2021
****************************************


 Information:  No Gated Register Found


                             Clock Gating Summary
          ------------------------------------------------------------
          |    Number of Clock gating elements    |        0         |
          |                                       |                  |
          |    Number of Gated registers          |     0 (0.00%)    |
          |                                       |                  |
          |    Number of Ungated registers        |   207 (100.00%)  |
          |                                       |                  |
          |    Total number of registers          |      207         |
          ------------------------------------------------------------



1
